<<<<<<< HEAD
[ 2015-04-15T23:47:38+08:00 ] ::1 /banar/index.php/transportDemand/addTransportDemand
INFO: [ app_init ] --START--
INFO: Run Behavior\BuildLiteBehavior [ RunTime:0.000041s ]
INFO: [ app_init ] --END-- [ RunTime:0.001453s ]
ERR: 无法加载模块:TransportDemand

[ 2015-04-15T23:47:53+08:00 ] ::1 /banar/index.php/transportDemand/addTransportDemand
INFO: [ app_init ] --START--
INFO: Run Behavior\BuildLiteBehavior [ RunTime:0.000036s ]
INFO: [ app_init ] --END-- [ RunTime:0.000542s ]
ERR: 无法加载模块:TransportDemand

[ 2015-04-15T23:50:14+08:00 ] ::1 /banar/index.php/transportDemand/addTransportDemand
INFO: [ app_init ] --START--
INFO: Run Behavior\BuildLiteBehavior [ RunTime:0.000035s ]
INFO: [ app_init ] --END-- [ RunTime:0.000566s ]
ERR: 无法加载模块:TransportDemand
=======
[ 2015-04-15T16:11:57+08:00 ] 127.0.0.1 /banar/Application/Api/cate/getAllCates
INFO: [ app_init ] --START--
INFO: Run Behavior\BuildLiteBehavior [ RunTime:0.000053s ]
INFO: [ app_init ] --END-- [ RunTime:0.000750s ]
ERR: 无法加载模块:Application

[ 2015-04-15T16:12:01+08:00 ] 127.0.0.1 /banar/Application/Api/cate/getAllCates
INFO: [ app_init ] --START--
INFO: Run Behavior\BuildLiteBehavior [ RunTime:0.000043s ]
INFO: [ app_init ] --END-- [ RunTime:0.000642s ]
ERR: 无法加载模块:Application
>>>>>>> fcf8475cb9567e28ea9da61c9e7044575c2c737e

