[ 2015-04-28T14:05:17+08:00 ] ::1 /banar/index.php/Api/transportDemand/addTransportDemand
INFO: [ app_init ] --START--
INFO: Run Behavior\BuildLiteBehavior [ RunTime:0.000063s ]
INFO: [ app_init ] --END-- [ RunTime:0.003420s ]
INFO: [ app_begin ] --START--
INFO: Run Behavior\ReadHtmlCacheBehavior [ RunTime:0.001631s ]
INFO: [ app_begin ] --END-- [ RunTime:0.001949s ]
SQL: SHOW COLUMNS FROM `lb_tokens` [ RunTime:0.0013s ]
SQL: SELECT `userType`,`user_id`,`updated_at` FROM `lb_tokens` WHERE `token` = 'QQ3k87WhAoiw8dlqbNtudoae1T2c4wEC'  [ RunTime:0.0003s ]
SQL: DELETE FROM `lb_tokens` WHERE `token` = 'QQ3k87WhAoiw8dlqbNtudoae1T2c4wEC' [ RunTime:0.0007s ]

[ 2015-04-28T14:05:43+08:00 ] ::1 /banar/index.php/Api/transportDemand/addTransportDemand
INFO: [ app_init ] --START--
INFO: Run Behavior\BuildLiteBehavior [ RunTime:0.000044s ]
INFO: [ app_init ] --END-- [ RunTime:0.000650s ]
INFO: [ app_begin ] --START--
INFO: Run Behavior\ReadHtmlCacheBehavior [ RunTime:0.000711s ]
INFO: [ app_begin ] --END-- [ RunTime:0.000891s ]
SQL: SHOW COLUMNS FROM `lb_tokens` [ RunTime:0.0014s ]
SQL: SELECT `userType`,`user_id`,`updated_at` FROM `lb_tokens` WHERE `token` = 'Sv8PICkdrYI8FgCQeclYJalhKscqSce0'  [ RunTime:0.0003s ]
SQL: SELECT `user_id` FROM `lb_tokens` WHERE `token` = 'Sv8PICkdrYI8FgCQeclYJalhKscqSce0'  [ RunTime:0.0002s ]
SQL: SHOW COLUMNS FROM `lb_merchants` [ RunTime:0.0016s ]
SQL: SELECT `id` FROM `lb_merchants` WHERE `user_id` = 3 LIMIT 1   [ RunTime:0.0004s ]
SQL: SHOW COLUMNS FROM `lb_transport_demands` [ RunTime:0.0022s ]
ERR: SQLSTATE[23000]: Integrity constraint violation: 1048 Column 'merchant_id' cannot be null

[ 2015-04-28T14:06:33+08:00 ] ::1 /banar/index.php/Api/transportDemand/addTransportDemand
INFO: [ app_init ] --START--
INFO: Run Behavior\BuildLiteBehavior [ RunTime:0.000047s ]
INFO: [ app_init ] --END-- [ RunTime:0.000732s ]
INFO: [ app_begin ] --START--
INFO: Run Behavior\ReadHtmlCacheBehavior [ RunTime:0.000702s ]
INFO: [ app_begin ] --END-- [ RunTime:0.000923s ]
SQL: SHOW COLUMNS FROM `lb_tokens` [ RunTime:0.0014s ]
SQL: SELECT `userType`,`user_id`,`updated_at` FROM `lb_tokens` WHERE `token` = '1KmmNXGxgj5wT9nUhIt2jtNkK5JQKvvm'  [ RunTime:0.0003s ]
SQL: SELECT `user_id` FROM `lb_tokens` WHERE `token` = '1KmmNXGxgj5wT9nUhIt2jtNkK5JQKvvm'  [ RunTime:0.0003s ]
SQL: SHOW COLUMNS FROM `lb_merchants` [ RunTime:0.0014s ]
SQL: SELECT `id` FROM `lb_merchants` WHERE `user_id` = 1 LIMIT 1   [ RunTime:0.0003s ]
SQL: SHOW COLUMNS FROM `lb_transport_demands` [ RunTime:0.0018s ]
SQL: INSERT INTO `lb_transport_demands` (`cate_id`,`driver_id`,`ispoint`,`merchant_id`,`created_at`,`updated_at`,`status`) VALUES ('1','3','1','1','2015-04-28 14:06:33','2015-04-28 14:06:33','未确认') [ RunTime:0.0008s ]
SQL: SHOW COLUMNS FROM `lb_drivers` [ RunTime:0.0010s ]
SQL: SELECT `user_id` FROM `lb_drivers` WHERE `id` = 3 LIMIT 1   [ RunTime:0.0002s ]
SQL: SHOW COLUMNS FROM `lb_j_push_users` [ RunTime:0.0009s ]
SQL: SELECT `registrationID` FROM `lb_j_push_users` WHERE `user_id` = 4 LIMIT 1   [ RunTime:0.0002s ]
SQL: SHOW COLUMNS FROM `lb_users` [ RunTime:0.0013s ]
SQL: SELECT `mobile`,`avatar`,`name` FROM `lb_users` WHERE `id` = 1  [ RunTime:0.0003s ]
NOTIC: [8] Undefined index: mobile /Applications/MAMP/htdocs/banar/Application/Api/Controller/MerchantController.class.php 第 224 行.
NOTIC: [8] Undefined index: avatar /Applications/MAMP/htdocs/banar/Application/Api/Controller/MerchantController.class.php 第 225 行.
NOTIC: [8] Undefined index: name /Applications/MAMP/htdocs/banar/Application/Api/Controller/MerchantController.class.php 第 226 行.

[ 2015-04-28T14:08:17+08:00 ] ::1 /banar/index.php/Api/transportDemand/addTransportDemand
INFO: [ app_init ] --START--
INFO: Run Behavior\BuildLiteBehavior [ RunTime:0.000049s ]
INFO: [ app_init ] --END-- [ RunTime:0.000994s ]
INFO: [ app_begin ] --START--
INFO: Run Behavior\ReadHtmlCacheBehavior [ RunTime:0.000802s ]
INFO: [ app_begin ] --END-- [ RunTime:0.001053s ]
SQL: SHOW COLUMNS FROM `lb_tokens` [ RunTime:0.0019s ]
SQL: SELECT `userType`,`user_id`,`updated_at` FROM `lb_tokens` WHERE `token` = '1KmmNXGxgj5wT9nUhIt2jtNkK5JQKvvm'  [ RunTime:0.0004s ]
SQL: SELECT `user_id` FROM `lb_tokens` WHERE `token` = '1KmmNXGxgj5wT9nUhIt2jtNkK5JQKvvm'  [ RunTime:0.0003s ]
SQL: SHOW COLUMNS FROM `lb_merchants` [ RunTime:0.0011s ]
SQL: SELECT `id` FROM `lb_merchants` WHERE `user_id` = 1 LIMIT 1   [ RunTime:0.0003s ]
SQL: SHOW COLUMNS FROM `lb_transport_demands` [ RunTime:0.0014s ]
SQL: INSERT INTO `lb_transport_demands` (`cate_id`,`driver_id`,`ispoint`,`merchant_id`,`created_at`,`updated_at`,`status`) VALUES ('1','3','1','1','2015-04-28 14:08:17','2015-04-28 14:08:17','未确认') [ RunTime:0.0007s ]
SQL: SHOW COLUMNS FROM `lb_drivers` [ RunTime:0.0011s ]
SQL: SELECT `user_id` FROM `lb_drivers` WHERE `id` = 3 LIMIT 1   [ RunTime:0.0002s ]
SQL: SHOW COLUMNS FROM `lb_j_push_users` [ RunTime:0.0011s ]
SQL: SELECT `registrationID` FROM `lb_j_push_users` WHERE `user_id` = 4 LIMIT 1   [ RunTime:0.0002s ]
SQL: SHOW COLUMNS FROM `lb_users` [ RunTime:0.0013s ]
SQL: SELECT `mobile`,`avatar`,`name` FROM `lb_users` WHERE `id` = 1  [ RunTime:0.0003s ]
NOTIC: [8] Undefined index: mobile /Applications/MAMP/htdocs/banar/Application/Api/Controller/MerchantController.class.php 第 224 行.
NOTIC: [8] Undefined index: avatar /Applications/MAMP/htdocs/banar/Application/Api/Controller/MerchantController.class.php 第 225 行.
NOTIC: [8] Undefined index: name /Applications/MAMP/htdocs/banar/Application/Api/Controller/MerchantController.class.php 第 226 行.
NOTIC: [2] Cannot modify header information - headers already sent by (output started at /Applications/MAMP/htdocs/banar/Application/Api/Controller/MerchantController.class.php:220) /Applications/MAMP/htdocs/banar/ThinkPHP/Library/Think/Controller/RestController.class.php 第 177 行.
NOTIC: [2] Cannot modify header information - headers already sent by (output started at /Applications/MAMP/htdocs/banar/Application/Api/Controller/MerchantController.class.php:220) /Applications/MAMP/htdocs/banar/ThinkPHP/Library/Think/Controller/RestController.class.php 第 179 行.

[ 2015-04-28T14:09:06+08:00 ] ::1 /banar/index.php/Api/transportDemand/addTransportDemand
INFO: [ app_init ] --START--
INFO: Run Behavior\BuildLiteBehavior [ RunTime:0.000046s ]
INFO: [ app_init ] --END-- [ RunTime:0.000713s ]
INFO: [ app_begin ] --START--
INFO: Run Behavior\ReadHtmlCacheBehavior [ RunTime:0.000765s ]
INFO: [ app_begin ] --END-- [ RunTime:0.001017s ]
SQL: SHOW COLUMNS FROM `lb_tokens` [ RunTime:0.0016s ]
SQL: SELECT `userType`,`user_id`,`updated_at` FROM `lb_tokens` WHERE `token` = '1KmmNXGxgj5wT9nUhIt2jtNkK5JQKvvm'  [ RunTime:0.0006s ]
SQL: SELECT `user_id` FROM `lb_tokens` WHERE `token` = '1KmmNXGxgj5wT9nUhIt2jtNkK5JQKvvm'  [ RunTime:0.0003s ]
SQL: SHOW COLUMNS FROM `lb_merchants` [ RunTime:0.0012s ]
SQL: SELECT `id` FROM `lb_merchants` WHERE `user_id` = 1 LIMIT 1   [ RunTime:0.0003s ]
SQL: SHOW COLUMNS FROM `lb_transport_demands` [ RunTime:0.0011s ]
SQL: INSERT INTO `lb_transport_demands` (`cate_id`,`driver_id`,`ispoint`,`merchant_id`,`created_at`,`updated_at`,`status`) VALUES ('1','3','1','1','2015-04-28 14:09:06','2015-04-28 14:09:06','未确认') [ RunTime:0.0006s ]
SQL: SHOW COLUMNS FROM `lb_drivers` [ RunTime:0.0009s ]
SQL: SELECT `user_id` FROM `lb_drivers` WHERE `id` = 3 LIMIT 1   [ RunTime:0.0002s ]
SQL: SHOW COLUMNS FROM `lb_j_push_users` [ RunTime:0.0009s ]
SQL: SELECT `registrationID` FROM `lb_j_push_users` WHERE `user_id` = 4 LIMIT 1   [ RunTime:0.0002s ]
SQL: SHOW COLUMNS FROM `lb_users` [ RunTime:0.0014s ]
SQL: SELECT `mobile`,`avatar`,`name` FROM `lb_users` WHERE `id` = 1  [ RunTime:0.0003s ]
NOTIC: [8] Undefined index: mobile /Applications/MAMP/htdocs/banar/Application/Api/Controller/MerchantController.class.php 第 224 行.
NOTIC: [8] Undefined index: avatar /Applications/MAMP/htdocs/banar/Application/Api/Controller/MerchantController.class.php 第 225 行.
NOTIC: [8] Undefined index: name /Applications/MAMP/htdocs/banar/Application/Api/Controller/MerchantController.class.php 第 226 行.

[ 2015-04-28T14:54:15+08:00 ] ::1 /banar/index.php/Api/transportDemand/addTransportDemandAuto
INFO: [ app_init ] --START--
INFO: Run Behavior\BuildLiteBehavior [ RunTime:0.000084s ]
INFO: [ app_init ] --END-- [ RunTime:0.001508s ]
INFO: [ app_begin ] --START--
INFO: Run Behavior\ReadHtmlCacheBehavior [ RunTime:0.000901s ]
INFO: [ app_begin ] --END-- [ RunTime:0.001130s ]
SQL: SHOW COLUMNS FROM `lb_tokens` [ RunTime:0.0021s ]
SQL: SELECT `userType`,`user_id`,`updated_at` FROM `lb_tokens` WHERE `token` = '23f80bf84594bb7b82ef30e1bcf45973'  [ RunTime:0.0005s ]
NOTIC: [8] Undefined offset: 0 /Applications/MAMP/htdocs/banar/Application/Api/Controller/MerchantController.class.php 第 404 行.

[ 2015-04-28T14:54:59+08:00 ] ::1 /banar/index.php/Api/transportDemand/addTransportDemandAuto
INFO: [ app_init ] --START--
INFO: Run Behavior\BuildLiteBehavior [ RunTime:0.000043s ]
INFO: [ app_init ] --END-- [ RunTime:0.000682s ]
INFO: [ app_begin ] --START--
INFO: Run Behavior\ReadHtmlCacheBehavior [ RunTime:0.000945s ]
INFO: [ app_begin ] --END-- [ RunTime:0.001198s ]
SQL: SHOW COLUMNS FROM `lb_tokens` [ RunTime:0.0015s ]
SQL: SELECT `userType`,`user_id`,`updated_at` FROM `lb_tokens` WHERE `token` = '1KmmNXGxgj5wT9nUhIt2jtNkK5JQKvvm'  [ RunTime:0.0006s ]
SQL: SELECT `user_id` FROM `lb_tokens` WHERE `token` = '1KmmNXGxgj5wT9nUhIt2jtNkK5JQKvvm'  [ RunTime:0.0003s ]
SQL: SHOW COLUMNS FROM `lb_merchants` [ RunTime:0.0010s ]
SQL: SELECT `id` FROM `lb_merchants` WHERE `user_id` = 1 LIMIT 1   [ RunTime:0.0003s ]
SQL: SHOW COLUMNS FROM `lb_drivers` [ RunTime:0.0010s ]
SQL: SELECT * FROM `lb_drivers` INNER JOIN lb_trucks on lb_drivers.user_id = lb_trucks.driver_id  WHERE ( lb_drivers.isFree = 1 AND lb_trucks.cate_id = 1 )  [ RunTime:0.0004s ]
SQL: SHOW COLUMNS FROM `lb_transport_demands` [ RunTime:0.0010s ]
SQL: INSERT INTO `lb_transport_demands` (`cate_id`,`driver_id`,`ispoint`,`merchant_id`,`status`,`created_at`,`updated_at`) VALUES ('1','6','0','1','未确认','2015-04-28 14:54:59','2015-04-28 14:54:59') [ RunTime:0.0007s ]
SQL: SHOW COLUMNS FROM `lb_users` [ RunTime:0.0011s ]
SQL: SELECT `mobile`,`avatar`,`name` FROM `lb_users` WHERE `id` = 1  [ RunTime:0.0002s ]
NOTIC: [8] Undefined index: mobile /Applications/MAMP/htdocs/banar/Application/Api/Controller/MerchantController.class.php 第 311 行.
NOTIC: [8] Undefined index: avatar /Applications/MAMP/htdocs/banar/Application/Api/Controller/MerchantController.class.php 第 312 行.
NOTIC: [8] Undefined index: name /Applications/MAMP/htdocs/banar/Application/Api/Controller/MerchantController.class.php 第 313 行.
SQL: SHOW COLUMNS FROM `lb_j_push_users` [ RunTime:0.0009s ]
SQL: SELECT `registrationID` FROM `lb_j_push_users` WHERE `user_id` = 6 LIMIT 1   [ RunTime:0.0002s ]
ERR: Invalid registration_id[0], registration_id[0] must be a string

[ 2015-04-28T14:55:47+08:00 ] ::1 /banar/index.php/Api/transportDemand/addTransportDemandAuto
INFO: [ app_init ] --START--
INFO: Run Behavior\BuildLiteBehavior [ RunTime:0.000045s ]
INFO: [ app_init ] --END-- [ RunTime:0.000740s ]
INFO: [ app_begin ] --START--
INFO: Run Behavior\ReadHtmlCacheBehavior [ RunTime:0.000838s ]
INFO: [ app_begin ] --END-- [ RunTime:0.001031s ]
SQL: SHOW COLUMNS FROM `lb_tokens` [ RunTime:0.0013s ]
SQL: SELECT `userType`,`user_id`,`updated_at` FROM `lb_tokens` WHERE `token` = '1KmmNXGxgj5wT9nUhIt2jtNkK5JQKvvm'  [ RunTime:0.0004s ]
SQL: SELECT `user_id` FROM `lb_tokens` WHERE `token` = '1KmmNXGxgj5wT9nUhIt2jtNkK5JQKvvm'  [ RunTime:0.0003s ]
SQL: SHOW COLUMNS FROM `lb_merchants` [ RunTime:0.0014s ]
SQL: SELECT `id` FROM `lb_merchants` WHERE `user_id` = 1 LIMIT 1   [ RunTime:0.0003s ]
SQL: SHOW COLUMNS FROM `lb_drivers` [ RunTime:0.0014s ]
SQL: SELECT * FROM `lb_drivers` INNER JOIN lb_trucks on lb_drivers.user_id = lb_trucks.driver_id  WHERE ( lb_drivers.isFree = 1 AND lb_trucks.cate_id = 1 )  [ RunTime:0.0005s ]
SQL: SHOW COLUMNS FROM `lb_transport_demands` [ RunTime:0.0011s ]
SQL: INSERT INTO `lb_transport_demands` (`cate_id`,`driver_id`,`ispoint`,`merchant_id`,`status`,`created_at`,`updated_at`) VALUES ('1','4','0','1','未确认','2015-04-28 14:55:47','2015-04-28 14:55:47') [ RunTime:0.0006s ]
SQL: SHOW COLUMNS FROM `lb_users` [ RunTime:0.0015s ]
SQL: SELECT `mobile`,`avatar`,`name` FROM `lb_users` WHERE `id` = 1  [ RunTime:0.0003s ]
NOTIC: [8] Undefined index: mobile /Applications/MAMP/htdocs/banar/Application/Api/Controller/MerchantController.class.php 第 311 行.
NOTIC: [8] Undefined index: avatar /Applications/MAMP/htdocs/banar/Application/Api/Controller/MerchantController.class.php 第 312 行.
NOTIC: [8] Undefined index: name /Applications/MAMP/htdocs/banar/Application/Api/Controller/MerchantController.class.php 第 313 行.
SQL: SHOW COLUMNS FROM `lb_j_push_users` [ RunTime:0.0011s ]
SQL: SELECT `registrationID` FROM `lb_j_push_users` WHERE `user_id` = 4 LIMIT 1   [ RunTime:0.0003s ]

[ 2015-04-28T14:55:58+08:00 ] ::1 /banar/index.php/Api/transportDemand/addTransportDemandAuto
INFO: [ app_init ] --START--
INFO: Run Behavior\BuildLiteBehavior [ RunTime:0.000049s ]
INFO: [ app_init ] --END-- [ RunTime:0.000893s ]
INFO: [ app_begin ] --START--
INFO: Run Behavior\ReadHtmlCacheBehavior [ RunTime:0.001182s ]
INFO: [ app_begin ] --END-- [ RunTime:0.001515s ]
SQL: SHOW COLUMNS FROM `lb_tokens` [ RunTime:0.0015s ]
SQL: SELECT `userType`,`user_id`,`updated_at` FROM `lb_tokens` WHERE `token` = '1KmmNXGxgj5wT9nUhIt2jtNkK5JQKvvm'  [ RunTime:0.0003s ]
SQL: SELECT `user_id` FROM `lb_tokens` WHERE `token` = '1KmmNXGxgj5wT9nUhIt2jtNkK5JQKvvm'  [ RunTime:0.0003s ]
SQL: SHOW COLUMNS FROM `lb_merchants` [ RunTime:0.0010s ]
SQL: SELECT `id` FROM `lb_merchants` WHERE `user_id` = 1 LIMIT 1   [ RunTime:0.0002s ]
SQL: SHOW COLUMNS FROM `lb_drivers` [ RunTime:0.0010s ]
SQL: SELECT * FROM `lb_drivers` INNER JOIN lb_trucks on lb_drivers.user_id = lb_trucks.driver_id  WHERE ( lb_drivers.isFree = 1 AND lb_trucks.cate_id = 1 )  [ RunTime:0.0004s ]
SQL: SHOW COLUMNS FROM `lb_transport_demands` [ RunTime:0.0012s ]
SQL: INSERT INTO `lb_transport_demands` (`cate_id`,`driver_id`,`ispoint`,`merchant_id`,`status`,`created_at`,`updated_at`) VALUES ('1','7','0','1','未确认','2015-04-28 14:55:58','2015-04-28 14:55:58') [ RunTime:0.0006s ]
SQL: SHOW COLUMNS FROM `lb_users` [ RunTime:0.0012s ]
SQL: SELECT `mobile`,`avatar`,`name` FROM `lb_users` WHERE `id` = 1  [ RunTime:0.0003s ]
NOTIC: [8] Undefined index: mobile /Applications/MAMP/htdocs/banar/Application/Api/Controller/MerchantController.class.php 第 311 行.
NOTIC: [8] Undefined index: avatar /Applications/MAMP/htdocs/banar/Application/Api/Controller/MerchantController.class.php 第 312 行.
NOTIC: [8] Undefined index: name /Applications/MAMP/htdocs/banar/Application/Api/Controller/MerchantController.class.php 第 313 行.
SQL: SHOW COLUMNS FROM `lb_j_push_users` [ RunTime:0.0017s ]
SQL: SELECT `registrationID` FROM `lb_j_push_users` WHERE `user_id` = 7 LIMIT 1   [ RunTime:0.0003s ]

[ 2015-04-28T14:56:05+08:00 ] ::1 /banar/index.php/Api/transportDemand/addTransportDemandAuto
INFO: [ app_init ] --START--
INFO: Run Behavior\BuildLiteBehavior [ RunTime:0.000070s ]
INFO: [ app_init ] --END-- [ RunTime:0.001228s ]
INFO: [ app_begin ] --START--
INFO: Run Behavior\ReadHtmlCacheBehavior [ RunTime:0.001215s ]
INFO: [ app_begin ] --END-- [ RunTime:0.001541s ]
SQL: SHOW COLUMNS FROM `lb_tokens` [ RunTime:0.0011s ]
SQL: SELECT `userType`,`user_id`,`updated_at` FROM `lb_tokens` WHERE `token` = '1KmmNXGxgj5wT9nUhIt2jtNkK5JQKvvm'  [ RunTime:0.0003s ]
SQL: SELECT `user_id` FROM `lb_tokens` WHERE `token` = '1KmmNXGxgj5wT9nUhIt2jtNkK5JQKvvm'  [ RunTime:0.0002s ]
SQL: SHOW COLUMNS FROM `lb_merchants` [ RunTime:0.0011s ]
SQL: SELECT `id` FROM `lb_merchants` WHERE `user_id` = 1 LIMIT 1   [ RunTime:0.0002s ]
SQL: SHOW COLUMNS FROM `lb_drivers` [ RunTime:0.0010s ]
SQL: SELECT * FROM `lb_drivers` INNER JOIN lb_trucks on lb_drivers.user_id = lb_trucks.driver_id  WHERE ( lb_drivers.isFree = 1 AND lb_trucks.cate_id = 1 )  [ RunTime:0.0004s ]
SQL: SHOW COLUMNS FROM `lb_transport_demands` [ RunTime:0.0012s ]
SQL: INSERT INTO `lb_transport_demands` (`cate_id`,`driver_id`,`ispoint`,`merchant_id`,`status`,`created_at`,`updated_at`) VALUES ('1','3','0','1','未确认','2015-04-28 14:56:05','2015-04-28 14:56:05') [ RunTime:0.0009s ]
SQL: SHOW COLUMNS FROM `lb_users` [ RunTime:0.0011s ]
SQL: SELECT `mobile`,`avatar`,`name` FROM `lb_users` WHERE `id` = 1  [ RunTime:0.0002s ]
NOTIC: [8] Undefined index: mobile /Applications/MAMP/htdocs/banar/Application/Api/Controller/MerchantController.class.php 第 311 行.
NOTIC: [8] Undefined index: avatar /Applications/MAMP/htdocs/banar/Application/Api/Controller/MerchantController.class.php 第 312 行.
NOTIC: [8] Undefined index: name /Applications/MAMP/htdocs/banar/Application/Api/Controller/MerchantController.class.php 第 313 行.
SQL: SHOW COLUMNS FROM `lb_j_push_users` [ RunTime:0.0010s ]
SQL: SELECT `registrationID` FROM `lb_j_push_users` WHERE `user_id` = 3 LIMIT 1   [ RunTime:0.0002s ]
NOTIC: [2] Cannot modify header information - headers already sent by (output started at /Applications/MAMP/htdocs/banar/Application/Api/Controller/MerchantController.class.php:316) /Applications/MAMP/htdocs/banar/ThinkPHP/Library/Think/Controller/RestController.class.php 第 177 行.
NOTIC: [2] Cannot modify header information - headers already sent by (output started at /Applications/MAMP/htdocs/banar/Application/Api/Controller/MerchantController.class.php:316) /Applications/MAMP/htdocs/banar/ThinkPHP/Library/Think/Controller/RestController.class.php 第 179 行.

[ 2015-04-28T14:56:09+08:00 ] ::1 /banar/index.php/Api/transportDemand/addTransportDemandAuto
INFO: [ app_init ] --START--
INFO: Run Behavior\BuildLiteBehavior [ RunTime:0.000040s ]
INFO: [ app_init ] --END-- [ RunTime:0.000624s ]
INFO: [ app_begin ] --START--
INFO: Run Behavior\ReadHtmlCacheBehavior [ RunTime:0.000643s ]
INFO: [ app_begin ] --END-- [ RunTime:0.000812s ]
SQL: SHOW COLUMNS FROM `lb_tokens` [ RunTime:0.0014s ]
SQL: SELECT `userType`,`user_id`,`updated_at` FROM `lb_tokens` WHERE `token` = '1KmmNXGxgj5wT9nUhIt2jtNkK5JQKvvm'  [ RunTime:0.0003s ]
SQL: SELECT `user_id` FROM `lb_tokens` WHERE `token` = '1KmmNXGxgj5wT9nUhIt2jtNkK5JQKvvm'  [ RunTime:0.0002s ]
SQL: SHOW COLUMNS FROM `lb_merchants` [ RunTime:0.0013s ]
SQL: SELECT `id` FROM `lb_merchants` WHERE `user_id` = 1 LIMIT 1   [ RunTime:0.0003s ]
SQL: SHOW COLUMNS FROM `lb_drivers` [ RunTime:0.0014s ]
SQL: SELECT * FROM `lb_drivers` INNER JOIN lb_trucks on lb_drivers.user_id = lb_trucks.driver_id  WHERE ( lb_drivers.isFree = 1 AND lb_trucks.cate_id = 1 )  [ RunTime:0.0005s ]
SQL: SHOW COLUMNS FROM `lb_transport_demands` [ RunTime:0.0014s ]
SQL: INSERT INTO `lb_transport_demands` (`cate_id`,`driver_id`,`ispoint`,`merchant_id`,`status`,`created_at`,`updated_at`) VALUES ('1','4','0','1','未确认','2015-04-28 14:56:09','2015-04-28 14:56:09') [ RunTime:0.0005s ]
SQL: SHOW COLUMNS FROM `lb_users` [ RunTime:0.0013s ]
SQL: SELECT `mobile`,`avatar`,`name` FROM `lb_users` WHERE `id` = 1  [ RunTime:0.0003s ]
NOTIC: [8] Undefined index: mobile /Applications/MAMP/htdocs/banar/Application/Api/Controller/MerchantController.class.php 第 311 行.
NOTIC: [8] Undefined index: avatar /Applications/MAMP/htdocs/banar/Application/Api/Controller/MerchantController.class.php 第 312 行.
NOTIC: [8] Undefined index: name /Applications/MAMP/htdocs/banar/Application/Api/Controller/MerchantController.class.php 第 313 行.
SQL: SHOW COLUMNS FROM `lb_j_push_users` [ RunTime:0.0014s ]
SQL: SELECT `registrationID` FROM `lb_j_push_users` WHERE `user_id` = 4 LIMIT 1   [ RunTime:0.0002s ]
NOTIC: [2] Cannot modify header information - headers already sent by (output started at /Applications/MAMP/htdocs/banar/Application/Api/Controller/MerchantController.class.php:316) /Applications/MAMP/htdocs/banar/ThinkPHP/Library/Think/Controller/RestController.class.php 第 177 行.
NOTIC: [2] Cannot modify header information - headers already sent by (output started at /Applications/MAMP/htdocs/banar/Application/Api/Controller/MerchantController.class.php:316) /Applications/MAMP/htdocs/banar/ThinkPHP/Library/Think/Controller/RestController.class.php 第 179 行.

[ 2015-04-28T14:56:41+08:00 ] ::1 /banar/index.php/Api/transportDemand/addTransportDemandAuto
INFO: [ app_init ] --START--
INFO: Run Behavior\BuildLiteBehavior [ RunTime:0.000044s ]
INFO: [ app_init ] --END-- [ RunTime:0.000708s ]
INFO: [ app_begin ] --START--
INFO: Run Behavior\ReadHtmlCacheBehavior [ RunTime:0.001028s ]
INFO: [ app_begin ] --END-- [ RunTime:0.001309s ]
SQL: SHOW COLUMNS FROM `lb_tokens` [ RunTime:0.0017s ]
SQL: SELECT `userType`,`user_id`,`updated_at` FROM `lb_tokens` WHERE `token` = '1KmmNXGxgj5wT9nUhIt2jtNkK5JQKvvm'  [ RunTime:0.0004s ]
SQL: SELECT `user_id` FROM `lb_tokens` WHERE `token` = '1KmmNXGxgj5wT9nUhIt2jtNkK5JQKvvm'  [ RunTime:0.0004s ]
SQL: SHOW COLUMNS FROM `lb_merchants` [ RunTime:0.0012s ]
SQL: SELECT `id` FROM `lb_merchants` WHERE `user_id` = 1 LIMIT 1   [ RunTime:0.0002s ]
SQL: SHOW COLUMNS FROM `lb_drivers` [ RunTime:0.0011s ]
SQL: SELECT * FROM `lb_drivers` INNER JOIN lb_trucks on lb_drivers.user_id = lb_trucks.driver_id  WHERE ( lb_drivers.isFree = 1 AND lb_trucks.cate_id = 1 )  [ RunTime:0.0003s ]
SQL: SHOW COLUMNS FROM `lb_transport_demands` [ RunTime:0.0012s ]
SQL: INSERT INTO `lb_transport_demands` (`cate_id`,`driver_id`,`ispoint`,`merchant_id`,`status`,`created_at`,`updated_at`) VALUES ('1','3','0','1','未确认','2015-04-28 14:56:41','2015-04-28 14:56:41') [ RunTime:0.0007s ]
SQL: SHOW COLUMNS FROM `lb_users` [ RunTime:0.0012s ]
SQL: SELECT `mobile`,`avatar`,`name` FROM `lb_users` WHERE `id` = 1  [ RunTime:0.0002s ]
NOTIC: [8] Undefined index: mobile /Applications/MAMP/htdocs/banar/Application/Api/Controller/MerchantController.class.php 第 311 行.
NOTIC: [8] Undefined index: avatar /Applications/MAMP/htdocs/banar/Application/Api/Controller/MerchantController.class.php 第 312 行.
NOTIC: [8] Undefined index: name /Applications/MAMP/htdocs/banar/Application/Api/Controller/MerchantController.class.php 第 313 行.
SQL: SHOW COLUMNS FROM `lb_j_push_users` [ RunTime:0.0010s ]
SQL: SELECT `registrationID` FROM `lb_j_push_users` WHERE `user_id` = 3 LIMIT 1   [ RunTime:0.0002s ]

[ 2015-04-28T14:57:40+08:00 ] ::1 /banar/index.php/Api/transportDemand/addTransportDemandAuto
INFO: [ app_init ] --START--
INFO: Run Behavior\BuildLiteBehavior [ RunTime:0.000037s ]
INFO: [ app_init ] --END-- [ RunTime:0.000558s ]
INFO: [ app_begin ] --START--
INFO: Run Behavior\ReadHtmlCacheBehavior [ RunTime:0.000921s ]
INFO: [ app_begin ] --END-- [ RunTime:0.001114s ]
SQL: SHOW COLUMNS FROM `lb_tokens` [ RunTime:0.0028s ]
SQL: SELECT `userType`,`user_id`,`updated_at` FROM `lb_tokens` WHERE `token` = '1KmmNXGxgj5wT9nUhIt2jtNkK5JQKvvm'  [ RunTime:0.0007s ]
SQL: SELECT `user_id` FROM `lb_tokens` WHERE `token` = '1KmmNXGxgj5wT9nUhIt2jtNkK5JQKvvm'  [ RunTime:0.0004s ]
SQL: SHOW COLUMNS FROM `lb_merchants` [ RunTime:0.0011s ]
SQL: SELECT `id` FROM `lb_merchants` WHERE `user_id` = 1 LIMIT 1   [ RunTime:0.0002s ]
SQL: SHOW COLUMNS FROM `lb_drivers` [ RunTime:0.0018s ]
SQL: SELECT * FROM `lb_drivers` INNER JOIN lb_trucks on lb_drivers.user_id = lb_trucks.driver_id  WHERE ( lb_drivers.isFree = 1 AND lb_trucks.cate_id = 1 )  [ RunTime:0.0006s ]
SQL: SHOW COLUMNS FROM `lb_transport_demands` [ RunTime:0.0014s ]
SQL: INSERT INTO `lb_transport_demands` (`cate_id`,`driver_id`,`ispoint`,`merchant_id`,`status`,`created_at`,`updated_at`) VALUES ('1','6','0','1','未确认','2015-04-28 14:57:40','2015-04-28 14:57:40') [ RunTime:0.0009s ]
SQL: SHOW COLUMNS FROM `lb_users` [ RunTime:0.0013s ]
SQL: SELECT `mobile`,`avatar`,`name` FROM `lb_users` WHERE `id` = 1  [ RunTime:0.0003s ]
NOTIC: [8] Undefined index: mobile /Applications/MAMP/htdocs/banar/Application/Api/Controller/MerchantController.class.php 第 311 行.
NOTIC: [8] Undefined index: avatar /Applications/MAMP/htdocs/banar/Application/Api/Controller/MerchantController.class.php 第 312 行.
NOTIC: [8] Undefined index: name /Applications/MAMP/htdocs/banar/Application/Api/Controller/MerchantController.class.php 第 313 行.
SQL: SHOW COLUMNS FROM `lb_j_push_users` [ RunTime:0.0012s ]
SQL: SELECT `registrationID` FROM `lb_j_push_users` WHERE `user_id` = 6 LIMIT 1   [ RunTime:0.0004s ]
ERR: Invalid registration_id[0], registration_id[0] must be a string
NOTIC: [2] Cannot modify header information - headers already sent by (output started at /Applications/MAMP/htdocs/banar/Application/Api/Controller/JPushController.class.php:49) /Applications/MAMP/htdocs/banar/ThinkPHP/Library/Think/Think.class.php 第 229 行.
NOTIC: [2] Cannot modify header information - headers already sent by (output started at /Applications/MAMP/htdocs/banar/Application/Api/Controller/JPushController.class.php:49) /Applications/MAMP/htdocs/banar/ThinkPHP/Library/Think/Think.class.php 第 230 行.

[ 2015-04-28T14:58:08+08:00 ] ::1 /banar/index.php/Api/transportDemand/addTransportDemandAuto
INFO: [ app_init ] --START--
INFO: Run Behavior\BuildLiteBehavior [ RunTime:0.000035s ]
INFO: [ app_init ] --END-- [ RunTime:0.000543s ]
INFO: [ app_begin ] --START--
INFO: Run Behavior\ReadHtmlCacheBehavior [ RunTime:0.000688s ]
INFO: [ app_begin ] --END-- [ RunTime:0.000863s ]
SQL: SHOW COLUMNS FROM `lb_tokens` [ RunTime:0.0015s ]
SQL: SELECT `userType`,`user_id`,`updated_at` FROM `lb_tokens` WHERE `token` = '1KmmNXGxgj5wT9nUhIt2jtNkK5JQKvvm'  [ RunTime:0.0004s ]
SQL: SELECT `user_id` FROM `lb_tokens` WHERE `token` = '1KmmNXGxgj5wT9nUhIt2jtNkK5JQKvvm'  [ RunTime:0.0004s ]
SQL: SHOW COLUMNS FROM `lb_merchants` [ RunTime:0.0010s ]
SQL: SELECT `id` FROM `lb_merchants` WHERE `user_id` = 1 LIMIT 1   [ RunTime:0.0002s ]
SQL: SHOW COLUMNS FROM `lb_drivers` [ RunTime:0.0010s ]
SQL: SELECT * FROM `lb_drivers` INNER JOIN lb_trucks on lb_drivers.user_id = lb_trucks.driver_id  WHERE ( lb_drivers.isFree = 1 AND lb_trucks.cate_id = 1 )  [ RunTime:0.0004s ]
SQL: SHOW COLUMNS FROM `lb_transport_demands` [ RunTime:0.0012s ]
SQL: INSERT INTO `lb_transport_demands` (`cate_id`,`driver_id`,`ispoint`,`merchant_id`,`status`,`created_at`,`updated_at`) VALUES ('1','3','0','1','未确认','2015-04-28 14:58:08','2015-04-28 14:58:08') [ RunTime:0.0005s ]
SQL: SHOW COLUMNS FROM `lb_users` [ RunTime:0.0012s ]
SQL: SELECT `mobile`,`avatar`,`name` FROM `lb_users` WHERE `id` = 1  [ RunTime:0.0003s ]
NOTIC: [8] Undefined index: mobile /Applications/MAMP/htdocs/banar/Application/Api/Controller/MerchantController.class.php 第 311 行.
NOTIC: [8] Undefined index: avatar /Applications/MAMP/htdocs/banar/Application/Api/Controller/MerchantController.class.php 第 312 行.
NOTIC: [8] Undefined index: name /Applications/MAMP/htdocs/banar/Application/Api/Controller/MerchantController.class.php 第 313 行.
SQL: SHOW COLUMNS FROM `lb_j_push_users` [ RunTime:0.0012s ]
SQL: SELECT `registrationID` FROM `lb_j_push_users` WHERE `user_id` = 3 LIMIT 1   [ RunTime:0.0003s ]

[ 2015-04-28T14:58:37+08:00 ] ::1 /banar/index.php/Api/transportDemand/addTransportDemandAuto
INFO: [ app_init ] --START--
INFO: Run Behavior\BuildLiteBehavior [ RunTime:0.000036s ]
INFO: [ app_init ] --END-- [ RunTime:0.000540s ]
INFO: [ app_begin ] --START--
INFO: Run Behavior\ReadHtmlCacheBehavior [ RunTime:0.000626s ]
INFO: [ app_begin ] --END-- [ RunTime:0.000824s ]
SQL: SHOW COLUMNS FROM `lb_tokens` [ RunTime:0.0014s ]
SQL: SELECT `userType`,`user_id`,`updated_at` FROM `lb_tokens` WHERE `token` = '1KmmNXGxgj5wT9nUhIt2jtNkK5JQKvvm'  [ RunTime:0.0003s ]
SQL: SELECT `user_id` FROM `lb_tokens` WHERE `token` = '1KmmNXGxgj5wT9nUhIt2jtNkK5JQKvvm'  [ RunTime:0.0002s ]
SQL: SHOW COLUMNS FROM `lb_merchants` [ RunTime:0.0012s ]
SQL: SELECT `id` FROM `lb_merchants` WHERE `user_id` = 1 LIMIT 1   [ RunTime:0.0002s ]
SQL: SHOW COLUMNS FROM `lb_drivers` [ RunTime:0.0011s ]
SQL: SELECT * FROM `lb_drivers` INNER JOIN lb_trucks on lb_drivers.user_id = lb_trucks.driver_id  WHERE ( lb_drivers.isFree = 1 AND lb_trucks.cate_id = 1 )  [ RunTime:0.0004s ]
SQL: SHOW COLUMNS FROM `lb_transport_demands` [ RunTime:0.0013s ]
SQL: INSERT INTO `lb_transport_demands` (`cate_id`,`driver_id`,`ispoint`,`merchant_id`,`status`,`created_at`,`updated_at`) VALUES ('1','6','0','1','未确认','2015-04-28 14:58:37','2015-04-28 14:58:37') [ RunTime:0.0005s ]
SQL: SHOW COLUMNS FROM `lb_users` [ RunTime:0.0014s ]
SQL: SELECT `mobile`,`avatar`,`name` FROM `lb_users` WHERE `id` = 1  [ RunTime:0.0004s ]
NOTIC: [8] Undefined index: mobile /Applications/MAMP/htdocs/banar/Application/Api/Controller/MerchantController.class.php 第 311 行.
NOTIC: [8] Undefined index: avatar /Applications/MAMP/htdocs/banar/Application/Api/Controller/MerchantController.class.php 第 312 行.
NOTIC: [8] Undefined index: name /Applications/MAMP/htdocs/banar/Application/Api/Controller/MerchantController.class.php 第 313 行.
SQL: SHOW COLUMNS FROM `lb_j_push_users` [ RunTime:0.0014s ]
SQL: SELECT `registrationID` FROM `lb_j_push_users` WHERE `user_id` = 6 LIMIT 1   [ RunTime:0.0004s ]
ERR: Invalid registration_id[0], registration_id[0] must be a string
NOTIC: [2] Cannot modify header information - headers already sent by (output started at /Applications/MAMP/htdocs/banar/Application/Api/Controller/MerchantController.class.php:316) /Applications/MAMP/htdocs/banar/ThinkPHP/Library/Think/Think.class.php 第 229 行.
NOTIC: [2] Cannot modify header information - headers already sent by (output started at /Applications/MAMP/htdocs/banar/Application/Api/Controller/MerchantController.class.php:316) /Applications/MAMP/htdocs/banar/ThinkPHP/Library/Think/Think.class.php 第 230 行.

[ 2015-04-28T14:58:40+08:00 ] ::1 /banar/index.php/Api/transportDemand/addTransportDemandAuto
INFO: [ app_init ] --START--
INFO: Run Behavior\BuildLiteBehavior [ RunTime:0.000053s ]
INFO: [ app_init ] --END-- [ RunTime:0.000723s ]
INFO: [ app_begin ] --START--
INFO: Run Behavior\ReadHtmlCacheBehavior [ RunTime:0.000710s ]
INFO: [ app_begin ] --END-- [ RunTime:0.000915s ]
SQL: SHOW COLUMNS FROM `lb_tokens` [ RunTime:0.0019s ]
SQL: SELECT `userType`,`user_id`,`updated_at` FROM `lb_tokens` WHERE `token` = '1KmmNXGxgj5wT9nUhIt2jtNkK5JQKvvm'  [ RunTime:0.0005s ]
SQL: SELECT `user_id` FROM `lb_tokens` WHERE `token` = '1KmmNXGxgj5wT9nUhIt2jtNkK5JQKvvm'  [ RunTime:0.0005s ]
SQL: SHOW COLUMNS FROM `lb_merchants` [ RunTime:0.0018s ]
SQL: SELECT `id` FROM `lb_merchants` WHERE `user_id` = 1 LIMIT 1   [ RunTime:0.0005s ]
SQL: SHOW COLUMNS FROM `lb_drivers` [ RunTime:0.0015s ]
SQL: SELECT * FROM `lb_drivers` INNER JOIN lb_trucks on lb_drivers.user_id = lb_trucks.driver_id  WHERE ( lb_drivers.isFree = 1 AND lb_trucks.cate_id = 1 )  [ RunTime:0.0006s ]
SQL: SHOW COLUMNS FROM `lb_transport_demands` [ RunTime:0.0010s ]
SQL: INSERT INTO `lb_transport_demands` (`cate_id`,`driver_id`,`ispoint`,`merchant_id`,`status`,`created_at`,`updated_at`) VALUES ('1','4','0','1','未确认','2015-04-28 14:58:40','2015-04-28 14:58:40') [ RunTime:0.0006s ]
SQL: SHOW COLUMNS FROM `lb_users` [ RunTime:0.0015s ]
SQL: SELECT `mobile`,`avatar`,`name` FROM `lb_users` WHERE `id` = 1  [ RunTime:0.0003s ]
NOTIC: [8] Undefined index: mobile /Applications/MAMP/htdocs/banar/Application/Api/Controller/MerchantController.class.php 第 311 行.
NOTIC: [8] Undefined index: avatar /Applications/MAMP/htdocs/banar/Application/Api/Controller/MerchantController.class.php 第 312 行.
NOTIC: [8] Undefined index: name /Applications/MAMP/htdocs/banar/Application/Api/Controller/MerchantController.class.php 第 313 行.
SQL: SHOW COLUMNS FROM `lb_j_push_users` [ RunTime:0.0012s ]
SQL: SELECT `registrationID` FROM `lb_j_push_users` WHERE `user_id` = 4 LIMIT 1   [ RunTime:0.0003s ]

[ 2015-04-28T14:58:44+08:00 ] ::1 /banar/index.php/Api/transportDemand/addTransportDemandAuto
INFO: [ app_init ] --START--
INFO: Run Behavior\BuildLiteBehavior [ RunTime:0.000035s ]
INFO: [ app_init ] --END-- [ RunTime:0.000544s ]
INFO: [ app_begin ] --START--
INFO: Run Behavior\ReadHtmlCacheBehavior [ RunTime:0.000605s ]
INFO: [ app_begin ] --END-- [ RunTime:0.000762s ]
SQL: SHOW COLUMNS FROM `lb_tokens` [ RunTime:0.0011s ]
SQL: SELECT `userType`,`user_id`,`updated_at` FROM `lb_tokens` WHERE `token` = '1KmmNXGxgj5wT9nUhIt2jtNkK5JQKvvm'  [ RunTime:0.0004s ]
SQL: SELECT `user_id` FROM `lb_tokens` WHERE `token` = '1KmmNXGxgj5wT9nUhIt2jtNkK5JQKvvm'  [ RunTime:0.0004s ]
SQL: SHOW COLUMNS FROM `lb_merchants` [ RunTime:0.0011s ]
SQL: SELECT `id` FROM `lb_merchants` WHERE `user_id` = 1 LIMIT 1   [ RunTime:0.0003s ]
SQL: SHOW COLUMNS FROM `lb_drivers` [ RunTime:0.0012s ]
SQL: SELECT * FROM `lb_drivers` INNER JOIN lb_trucks on lb_drivers.user_id = lb_trucks.driver_id  WHERE ( lb_drivers.isFree = 1 AND lb_trucks.cate_id = 1 )  [ RunTime:0.0004s ]
SQL: SHOW COLUMNS FROM `lb_transport_demands` [ RunTime:0.0010s ]
SQL: INSERT INTO `lb_transport_demands` (`cate_id`,`driver_id`,`ispoint`,`merchant_id`,`status`,`created_at`,`updated_at`) VALUES ('1','4','0','1','未确认','2015-04-28 14:58:44','2015-04-28 14:58:44') [ RunTime:0.0005s ]
SQL: SHOW COLUMNS FROM `lb_users` [ RunTime:0.0012s ]
SQL: SELECT `mobile`,`avatar`,`name` FROM `lb_users` WHERE `id` = 1  [ RunTime:0.0002s ]
NOTIC: [8] Undefined index: mobile /Applications/MAMP/htdocs/banar/Application/Api/Controller/MerchantController.class.php 第 311 行.
NOTIC: [8] Undefined index: avatar /Applications/MAMP/htdocs/banar/Application/Api/Controller/MerchantController.class.php 第 312 行.
NOTIC: [8] Undefined index: name /Applications/MAMP/htdocs/banar/Application/Api/Controller/MerchantController.class.php 第 313 行.
SQL: SHOW COLUMNS FROM `lb_j_push_users` [ RunTime:0.0010s ]
SQL: SELECT `registrationID` FROM `lb_j_push_users` WHERE `user_id` = 4 LIMIT 1   [ RunTime:0.0002s ]

[ 2015-04-28T14:58:45+08:00 ] ::1 /banar/index.php/Api/transportDemand/addTransportDemandAuto
INFO: [ app_init ] --START--
INFO: Run Behavior\BuildLiteBehavior [ RunTime:0.000078s ]
INFO: [ app_init ] --END-- [ RunTime:0.000691s ]
INFO: [ app_begin ] --START--
INFO: Run Behavior\ReadHtmlCacheBehavior [ RunTime:0.000744s ]
INFO: [ app_begin ] --END-- [ RunTime:0.000929s ]
SQL: SHOW COLUMNS FROM `lb_tokens` [ RunTime:0.0011s ]
SQL: SELECT `userType`,`user_id`,`updated_at` FROM `lb_tokens` WHERE `token` = '1KmmNXGxgj5wT9nUhIt2jtNkK5JQKvvm'  [ RunTime:0.0003s ]
SQL: SELECT `user_id` FROM `lb_tokens` WHERE `token` = '1KmmNXGxgj5wT9nUhIt2jtNkK5JQKvvm'  [ RunTime:0.0002s ]
SQL: SHOW COLUMNS FROM `lb_merchants` [ RunTime:0.0012s ]
SQL: SELECT `id` FROM `lb_merchants` WHERE `user_id` = 1 LIMIT 1   [ RunTime:0.0002s ]
SQL: SHOW COLUMNS FROM `lb_drivers` [ RunTime:0.0012s ]
SQL: SELECT * FROM `lb_drivers` INNER JOIN lb_trucks on lb_drivers.user_id = lb_trucks.driver_id  WHERE ( lb_drivers.isFree = 1 AND lb_trucks.cate_id = 1 )  [ RunTime:0.0004s ]
SQL: SHOW COLUMNS FROM `lb_transport_demands` [ RunTime:0.0010s ]
SQL: INSERT INTO `lb_transport_demands` (`cate_id`,`driver_id`,`ispoint`,`merchant_id`,`status`,`created_at`,`updated_at`) VALUES ('1','6','0','1','未确认','2015-04-28 14:58:45','2015-04-28 14:58:45') [ RunTime:0.0007s ]
SQL: SHOW COLUMNS FROM `lb_users` [ RunTime:0.0012s ]
SQL: SELECT `mobile`,`avatar`,`name` FROM `lb_users` WHERE `id` = 1  [ RunTime:0.0002s ]
NOTIC: [8] Undefined index: mobile /Applications/MAMP/htdocs/banar/Application/Api/Controller/MerchantController.class.php 第 311 行.
NOTIC: [8] Undefined index: avatar /Applications/MAMP/htdocs/banar/Application/Api/Controller/MerchantController.class.php 第 312 行.
NOTIC: [8] Undefined index: name /Applications/MAMP/htdocs/banar/Application/Api/Controller/MerchantController.class.php 第 313 行.
SQL: SHOW COLUMNS FROM `lb_j_push_users` [ RunTime:0.0010s ]
SQL: SELECT `registrationID` FROM `lb_j_push_users` WHERE `user_id` = 6 LIMIT 1   [ RunTime:0.0002s ]
ERR: Invalid registration_id[0], registration_id[0] must be a string
NOTIC: [2] Cannot modify header information - headers already sent by (output started at /Applications/MAMP/htdocs/banar/Application/Api/Controller/MerchantController.class.php:316) /Applications/MAMP/htdocs/banar/ThinkPHP/Library/Think/Think.class.php 第 229 行.
NOTIC: [2] Cannot modify header information - headers already sent by (output started at /Applications/MAMP/htdocs/banar/Application/Api/Controller/MerchantController.class.php:316) /Applications/MAMP/htdocs/banar/ThinkPHP/Library/Think/Think.class.php 第 230 行.

[ 2015-04-28T14:58:46+08:00 ] ::1 /banar/index.php/Api/transportDemand/addTransportDemandAuto
INFO: [ app_init ] --START--
INFO: Run Behavior\BuildLiteBehavior [ RunTime:0.000039s ]
INFO: [ app_init ] --END-- [ RunTime:0.000624s ]
INFO: [ app_begin ] --START--
INFO: Run Behavior\ReadHtmlCacheBehavior [ RunTime:0.000783s ]
INFO: [ app_begin ] --END-- [ RunTime:0.001016s ]
SQL: SHOW COLUMNS FROM `lb_tokens` [ RunTime:0.0014s ]
SQL: SELECT `userType`,`user_id`,`updated_at` FROM `lb_tokens` WHERE `token` = '1KmmNXGxgj5wT9nUhIt2jtNkK5JQKvvm'  [ RunTime:0.0004s ]
SQL: SELECT `user_id` FROM `lb_tokens` WHERE `token` = '1KmmNXGxgj5wT9nUhIt2jtNkK5JQKvvm'  [ RunTime:0.0003s ]
SQL: SHOW COLUMNS FROM `lb_merchants` [ RunTime:0.0010s ]
SQL: SELECT `id` FROM `lb_merchants` WHERE `user_id` = 1 LIMIT 1   [ RunTime:0.0002s ]
SQL: SHOW COLUMNS FROM `lb_drivers` [ RunTime:0.0014s ]
SQL: SELECT * FROM `lb_drivers` INNER JOIN lb_trucks on lb_drivers.user_id = lb_trucks.driver_id  WHERE ( lb_drivers.isFree = 1 AND lb_trucks.cate_id = 1 )  [ RunTime:0.0005s ]
SQL: SHOW COLUMNS FROM `lb_transport_demands` [ RunTime:0.0022s ]
SQL: INSERT INTO `lb_transport_demands` (`cate_id`,`driver_id`,`ispoint`,`merchant_id`,`status`,`created_at`,`updated_at`) VALUES ('1','6','0','1','未确认','2015-04-28 14:58:46','2015-04-28 14:58:46') [ RunTime:0.0006s ]
SQL: SHOW COLUMNS FROM `lb_users` [ RunTime:0.0013s ]
SQL: SELECT `mobile`,`avatar`,`name` FROM `lb_users` WHERE `id` = 1  [ RunTime:0.0003s ]
NOTIC: [8] Undefined index: mobile /Applications/MAMP/htdocs/banar/Application/Api/Controller/MerchantController.class.php 第 311 行.
NOTIC: [8] Undefined index: avatar /Applications/MAMP/htdocs/banar/Application/Api/Controller/MerchantController.class.php 第 312 行.
NOTIC: [8] Undefined index: name /Applications/MAMP/htdocs/banar/Application/Api/Controller/MerchantController.class.php 第 313 行.
SQL: SHOW COLUMNS FROM `lb_j_push_users` [ RunTime:0.0013s ]
SQL: SELECT `registrationID` FROM `lb_j_push_users` WHERE `user_id` = 6 LIMIT 1   [ RunTime:0.0005s ]
ERR: Invalid registration_id[0], registration_id[0] must be a string
NOTIC: [2] Cannot modify header information - headers already sent by (output started at /Applications/MAMP/htdocs/banar/Application/Api/Controller/MerchantController.class.php:316) /Applications/MAMP/htdocs/banar/ThinkPHP/Library/Think/Think.class.php 第 229 行.
NOTIC: [2] Cannot modify header information - headers already sent by (output started at /Applications/MAMP/htdocs/banar/Application/Api/Controller/MerchantController.class.php:316) /Applications/MAMP/htdocs/banar/ThinkPHP/Library/Think/Think.class.php 第 230 行.

[ 2015-04-28T14:58:47+08:00 ] ::1 /banar/index.php/Api/transportDemand/addTransportDemandAuto
INFO: [ app_init ] --START--
INFO: Run Behavior\BuildLiteBehavior [ RunTime:0.000055s ]
INFO: [ app_init ] --END-- [ RunTime:0.000788s ]
INFO: [ app_begin ] --START--
INFO: Run Behavior\ReadHtmlCacheBehavior [ RunTime:0.000861s ]
INFO: [ app_begin ] --END-- [ RunTime:0.001100s ]
SQL: SHOW COLUMNS FROM `lb_tokens` [ RunTime:0.0010s ]
SQL: SELECT `userType`,`user_id`,`updated_at` FROM `lb_tokens` WHERE `token` = '1KmmNXGxgj5wT9nUhIt2jtNkK5JQKvvm'  [ RunTime:0.0003s ]
SQL: SELECT `user_id` FROM `lb_tokens` WHERE `token` = '1KmmNXGxgj5wT9nUhIt2jtNkK5JQKvvm'  [ RunTime:0.0002s ]
SQL: SHOW COLUMNS FROM `lb_merchants` [ RunTime:0.0011s ]
SQL: SELECT `id` FROM `lb_merchants` WHERE `user_id` = 1 LIMIT 1   [ RunTime:0.0002s ]
SQL: SHOW COLUMNS FROM `lb_drivers` [ RunTime:0.0010s ]
SQL: SELECT * FROM `lb_drivers` INNER JOIN lb_trucks on lb_drivers.user_id = lb_trucks.driver_id  WHERE ( lb_drivers.isFree = 1 AND lb_trucks.cate_id = 1 )  [ RunTime:0.0004s ]
SQL: SHOW COLUMNS FROM `lb_transport_demands` [ RunTime:0.0013s ]
SQL: INSERT INTO `lb_transport_demands` (`cate_id`,`driver_id`,`ispoint`,`merchant_id`,`status`,`created_at`,`updated_at`) VALUES ('1','7','0','1','未确认','2015-04-28 14:58:47','2015-04-28 14:58:47') [ RunTime:0.0006s ]
SQL: SHOW COLUMNS FROM `lb_users` [ RunTime:0.0012s ]
SQL: SELECT `mobile`,`avatar`,`name` FROM `lb_users` WHERE `id` = 1  [ RunTime:0.0003s ]
NOTIC: [8] Undefined index: mobile /Applications/MAMP/htdocs/banar/Application/Api/Controller/MerchantController.class.php 第 311 行.
NOTIC: [8] Undefined index: avatar /Applications/MAMP/htdocs/banar/Application/Api/Controller/MerchantController.class.php 第 312 行.
NOTIC: [8] Undefined index: name /Applications/MAMP/htdocs/banar/Application/Api/Controller/MerchantController.class.php 第 313 行.
SQL: SHOW COLUMNS FROM `lb_j_push_users` [ RunTime:0.0012s ]
SQL: SELECT `registrationID` FROM `lb_j_push_users` WHERE `user_id` = 7 LIMIT 1   [ RunTime:0.0003s ]
ERR: Invalid registration_id[0], registration_id[0] must be a string
NOTIC: [2] Cannot modify header information - headers already sent by (output started at /Applications/MAMP/htdocs/banar/Application/Api/Controller/MerchantController.class.php:316) /Applications/MAMP/htdocs/banar/ThinkPHP/Library/Think/Think.class.php 第 229 行.
NOTIC: [2] Cannot modify header information - headers already sent by (output started at /Applications/MAMP/htdocs/banar/Application/Api/Controller/MerchantController.class.php:316) /Applications/MAMP/htdocs/banar/ThinkPHP/Library/Think/Think.class.php 第 230 行.

[ 2015-04-28T14:58:48+08:00 ] ::1 /banar/index.php/Api/transportDemand/addTransportDemandAuto
INFO: [ app_init ] --START--
INFO: Run Behavior\BuildLiteBehavior [ RunTime:0.000035s ]
INFO: [ app_init ] --END-- [ RunTime:0.000537s ]
INFO: [ app_begin ] --START--
INFO: Run Behavior\ReadHtmlCacheBehavior [ RunTime:0.000775s ]
INFO: [ app_begin ] --END-- [ RunTime:0.000940s ]
SQL: SHOW COLUMNS FROM `lb_tokens` [ RunTime:0.0018s ]
SQL: SELECT `userType`,`user_id`,`updated_at` FROM `lb_tokens` WHERE `token` = '1KmmNXGxgj5wT9nUhIt2jtNkK5JQKvvm'  [ RunTime:0.0004s ]
SQL: SELECT `user_id` FROM `lb_tokens` WHERE `token` = '1KmmNXGxgj5wT9nUhIt2jtNkK5JQKvvm'  [ RunTime:0.0003s ]
SQL: SHOW COLUMNS FROM `lb_merchants` [ RunTime:0.0012s ]
SQL: SELECT `id` FROM `lb_merchants` WHERE `user_id` = 1 LIMIT 1   [ RunTime:0.0002s ]
SQL: SHOW COLUMNS FROM `lb_drivers` [ RunTime:0.0012s ]
SQL: SELECT * FROM `lb_drivers` INNER JOIN lb_trucks on lb_drivers.user_id = lb_trucks.driver_id  WHERE ( lb_drivers.isFree = 1 AND lb_trucks.cate_id = 1 )  [ RunTime:0.0005s ]
SQL: SHOW COLUMNS FROM `lb_transport_demands` [ RunTime:0.0017s ]
SQL: INSERT INTO `lb_transport_demands` (`cate_id`,`driver_id`,`ispoint`,`merchant_id`,`status`,`created_at`,`updated_at`) VALUES ('1','3','0','1','未确认','2015-04-28 14:58:48','2015-04-28 14:58:48') [ RunTime:0.0007s ]
SQL: SHOW COLUMNS FROM `lb_users` [ RunTime:0.0013s ]
SQL: SELECT `mobile`,`avatar`,`name` FROM `lb_users` WHERE `id` = 1  [ RunTime:0.0002s ]
NOTIC: [8] Undefined index: mobile /Applications/MAMP/htdocs/banar/Application/Api/Controller/MerchantController.class.php 第 311 行.
NOTIC: [8] Undefined index: avatar /Applications/MAMP/htdocs/banar/Application/Api/Controller/MerchantController.class.php 第 312 行.
NOTIC: [8] Undefined index: name /Applications/MAMP/htdocs/banar/Application/Api/Controller/MerchantController.class.php 第 313 行.
SQL: SHOW COLUMNS FROM `lb_j_push_users` [ RunTime:0.0010s ]
SQL: SELECT `registrationID` FROM `lb_j_push_users` WHERE `user_id` = 3 LIMIT 1   [ RunTime:0.0003s ]

[ 2015-04-28T14:59:21+08:00 ] ::1 /banar/index.php/Api/transportDemand/addTransportDemandAuto
INFO: [ app_init ] --START--
INFO: Run Behavior\BuildLiteBehavior [ RunTime:0.000036s ]
INFO: [ app_init ] --END-- [ RunTime:0.000546s ]
INFO: [ app_begin ] --START--
INFO: Run Behavior\ReadHtmlCacheBehavior [ RunTime:0.000661s ]
INFO: [ app_begin ] --END-- [ RunTime:0.000822s ]
SQL: SHOW COLUMNS FROM `lb_tokens` [ RunTime:0.0011s ]
SQL: SELECT `userType`,`user_id`,`updated_at` FROM `lb_tokens` WHERE `token` = '1KmmNXGxgj5wT9nUhIt2jtNkK5JQKvvm'  [ RunTime:0.0003s ]
SQL: SELECT `user_id` FROM `lb_tokens` WHERE `token` = '1KmmNXGxgj5wT9nUhIt2jtNkK5JQKvvm'  [ RunTime:0.0002s ]
SQL: SHOW COLUMNS FROM `lb_merchants` [ RunTime:0.0011s ]
SQL: SELECT `id` FROM `lb_merchants` WHERE `user_id` = 1 LIMIT 1   [ RunTime:0.0002s ]
SQL: SHOW COLUMNS FROM `lb_drivers` [ RunTime:0.0011s ]
SQL: SELECT * FROM `lb_drivers` INNER JOIN lb_trucks on lb_drivers.user_id = lb_trucks.driver_id  WHERE ( lb_drivers.isFree = 1 AND lb_trucks.cate_id = 1 )  [ RunTime:0.0004s ]
SQL: SHOW COLUMNS FROM `lb_transport_demands` [ RunTime:0.0011s ]
SQL: INSERT INTO `lb_transport_demands` (`cate_id`,`driver_id`,`ispoint`,`merchant_id`,`status`,`created_at`,`updated_at`) VALUES ('1','3','0','1','未确认','2015-04-28 14:59:20','2015-04-28 14:59:20') [ RunTime:0.0010s ]
SQL: SHOW COLUMNS FROM `lb_users` [ RunTime:0.0011s ]
SQL: SELECT `mobile`,`avatar`,`name` FROM `lb_users` WHERE `id` = 1  [ RunTime:0.0002s ]
NOTIC: [8] Undefined index: mobile /Applications/MAMP/htdocs/banar/Application/Api/Controller/MerchantController.class.php 第 311 行.
NOTIC: [8] Undefined index: avatar /Applications/MAMP/htdocs/banar/Application/Api/Controller/MerchantController.class.php 第 312 行.
NOTIC: [8] Undefined index: name /Applications/MAMP/htdocs/banar/Application/Api/Controller/MerchantController.class.php 第 313 行.
SQL: SHOW COLUMNS FROM `lb_j_push_users` [ RunTime:0.0010s ]
SQL: SELECT `registrationID` FROM `lb_j_push_users` WHERE `user_id` = 3 LIMIT 1   [ RunTime:0.0002s ]

[ 2015-04-28T14:59:40+08:00 ] ::1 /banar/index.php/Api/transportDemand/addTransportDemandAuto
INFO: [ app_init ] --START--
INFO: Run Behavior\BuildLiteBehavior [ RunTime:0.000059s ]
INFO: [ app_init ] --END-- [ RunTime:0.000928s ]
INFO: [ app_begin ] --START--
INFO: Run Behavior\ReadHtmlCacheBehavior [ RunTime:0.000891s ]
INFO: [ app_begin ] --END-- [ RunTime:0.001099s ]
SQL: SHOW COLUMNS FROM `lb_tokens` [ RunTime:0.0012s ]
SQL: SELECT `userType`,`user_id`,`updated_at` FROM `lb_tokens` WHERE `token` = '1KmmNXGxgj5wT9nUhIt2jtNkK5JQKvvm'  [ RunTime:0.0003s ]
SQL: SELECT `user_id` FROM `lb_tokens` WHERE `token` = '1KmmNXGxgj5wT9nUhIt2jtNkK5JQKvvm'  [ RunTime:0.0002s ]
SQL: SHOW COLUMNS FROM `lb_merchants` [ RunTime:0.0010s ]
SQL: SELECT `id` FROM `lb_merchants` WHERE `user_id` = 1 LIMIT 1   [ RunTime:0.0003s ]
SQL: SHOW COLUMNS FROM `lb_drivers` [ RunTime:0.0024s ]
SQL: SELECT * FROM `lb_drivers` INNER JOIN lb_trucks on lb_drivers.user_id = lb_trucks.driver_id  WHERE ( lb_drivers.isFree = 1 AND lb_trucks.cate_id = 1 )  [ RunTime:0.0007s ]
SQL: SHOW COLUMNS FROM `lb_transport_demands` [ RunTime:0.0018s ]
SQL: INSERT INTO `lb_transport_demands` (`cate_id`,`driver_id`,`ispoint`,`merchant_id`,`status`,`created_at`,`updated_at`) VALUES ('1','6','0','1','未确认','2015-04-28 14:59:40','2015-04-28 14:59:40') [ RunTime:0.0006s ]
SQL: SHOW COLUMNS FROM `lb_users` [ RunTime:0.0011s ]
SQL: SELECT `mobile`,`avatar`,`name` FROM `lb_users` WHERE `id` = 1  [ RunTime:0.0003s ]
NOTIC: [8] Undefined index: mobile /Applications/MAMP/htdocs/banar/Application/Api/Controller/MerchantController.class.php 第 311 行.
NOTIC: [8] Undefined index: avatar /Applications/MAMP/htdocs/banar/Application/Api/Controller/MerchantController.class.php 第 312 行.
NOTIC: [8] Undefined index: name /Applications/MAMP/htdocs/banar/Application/Api/Controller/MerchantController.class.php 第 313 行.
SQL: SHOW COLUMNS FROM `lb_j_push_users` [ RunTime:0.0011s ]
SQL: SELECT `registrationID` FROM `lb_j_push_users` WHERE `user_id` = 6 LIMIT 1   [ RunTime:0.0003s ]
ERR: Invalid registration_id[0], registration_id[0] must be a string
NOTIC: [2] Cannot modify header information - headers already sent by (output started at /Applications/MAMP/htdocs/banar/Application/Api/Controller/MerchantController.class.php:316) /Applications/MAMP/htdocs/banar/ThinkPHP/Library/Think/Think.class.php 第 229 行.
NOTIC: [2] Cannot modify header information - headers already sent by (output started at /Applications/MAMP/htdocs/banar/Application/Api/Controller/MerchantController.class.php:316) /Applications/MAMP/htdocs/banar/ThinkPHP/Library/Think/Think.class.php 第 230 行.

[ 2015-04-28T14:59:43+08:00 ] ::1 /banar/index.php/Api/transportDemand/addTransportDemandAuto
INFO: [ app_init ] --START--
INFO: Run Behavior\BuildLiteBehavior [ RunTime:0.000038s ]
INFO: [ app_init ] --END-- [ RunTime:0.000551s ]
INFO: [ app_begin ] --START--
INFO: Run Behavior\ReadHtmlCacheBehavior [ RunTime:0.000769s ]
INFO: [ app_begin ] --END-- [ RunTime:0.000989s ]
SQL: SHOW COLUMNS FROM `lb_tokens` [ RunTime:0.0011s ]
SQL: SELECT `userType`,`user_id`,`updated_at` FROM `lb_tokens` WHERE `token` = '1KmmNXGxgj5wT9nUhIt2jtNkK5JQKvvm'  [ RunTime:0.0004s ]
SQL: SELECT `user_id` FROM `lb_tokens` WHERE `token` = '1KmmNXGxgj5wT9nUhIt2jtNkK5JQKvvm'  [ RunTime:0.0006s ]
SQL: SHOW COLUMNS FROM `lb_merchants` [ RunTime:0.0011s ]
SQL: SELECT `id` FROM `lb_merchants` WHERE `user_id` = 1 LIMIT 1   [ RunTime:0.0003s ]
SQL: SHOW COLUMNS FROM `lb_drivers` [ RunTime:0.0016s ]
SQL: SELECT * FROM `lb_drivers` INNER JOIN lb_trucks on lb_drivers.user_id = lb_trucks.driver_id  WHERE ( lb_drivers.isFree = 1 AND lb_trucks.cate_id = 1 )  [ RunTime:0.0005s ]
SQL: SHOW COLUMNS FROM `lb_transport_demands` [ RunTime:0.0013s ]
SQL: INSERT INTO `lb_transport_demands` (`cate_id`,`driver_id`,`ispoint`,`merchant_id`,`status`,`created_at`,`updated_at`) VALUES ('1','7','0','1','未确认','2015-04-28 14:59:43','2015-04-28 14:59:43') [ RunTime:0.0005s ]
SQL: SHOW COLUMNS FROM `lb_users` [ RunTime:0.0012s ]
SQL: SELECT `mobile`,`avatar`,`name` FROM `lb_users` WHERE `id` = 1  [ RunTime:0.0002s ]
NOTIC: [8] Undefined index: mobile /Applications/MAMP/htdocs/banar/Application/Api/Controller/MerchantController.class.php 第 311 行.
NOTIC: [8] Undefined index: avatar /Applications/MAMP/htdocs/banar/Application/Api/Controller/MerchantController.class.php 第 312 行.
NOTIC: [8] Undefined index: name /Applications/MAMP/htdocs/banar/Application/Api/Controller/MerchantController.class.php 第 313 行.
SQL: SHOW COLUMNS FROM `lb_j_push_users` [ RunTime:0.0009s ]
SQL: SELECT `registrationID` FROM `lb_j_push_users` WHERE `user_id` = 7 LIMIT 1   [ RunTime:0.0003s ]
ERR: Invalid registration_id[0], registration_id[0] must be a string
NOTIC: [2] Cannot modify header information - headers already sent by (output started at /Applications/MAMP/htdocs/banar/Application/Api/Controller/MerchantController.class.php:316) /Applications/MAMP/htdocs/banar/ThinkPHP/Library/Think/Think.class.php 第 229 行.
NOTIC: [2] Cannot modify header information - headers already sent by (output started at /Applications/MAMP/htdocs/banar/Application/Api/Controller/MerchantController.class.php:316) /Applications/MAMP/htdocs/banar/ThinkPHP/Library/Think/Think.class.php 第 230 行.

[ 2015-04-28T14:59:43+08:00 ] ::1 /banar/index.php/Api/transportDemand/addTransportDemandAuto
INFO: [ app_init ] --START--
INFO: Run Behavior\BuildLiteBehavior [ RunTime:0.000037s ]
INFO: [ app_init ] --END-- [ RunTime:0.000570s ]
INFO: [ app_begin ] --START--
INFO: Run Behavior\ReadHtmlCacheBehavior [ RunTime:0.000753s ]
INFO: [ app_begin ] --END-- [ RunTime:0.001056s ]
SQL: SHOW COLUMNS FROM `lb_tokens` [ RunTime:0.0014s ]
SQL: SELECT `userType`,`user_id`,`updated_at` FROM `lb_tokens` WHERE `token` = '1KmmNXGxgj5wT9nUhIt2jtNkK5JQKvvm'  [ RunTime:0.0003s ]
SQL: SELECT `user_id` FROM `lb_tokens` WHERE `token` = '1KmmNXGxgj5wT9nUhIt2jtNkK5JQKvvm'  [ RunTime:0.0004s ]
SQL: SHOW COLUMNS FROM `lb_merchants` [ RunTime:0.0011s ]
SQL: SELECT `id` FROM `lb_merchants` WHERE `user_id` = 1 LIMIT 1   [ RunTime:0.0002s ]
SQL: SHOW COLUMNS FROM `lb_drivers` [ RunTime:0.0020s ]
SQL: SELECT * FROM `lb_drivers` INNER JOIN lb_trucks on lb_drivers.user_id = lb_trucks.driver_id  WHERE ( lb_drivers.isFree = 1 AND lb_trucks.cate_id = 1 )  [ RunTime:0.0006s ]
SQL: SHOW COLUMNS FROM `lb_transport_demands` [ RunTime:0.0016s ]
SQL: INSERT INTO `lb_transport_demands` (`cate_id`,`driver_id`,`ispoint`,`merchant_id`,`status`,`created_at`,`updated_at`) VALUES ('1','3','0','1','未确认','2015-04-28 14:59:43','2015-04-28 14:59:43') [ RunTime:0.0007s ]
SQL: SHOW COLUMNS FROM `lb_users` [ RunTime:0.0011s ]
SQL: SELECT `mobile`,`avatar`,`name` FROM `lb_users` WHERE `id` = 1  [ RunTime:0.0003s ]
NOTIC: [8] Undefined index: mobile /Applications/MAMP/htdocs/banar/Application/Api/Controller/MerchantController.class.php 第 311 行.
NOTIC: [8] Undefined index: avatar /Applications/MAMP/htdocs/banar/Application/Api/Controller/MerchantController.class.php 第 312 行.
NOTIC: [8] Undefined index: name /Applications/MAMP/htdocs/banar/Application/Api/Controller/MerchantController.class.php 第 313 行.
SQL: SHOW COLUMNS FROM `lb_j_push_users` [ RunTime:0.0012s ]
SQL: SELECT `registrationID` FROM `lb_j_push_users` WHERE `user_id` = 3 LIMIT 1   [ RunTime:0.0004s ]

[ 2015-04-28T14:59:44+08:00 ] ::1 /banar/index.php/Api/transportDemand/addTransportDemandAuto
INFO: [ app_init ] --START--
INFO: Run Behavior\BuildLiteBehavior [ RunTime:0.000036s ]
INFO: [ app_init ] --END-- [ RunTime:0.000541s ]
INFO: [ app_begin ] --START--
INFO: Run Behavior\ReadHtmlCacheBehavior [ RunTime:0.000791s ]
INFO: [ app_begin ] --END-- [ RunTime:0.000974s ]
SQL: SHOW COLUMNS FROM `lb_tokens` [ RunTime:0.0013s ]
SQL: SELECT `userType`,`user_id`,`updated_at` FROM `lb_tokens` WHERE `token` = '1KmmNXGxgj5wT9nUhIt2jtNkK5JQKvvm'  [ RunTime:0.0003s ]
SQL: SELECT `user_id` FROM `lb_tokens` WHERE `token` = '1KmmNXGxgj5wT9nUhIt2jtNkK5JQKvvm'  [ RunTime:0.0002s ]
SQL: SHOW COLUMNS FROM `lb_merchants` [ RunTime:0.0011s ]
SQL: SELECT `id` FROM `lb_merchants` WHERE `user_id` = 1 LIMIT 1   [ RunTime:0.0002s ]
SQL: SHOW COLUMNS FROM `lb_drivers` [ RunTime:0.0011s ]
SQL: SELECT * FROM `lb_drivers` INNER JOIN lb_trucks on lb_drivers.user_id = lb_trucks.driver_id  WHERE ( lb_drivers.isFree = 1 AND lb_trucks.cate_id = 1 )  [ RunTime:0.0004s ]
SQL: SHOW COLUMNS FROM `lb_transport_demands` [ RunTime:0.0014s ]
SQL: INSERT INTO `lb_transport_demands` (`cate_id`,`driver_id`,`ispoint`,`merchant_id`,`status`,`created_at`,`updated_at`) VALUES ('1','3','0','1','未确认','2015-04-28 14:59:44','2015-04-28 14:59:44') [ RunTime:0.0007s ]
SQL: SHOW COLUMNS FROM `lb_users` [ RunTime:0.0012s ]
SQL: SELECT `mobile`,`avatar`,`name` FROM `lb_users` WHERE `id` = 1  [ RunTime:0.0002s ]
NOTIC: [8] Undefined index: mobile /Applications/MAMP/htdocs/banar/Application/Api/Controller/MerchantController.class.php 第 311 行.
NOTIC: [8] Undefined index: avatar /Applications/MAMP/htdocs/banar/Application/Api/Controller/MerchantController.class.php 第 312 行.
NOTIC: [8] Undefined index: name /Applications/MAMP/htdocs/banar/Application/Api/Controller/MerchantController.class.php 第 313 行.
SQL: SHOW COLUMNS FROM `lb_j_push_users` [ RunTime:0.0010s ]
SQL: SELECT `registrationID` FROM `lb_j_push_users` WHERE `user_id` = 3 LIMIT 1   [ RunTime:0.0002s ]

[ 2015-04-28T14:59:45+08:00 ] ::1 /banar/index.php/Api/transportDemand/addTransportDemandAuto
INFO: [ app_init ] --START--
INFO: Run Behavior\BuildLiteBehavior [ RunTime:0.000036s ]
INFO: [ app_init ] --END-- [ RunTime:0.000531s ]
INFO: [ app_begin ] --START--
INFO: Run Behavior\ReadHtmlCacheBehavior [ RunTime:0.000593s ]
INFO: [ app_begin ] --END-- [ RunTime:0.000748s ]
SQL: SHOW COLUMNS FROM `lb_tokens` [ RunTime:0.0012s ]
SQL: SELECT `userType`,`user_id`,`updated_at` FROM `lb_tokens` WHERE `token` = '1KmmNXGxgj5wT9nUhIt2jtNkK5JQKvvm'  [ RunTime:0.0003s ]
SQL: SELECT `user_id` FROM `lb_tokens` WHERE `token` = '1KmmNXGxgj5wT9nUhIt2jtNkK5JQKvvm'  [ RunTime:0.0002s ]
SQL: SHOW COLUMNS FROM `lb_merchants` [ RunTime:0.0011s ]
SQL: SELECT `id` FROM `lb_merchants` WHERE `user_id` = 1 LIMIT 1   [ RunTime:0.0002s ]
SQL: SHOW COLUMNS FROM `lb_drivers` [ RunTime:0.0010s ]
SQL: SELECT * FROM `lb_drivers` INNER JOIN lb_trucks on lb_drivers.user_id = lb_trucks.driver_id  WHERE ( lb_drivers.isFree = 1 AND lb_trucks.cate_id = 1 )  [ RunTime:0.0004s ]
SQL: SHOW COLUMNS FROM `lb_transport_demands` [ RunTime:0.0010s ]
SQL: INSERT INTO `lb_transport_demands` (`cate_id`,`driver_id`,`ispoint`,`merchant_id`,`status`,`created_at`,`updated_at`) VALUES ('1','3','0','1','未确认','2015-04-28 14:59:45','2015-04-28 14:59:45') [ RunTime:0.0004s ]
SQL: SHOW COLUMNS FROM `lb_users` [ RunTime:0.0016s ]
SQL: SELECT `mobile`,`avatar`,`name` FROM `lb_users` WHERE `id` = 1  [ RunTime:0.0003s ]
NOTIC: [8] Undefined index: mobile /Applications/MAMP/htdocs/banar/Application/Api/Controller/MerchantController.class.php 第 311 行.
NOTIC: [8] Undefined index: avatar /Applications/MAMP/htdocs/banar/Application/Api/Controller/MerchantController.class.php 第 312 行.
NOTIC: [8] Undefined index: name /Applications/MAMP/htdocs/banar/Application/Api/Controller/MerchantController.class.php 第 313 行.
SQL: SHOW COLUMNS FROM `lb_j_push_users` [ RunTime:0.0012s ]
SQL: SELECT `registrationID` FROM `lb_j_push_users` WHERE `user_id` = 3 LIMIT 1   [ RunTime:0.0002s ]

[ 2015-04-28T15:00:00+08:00 ] ::1 /banar/index.php/Api/transportDemand/addTransportDemandAuto
INFO: [ app_init ] --START--
INFO: Run Behavior\BuildLiteBehavior [ RunTime:0.000036s ]
INFO: [ app_init ] --END-- [ RunTime:0.000547s ]
INFO: [ app_begin ] --START--
INFO: Run Behavior\ReadHtmlCacheBehavior [ RunTime:0.000652s ]
INFO: [ app_begin ] --END-- [ RunTime:0.000823s ]
SQL: SHOW COLUMNS FROM `lb_tokens` [ RunTime:0.0011s ]
SQL: SELECT `userType`,`user_id`,`updated_at` FROM `lb_tokens` WHERE `token` = '1KmmNXGxgj5wT9nUhIt2jtNkK5JQKvvm'  [ RunTime:0.0003s ]
SQL: SELECT `user_id` FROM `lb_tokens` WHERE `token` = '1KmmNXGxgj5wT9nUhIt2jtNkK5JQKvvm'  [ RunTime:0.0002s ]
SQL: SHOW COLUMNS FROM `lb_merchants` [ RunTime:0.0012s ]
SQL: SELECT `id` FROM `lb_merchants` WHERE `user_id` = 1 LIMIT 1   [ RunTime:0.0003s ]
SQL: SHOW COLUMNS FROM `lb_drivers` [ RunTime:0.0013s ]
SQL: SELECT * FROM `lb_drivers` INNER JOIN lb_trucks on lb_drivers.user_id = lb_trucks.driver_id  WHERE ( lb_drivers.isFree = 1 AND lb_trucks.cate_id = 1 )  [ RunTime:0.0004s ]
SQL: SHOW COLUMNS FROM `lb_transport_demands` [ RunTime:0.0013s ]
SQL: INSERT INTO `lb_transport_demands` (`cate_id`,`driver_id`,`ispoint`,`merchant_id`,`status`,`created_at`,`updated_at`) VALUES ('1','7','0','1','未确认','2015-04-28 15:00:00','2015-04-28 15:00:00') [ RunTime:0.0006s ]
SQL: SHOW COLUMNS FROM `lb_users` [ RunTime:0.0014s ]
SQL: SELECT `mobile`,`avatar`,`name` FROM `lb_users` WHERE `id` = 1  [ RunTime:0.0003s ]
NOTIC: [8] Undefined index: mobile /Applications/MAMP/htdocs/banar/Application/Api/Controller/MerchantController.class.php 第 311 行.
NOTIC: [8] Undefined index: avatar /Applications/MAMP/htdocs/banar/Application/Api/Controller/MerchantController.class.php 第 312 行.
NOTIC: [8] Undefined index: name /Applications/MAMP/htdocs/banar/Application/Api/Controller/MerchantController.class.php 第 313 行.
SQL: SHOW COLUMNS FROM `lb_j_push_users` [ RunTime:0.0012s ]
SQL: SELECT `registrationID` FROM `lb_j_push_users` WHERE `user_id` = 7 LIMIT 1   [ RunTime:0.0002s ]
ERR: Invalid registration_id[0], registration_id[0] must be a string
NOTIC: [2] Cannot modify header information - headers already sent by (output started at /Applications/MAMP/htdocs/banar/Application/Api/Controller/MerchantController.class.php:316) /Applications/MAMP/htdocs/banar/ThinkPHP/Library/Think/Think.class.php 第 229 行.
NOTIC: [2] Cannot modify header information - headers already sent by (output started at /Applications/MAMP/htdocs/banar/Application/Api/Controller/MerchantController.class.php:316) /Applications/MAMP/htdocs/banar/ThinkPHP/Library/Think/Think.class.php 第 230 行.

[ 2015-04-28T15:00:02+08:00 ] ::1 /banar/index.php/Api/transportDemand/addTransportDemandAuto
INFO: [ app_init ] --START--
INFO: Run Behavior\BuildLiteBehavior [ RunTime:0.000036s ]
INFO: [ app_init ] --END-- [ RunTime:0.000533s ]
INFO: [ app_begin ] --START--
INFO: Run Behavior\ReadHtmlCacheBehavior [ RunTime:0.000587s ]
INFO: [ app_begin ] --END-- [ RunTime:0.000740s ]
SQL: SHOW COLUMNS FROM `lb_tokens` [ RunTime:0.0015s ]
SQL: SELECT `userType`,`user_id`,`updated_at` FROM `lb_tokens` WHERE `token` = '1KmmNXGxgj5wT9nUhIt2jtNkK5JQKvvm'  [ RunTime:0.0004s ]
SQL: SELECT `user_id` FROM `lb_tokens` WHERE `token` = '1KmmNXGxgj5wT9nUhIt2jtNkK5JQKvvm'  [ RunTime:0.0004s ]
SQL: SHOW COLUMNS FROM `lb_merchants` [ RunTime:0.0012s ]
SQL: SELECT `id` FROM `lb_merchants` WHERE `user_id` = 1 LIMIT 1   [ RunTime:0.0003s ]
SQL: SHOW COLUMNS FROM `lb_drivers` [ RunTime:0.0014s ]
SQL: SELECT * FROM `lb_drivers` INNER JOIN lb_trucks on lb_drivers.user_id = lb_trucks.driver_id  WHERE ( lb_drivers.isFree = 1 AND lb_trucks.cate_id = 1 )  [ RunTime:0.0005s ]
SQL: SHOW COLUMNS FROM `lb_transport_demands` [ RunTime:0.0014s ]
SQL: INSERT INTO `lb_transport_demands` (`cate_id`,`driver_id`,`ispoint`,`merchant_id`,`status`,`created_at`,`updated_at`) VALUES ('1','7','0','1','未确认','2015-04-28 15:00:02','2015-04-28 15:00:02') [ RunTime:0.0007s ]
SQL: SHOW COLUMNS FROM `lb_users` [ RunTime:0.0012s ]
SQL: SELECT `mobile`,`avatar`,`name` FROM `lb_users` WHERE `id` = 1  [ RunTime:0.0002s ]
NOTIC: [8] Undefined index: mobile /Applications/MAMP/htdocs/banar/Application/Api/Controller/MerchantController.class.php 第 311 行.
NOTIC: [8] Undefined index: avatar /Applications/MAMP/htdocs/banar/Application/Api/Controller/MerchantController.class.php 第 312 行.
NOTIC: [8] Undefined index: name /Applications/MAMP/htdocs/banar/Application/Api/Controller/MerchantController.class.php 第 313 行.
SQL: SHOW COLUMNS FROM `lb_j_push_users` [ RunTime:0.0010s ]
SQL: SELECT `registrationID` FROM `lb_j_push_users` WHERE `user_id` = 7 LIMIT 1   [ RunTime:0.0002s ]
ERR: Invalid registration_id[0], registration_id[0] must be a string
NOTIC: [2] Cannot modify header information - headers already sent by (output started at /Applications/MAMP/htdocs/banar/Application/Api/Controller/MerchantController.class.php:316) /Applications/MAMP/htdocs/banar/ThinkPHP/Library/Think/Think.class.php 第 229 行.
NOTIC: [2] Cannot modify header information - headers already sent by (output started at /Applications/MAMP/htdocs/banar/Application/Api/Controller/MerchantController.class.php:316) /Applications/MAMP/htdocs/banar/ThinkPHP/Library/Think/Think.class.php 第 230 行.

[ 2015-04-28T15:00:02+08:00 ] ::1 /banar/index.php/Api/transportDemand/addTransportDemandAuto
INFO: [ app_init ] --START--
INFO: Run Behavior\BuildLiteBehavior [ RunTime:0.000058s ]
INFO: [ app_init ] --END-- [ RunTime:0.000897s ]
INFO: [ app_begin ] --START--
INFO: Run Behavior\ReadHtmlCacheBehavior [ RunTime:0.000696s ]
INFO: [ app_begin ] --END-- [ RunTime:0.000869s ]
SQL: SHOW COLUMNS FROM `lb_tokens` [ RunTime:0.0012s ]
SQL: SELECT `userType`,`user_id`,`updated_at` FROM `lb_tokens` WHERE `token` = '1KmmNXGxgj5wT9nUhIt2jtNkK5JQKvvm'  [ RunTime:0.0003s ]
SQL: SELECT `user_id` FROM `lb_tokens` WHERE `token` = '1KmmNXGxgj5wT9nUhIt2jtNkK5JQKvvm'  [ RunTime:0.0002s ]
SQL: SHOW COLUMNS FROM `lb_merchants` [ RunTime:0.0010s ]
SQL: SELECT `id` FROM `lb_merchants` WHERE `user_id` = 1 LIMIT 1   [ RunTime:0.0002s ]
SQL: SHOW COLUMNS FROM `lb_drivers` [ RunTime:0.0010s ]
SQL: SELECT * FROM `lb_drivers` INNER JOIN lb_trucks on lb_drivers.user_id = lb_trucks.driver_id  WHERE ( lb_drivers.isFree = 1 AND lb_trucks.cate_id = 1 )  [ RunTime:0.0004s ]
SQL: SHOW COLUMNS FROM `lb_transport_demands` [ RunTime:0.0010s ]
SQL: INSERT INTO `lb_transport_demands` (`cate_id`,`driver_id`,`ispoint`,`merchant_id`,`status`,`created_at`,`updated_at`) VALUES ('1','6','0','1','未确认','2015-04-28 15:00:02','2015-04-28 15:00:02') [ RunTime:0.0006s ]
SQL: SHOW COLUMNS FROM `lb_users` [ RunTime:0.0012s ]
SQL: SELECT `mobile`,`avatar`,`name` FROM `lb_users` WHERE `id` = 1  [ RunTime:0.0002s ]
NOTIC: [8] Undefined index: mobile /Applications/MAMP/htdocs/banar/Application/Api/Controller/MerchantController.class.php 第 311 行.
NOTIC: [8] Undefined index: avatar /Applications/MAMP/htdocs/banar/Application/Api/Controller/MerchantController.class.php 第 312 行.
NOTIC: [8] Undefined index: name /Applications/MAMP/htdocs/banar/Application/Api/Controller/MerchantController.class.php 第 313 行.
SQL: SHOW COLUMNS FROM `lb_j_push_users` [ RunTime:0.0009s ]
SQL: SELECT `registrationID` FROM `lb_j_push_users` WHERE `user_id` = 6 LIMIT 1   [ RunTime:0.0002s ]
ERR: Invalid registration_id[0], registration_id[0] must be a string
NOTIC: [2] Cannot modify header information - headers already sent by (output started at /Applications/MAMP/htdocs/banar/Application/Api/Controller/MerchantController.class.php:316) /Applications/MAMP/htdocs/banar/ThinkPHP/Library/Think/Think.class.php 第 229 行.
NOTIC: [2] Cannot modify header information - headers already sent by (output started at /Applications/MAMP/htdocs/banar/Application/Api/Controller/MerchantController.class.php:316) /Applications/MAMP/htdocs/banar/ThinkPHP/Library/Think/Think.class.php 第 230 行.

[ 2015-04-28T15:00:03+08:00 ] ::1 /banar/index.php/Api/transportDemand/addTransportDemandAuto
INFO: [ app_init ] --START--
INFO: Run Behavior\BuildLiteBehavior [ RunTime:0.000036s ]
INFO: [ app_init ] --END-- [ RunTime:0.000533s ]
INFO: [ app_begin ] --START--
INFO: Run Behavior\ReadHtmlCacheBehavior [ RunTime:0.001037s ]
INFO: [ app_begin ] --END-- [ RunTime:0.001384s ]
SQL: SHOW COLUMNS FROM `lb_tokens` [ RunTime:0.0011s ]
SQL: SELECT `userType`,`user_id`,`updated_at` FROM `lb_tokens` WHERE `token` = '1KmmNXGxgj5wT9nUhIt2jtNkK5JQKvvm'  [ RunTime:0.0003s ]
SQL: SELECT `user_id` FROM `lb_tokens` WHERE `token` = '1KmmNXGxgj5wT9nUhIt2jtNkK5JQKvvm'  [ RunTime:0.0004s ]
SQL: SHOW COLUMNS FROM `lb_merchants` [ RunTime:0.0011s ]
SQL: SELECT `id` FROM `lb_merchants` WHERE `user_id` = 1 LIMIT 1   [ RunTime:0.0002s ]
SQL: SHOW COLUMNS FROM `lb_drivers` [ RunTime:0.0013s ]
SQL: SELECT * FROM `lb_drivers` INNER JOIN lb_trucks on lb_drivers.user_id = lb_trucks.driver_id  WHERE ( lb_drivers.isFree = 1 AND lb_trucks.cate_id = 1 )  [ RunTime:0.0004s ]
SQL: SHOW COLUMNS FROM `lb_transport_demands` [ RunTime:0.0011s ]
SQL: INSERT INTO `lb_transport_demands` (`cate_id`,`driver_id`,`ispoint`,`merchant_id`,`status`,`created_at`,`updated_at`) VALUES ('1','3','0','1','未确认','2015-04-28 15:00:03','2015-04-28 15:00:03') [ RunTime:0.0008s ]
SQL: SHOW COLUMNS FROM `lb_users` [ RunTime:0.0013s ]
SQL: SELECT `mobile`,`avatar`,`name` FROM `lb_users` WHERE `id` = 1  [ RunTime:0.0003s ]
NOTIC: [8] Undefined index: mobile /Applications/MAMP/htdocs/banar/Application/Api/Controller/MerchantController.class.php 第 311 行.
NOTIC: [8] Undefined index: avatar /Applications/MAMP/htdocs/banar/Application/Api/Controller/MerchantController.class.php 第 312 行.
NOTIC: [8] Undefined index: name /Applications/MAMP/htdocs/banar/Application/Api/Controller/MerchantController.class.php 第 313 行.
SQL: SHOW COLUMNS FROM `lb_j_push_users` [ RunTime:0.0009s ]
SQL: SELECT `registrationID` FROM `lb_j_push_users` WHERE `user_id` = 3 LIMIT 1   [ RunTime:0.0002s ]

[ 2015-04-28T15:00:03+08:00 ] ::1 /banar/index.php/Api/transportDemand/addTransportDemandAuto
INFO: [ app_init ] --START--
INFO: Run Behavior\BuildLiteBehavior [ RunTime:0.000036s ]
INFO: [ app_init ] --END-- [ RunTime:0.000538s ]
INFO: [ app_begin ] --START--
INFO: Run Behavior\ReadHtmlCacheBehavior [ RunTime:0.000601s ]
INFO: [ app_begin ] --END-- [ RunTime:0.000755s ]
SQL: SHOW COLUMNS FROM `lb_tokens` [ RunTime:0.0012s ]
SQL: SELECT `userType`,`user_id`,`updated_at` FROM `lb_tokens` WHERE `token` = '1KmmNXGxgj5wT9nUhIt2jtNkK5JQKvvm'  [ RunTime:0.0003s ]
SQL: SELECT `user_id` FROM `lb_tokens` WHERE `token` = '1KmmNXGxgj5wT9nUhIt2jtNkK5JQKvvm'  [ RunTime:0.0003s ]
SQL: SHOW COLUMNS FROM `lb_merchants` [ RunTime:0.0014s ]
SQL: SELECT `id` FROM `lb_merchants` WHERE `user_id` = 1 LIMIT 1   [ RunTime:0.0003s ]
SQL: SHOW COLUMNS FROM `lb_drivers` [ RunTime:0.0011s ]
SQL: SELECT * FROM `lb_drivers` INNER JOIN lb_trucks on lb_drivers.user_id = lb_trucks.driver_id  WHERE ( lb_drivers.isFree = 1 AND lb_trucks.cate_id = 1 )  [ RunTime:0.0004s ]
SQL: SHOW COLUMNS FROM `lb_transport_demands` [ RunTime:0.0010s ]
SQL: INSERT INTO `lb_transport_demands` (`cate_id`,`driver_id`,`ispoint`,`merchant_id`,`status`,`created_at`,`updated_at`) VALUES ('1','7','0','1','未确认','2015-04-28 15:00:03','2015-04-28 15:00:03') [ RunTime:0.0005s ]
SQL: SHOW COLUMNS FROM `lb_users` [ RunTime:0.0011s ]
SQL: SELECT `mobile`,`avatar`,`name` FROM `lb_users` WHERE `id` = 1  [ RunTime:0.0002s ]
NOTIC: [8] Undefined index: mobile /Applications/MAMP/htdocs/banar/Application/Api/Controller/MerchantController.class.php 第 311 行.
NOTIC: [8] Undefined index: avatar /Applications/MAMP/htdocs/banar/Application/Api/Controller/MerchantController.class.php 第 312 行.
NOTIC: [8] Undefined index: name /Applications/MAMP/htdocs/banar/Application/Api/Controller/MerchantController.class.php 第 313 行.
SQL: SHOW COLUMNS FROM `lb_j_push_users` [ RunTime:0.0010s ]
SQL: SELECT `registrationID` FROM `lb_j_push_users` WHERE `user_id` = 7 LIMIT 1   [ RunTime:0.0002s ]
ERR: Invalid registration_id[0], registration_id[0] must be a string
NOTIC: [2] Cannot modify header information - headers already sent by (output started at /Applications/MAMP/htdocs/banar/Application/Api/Controller/MerchantController.class.php:316) /Applications/MAMP/htdocs/banar/ThinkPHP/Library/Think/Think.class.php 第 229 行.
NOTIC: [2] Cannot modify header information - headers already sent by (output started at /Applications/MAMP/htdocs/banar/Application/Api/Controller/MerchantController.class.php:316) /Applications/MAMP/htdocs/banar/ThinkPHP/Library/Think/Think.class.php 第 230 行.

[ 2015-04-28T15:00:06+08:00 ] ::1 /banar/index.php/Api/transportDemand/addTransportDemandAuto
INFO: [ app_init ] --START--
INFO: Run Behavior\BuildLiteBehavior [ RunTime:0.000039s ]
INFO: [ app_init ] --END-- [ RunTime:0.000589s ]
INFO: [ app_begin ] --START--
INFO: Run Behavior\ReadHtmlCacheBehavior [ RunTime:0.000622s ]
INFO: [ app_begin ] --END-- [ RunTime:0.000824s ]
SQL: SHOW COLUMNS FROM `lb_tokens` [ RunTime:0.0029s ]
SQL: SELECT `userType`,`user_id`,`updated_at` FROM `lb_tokens` WHERE `token` = '1KmmNXGxgj5wT9nUhIt2jtNkK5JQKvvm'  [ RunTime:0.0003s ]
SQL: SELECT `user_id` FROM `lb_tokens` WHERE `token` = '1KmmNXGxgj5wT9nUhIt2jtNkK5JQKvvm'  [ RunTime:0.0002s ]
SQL: SHOW COLUMNS FROM `lb_merchants` [ RunTime:0.0011s ]
SQL: SELECT `id` FROM `lb_merchants` WHERE `user_id` = 1 LIMIT 1   [ RunTime:0.0002s ]
SQL: SHOW COLUMNS FROM `lb_drivers` [ RunTime:0.0010s ]
SQL: SELECT * FROM `lb_drivers` INNER JOIN lb_trucks on lb_drivers.user_id = lb_trucks.driver_id  WHERE ( lb_drivers.isFree = 1 AND lb_trucks.cate_id = 1 )  [ RunTime:0.0003s ]
SQL: SHOW COLUMNS FROM `lb_transport_demands` [ RunTime:0.0013s ]
SQL: INSERT INTO `lb_transport_demands` (`cate_id`,`driver_id`,`ispoint`,`merchant_id`,`status`,`created_at`,`updated_at`) VALUES ('1','7','0','1','未确认','2015-04-28 15:00:06','2015-04-28 15:00:06') [ RunTime:0.0005s ]
SQL: SHOW COLUMNS FROM `lb_users` [ RunTime:0.0012s ]
SQL: SELECT `mobile`,`avatar`,`name` FROM `lb_users` WHERE `id` = 1  [ RunTime:0.0003s ]
NOTIC: [8] Undefined index: mobile /Applications/MAMP/htdocs/banar/Application/Api/Controller/MerchantController.class.php 第 311 行.
NOTIC: [8] Undefined index: avatar /Applications/MAMP/htdocs/banar/Application/Api/Controller/MerchantController.class.php 第 312 行.
NOTIC: [8] Undefined index: name /Applications/MAMP/htdocs/banar/Application/Api/Controller/MerchantController.class.php 第 313 行.
SQL: SHOW COLUMNS FROM `lb_j_push_users` [ RunTime:0.0011s ]
SQL: SELECT `registrationID` FROM `lb_j_push_users` WHERE `user_id` = 7 LIMIT 1   [ RunTime:0.0003s ]
ERR: Invalid registration_id[0], registration_id[0] must be a string
NOTIC: [2] Cannot modify header information - headers already sent by (output started at /Applications/MAMP/htdocs/banar/Application/Api/Controller/MerchantController.class.php:316) /Applications/MAMP/htdocs/banar/ThinkPHP/Library/Think/Think.class.php 第 229 行.
NOTIC: [2] Cannot modify header information - headers already sent by (output started at /Applications/MAMP/htdocs/banar/Application/Api/Controller/MerchantController.class.php:316) /Applications/MAMP/htdocs/banar/ThinkPHP/Library/Think/Think.class.php 第 230 行.

[ 2015-04-28T15:00:07+08:00 ] ::1 /banar/index.php/Api/transportDemand/addTransportDemandAuto
INFO: [ app_init ] --START--
INFO: Run Behavior\BuildLiteBehavior [ RunTime:0.000088s ]
INFO: [ app_init ] --END-- [ RunTime:0.000866s ]
INFO: [ app_begin ] --START--
INFO: Run Behavior\ReadHtmlCacheBehavior [ RunTime:0.000685s ]
INFO: [ app_begin ] --END-- [ RunTime:0.000849s ]
SQL: SHOW COLUMNS FROM `lb_tokens` [ RunTime:0.0016s ]
SQL: SELECT `userType`,`user_id`,`updated_at` FROM `lb_tokens` WHERE `token` = '1KmmNXGxgj5wT9nUhIt2jtNkK5JQKvvm'  [ RunTime:0.0003s ]
SQL: SELECT `user_id` FROM `lb_tokens` WHERE `token` = '1KmmNXGxgj5wT9nUhIt2jtNkK5JQKvvm'  [ RunTime:0.0003s ]
SQL: SHOW COLUMNS FROM `lb_merchants` [ RunTime:0.0010s ]
SQL: SELECT `id` FROM `lb_merchants` WHERE `user_id` = 1 LIMIT 1   [ RunTime:0.0003s ]
SQL: SHOW COLUMNS FROM `lb_drivers` [ RunTime:0.0011s ]
SQL: SELECT * FROM `lb_drivers` INNER JOIN lb_trucks on lb_drivers.user_id = lb_trucks.driver_id  WHERE ( lb_drivers.isFree = 1 AND lb_trucks.cate_id = 1 )  [ RunTime:0.0004s ]
SQL: SHOW COLUMNS FROM `lb_transport_demands` [ RunTime:0.0011s ]
SQL: INSERT INTO `lb_transport_demands` (`cate_id`,`driver_id`,`ispoint`,`merchant_id`,`status`,`created_at`,`updated_at`) VALUES ('1','3','0','1','未确认','2015-04-28 15:00:07','2015-04-28 15:00:07') [ RunTime:0.0006s ]
SQL: SHOW COLUMNS FROM `lb_users` [ RunTime:0.0012s ]
SQL: SELECT `mobile`,`avatar`,`name` FROM `lb_users` WHERE `id` = 1  [ RunTime:0.0002s ]
NOTIC: [8] Undefined index: mobile /Applications/MAMP/htdocs/banar/Application/Api/Controller/MerchantController.class.php 第 311 行.
NOTIC: [8] Undefined index: avatar /Applications/MAMP/htdocs/banar/Application/Api/Controller/MerchantController.class.php 第 312 行.
NOTIC: [8] Undefined index: name /Applications/MAMP/htdocs/banar/Application/Api/Controller/MerchantController.class.php 第 313 行.
SQL: SHOW COLUMNS FROM `lb_j_push_users` [ RunTime:0.0010s ]
SQL: SELECT `registrationID` FROM `lb_j_push_users` WHERE `user_id` = 3 LIMIT 1   [ RunTime:0.0003s ]

[ 2015-04-28T15:00:19+08:00 ] ::1 /banar/index.php/Api/transportDemand/addTransportDemandAuto
INFO: [ app_init ] --START--
INFO: Run Behavior\BuildLiteBehavior [ RunTime:0.000035s ]
INFO: [ app_init ] --END-- [ RunTime:0.000525s ]
INFO: [ app_begin ] --START--
INFO: Run Behavior\ReadHtmlCacheBehavior [ RunTime:0.000654s ]
INFO: [ app_begin ] --END-- [ RunTime:0.000808s ]
SQL: SHOW COLUMNS FROM `lb_tokens` [ RunTime:0.0012s ]
SQL: SELECT `userType`,`user_id`,`updated_at` FROM `lb_tokens` WHERE `token` = '1KmmNXGxgj5wT9nUhIt2jtNkK5JQKvvm'  [ RunTime:0.0003s ]
SQL: SELECT `user_id` FROM `lb_tokens` WHERE `token` = '1KmmNXGxgj5wT9nUhIt2jtNkK5JQKvvm'  [ RunTime:0.0002s ]
SQL: SHOW COLUMNS FROM `lb_merchants` [ RunTime:0.0010s ]
SQL: SELECT `id` FROM `lb_merchants` WHERE `user_id` = 1 LIMIT 1   [ RunTime:0.0002s ]
SQL: SHOW COLUMNS FROM `lb_drivers` [ RunTime:0.0012s ]
SQL: SELECT * FROM `lb_drivers` INNER JOIN lb_trucks on lb_drivers.user_id = lb_trucks.driver_id  WHERE ( lb_drivers.isFree = 1 AND lb_trucks.cate_id = 1 )  [ RunTime:0.0004s ]
SQL: SHOW COLUMNS FROM `lb_transport_demands` [ RunTime:0.0014s ]
SQL: INSERT INTO `lb_transport_demands` (`cate_id`,`driver_id`,`ispoint`,`merchant_id`,`status`,`created_at`,`updated_at`) VALUES ('1','4','0','1','未确认','2015-04-28 15:00:19','2015-04-28 15:00:19') [ RunTime:0.0007s ]
SQL: SHOW COLUMNS FROM `lb_users` [ RunTime:0.0012s ]
SQL: SELECT `mobile`,`avatar`,`name` FROM `lb_users` WHERE `id` = 1  [ RunTime:0.0002s ]
NOTIC: [8] Undefined index: mobile /Applications/MAMP/htdocs/banar/Application/Api/Controller/MerchantController.class.php 第 311 行.
NOTIC: [8] Undefined index: avatar /Applications/MAMP/htdocs/banar/Application/Api/Controller/MerchantController.class.php 第 312 行.
NOTIC: [8] Undefined index: name /Applications/MAMP/htdocs/banar/Application/Api/Controller/MerchantController.class.php 第 313 行.
SQL: SHOW COLUMNS FROM `lb_j_push_users` [ RunTime:0.0010s ]
SQL: SELECT `registrationID` FROM `lb_j_push_users` WHERE `user_id` = 4 LIMIT 1   [ RunTime:0.0002s ]
ERR: Invalid registration_id[0], registration_id[0] must be a string
NOTIC: [2] Cannot modify header information - headers already sent by (output started at /Applications/MAMP/htdocs/banar/Application/Api/Controller/MerchantController.class.php:316) /Applications/MAMP/htdocs/banar/ThinkPHP/Library/Think/Think.class.php 第 229 行.
NOTIC: [2] Cannot modify header information - headers already sent by (output started at /Applications/MAMP/htdocs/banar/Application/Api/Controller/MerchantController.class.php:316) /Applications/MAMP/htdocs/banar/ThinkPHP/Library/Think/Think.class.php 第 230 行.

[ 2015-04-28T15:00:19+08:00 ] ::1 /banar/index.php/Api/transportDemand/addTransportDemandAuto
INFO: [ app_init ] --START--
INFO: Run Behavior\BuildLiteBehavior [ RunTime:0.000065s ]
INFO: [ app_init ] --END-- [ RunTime:0.000703s ]
INFO: [ app_begin ] --START--
INFO: Run Behavior\ReadHtmlCacheBehavior [ RunTime:0.000620s ]
INFO: [ app_begin ] --END-- [ RunTime:0.000784s ]
SQL: SHOW COLUMNS FROM `lb_tokens` [ RunTime:0.0015s ]
SQL: SELECT `userType`,`user_id`,`updated_at` FROM `lb_tokens` WHERE `token` = '1KmmNXGxgj5wT9nUhIt2jtNkK5JQKvvm'  [ RunTime:0.0003s ]
SQL: SELECT `user_id` FROM `lb_tokens` WHERE `token` = '1KmmNXGxgj5wT9nUhIt2jtNkK5JQKvvm'  [ RunTime:0.0002s ]
SQL: SHOW COLUMNS FROM `lb_merchants` [ RunTime:0.0010s ]
SQL: SELECT `id` FROM `lb_merchants` WHERE `user_id` = 1 LIMIT 1   [ RunTime:0.0003s ]
SQL: SHOW COLUMNS FROM `lb_drivers` [ RunTime:0.0011s ]
SQL: SELECT * FROM `lb_drivers` INNER JOIN lb_trucks on lb_drivers.user_id = lb_trucks.driver_id  WHERE ( lb_drivers.isFree = 1 AND lb_trucks.cate_id = 1 )  [ RunTime:0.0004s ]
SQL: SHOW COLUMNS FROM `lb_transport_demands` [ RunTime:0.0015s ]
SQL: INSERT INTO `lb_transport_demands` (`cate_id`,`driver_id`,`ispoint`,`merchant_id`,`status`,`created_at`,`updated_at`) VALUES ('1','4','0','1','未确认','2015-04-28 15:00:19','2015-04-28 15:00:19') [ RunTime:0.0011s ]
SQL: SHOW COLUMNS FROM `lb_users` [ RunTime:0.0011s ]
SQL: SELECT `mobile`,`avatar`,`name` FROM `lb_users` WHERE `id` = 1  [ RunTime:0.0002s ]
NOTIC: [8] Undefined index: mobile /Applications/MAMP/htdocs/banar/Application/Api/Controller/MerchantController.class.php 第 311 行.
NOTIC: [8] Undefined index: avatar /Applications/MAMP/htdocs/banar/Application/Api/Controller/MerchantController.class.php 第 312 行.
NOTIC: [8] Undefined index: name /Applications/MAMP/htdocs/banar/Application/Api/Controller/MerchantController.class.php 第 313 行.
SQL: SHOW COLUMNS FROM `lb_j_push_users` [ RunTime:0.0010s ]
SQL: SELECT `registrationID` FROM `lb_j_push_users` WHERE `user_id` = 4 LIMIT 1   [ RunTime:0.0002s ]
ERR: Invalid registration_id[0], registration_id[0] must be a string
NOTIC: [2] Cannot modify header information - headers already sent by (output started at /Applications/MAMP/htdocs/banar/Application/Api/Controller/MerchantController.class.php:316) /Applications/MAMP/htdocs/banar/ThinkPHP/Library/Think/Think.class.php 第 229 行.
NOTIC: [2] Cannot modify header information - headers already sent by (output started at /Applications/MAMP/htdocs/banar/Application/Api/Controller/MerchantController.class.php:316) /Applications/MAMP/htdocs/banar/ThinkPHP/Library/Think/Think.class.php 第 230 行.

[ 2015-04-28T15:00:20+08:00 ] ::1 /banar/index.php/Api/transportDemand/addTransportDemandAuto
INFO: [ app_init ] --START--
INFO: Run Behavior\BuildLiteBehavior [ RunTime:0.000058s ]
INFO: [ app_init ] --END-- [ RunTime:0.000823s ]
INFO: [ app_begin ] --START--
INFO: Run Behavior\ReadHtmlCacheBehavior [ RunTime:0.000841s ]
INFO: [ app_begin ] --END-- [ RunTime:0.001027s ]
SQL: SHOW COLUMNS FROM `lb_tokens` [ RunTime:0.0011s ]
SQL: SELECT `userType`,`user_id`,`updated_at` FROM `lb_tokens` WHERE `token` = '1KmmNXGxgj5wT9nUhIt2jtNkK5JQKvvm'  [ RunTime:0.0004s ]
SQL: SELECT `user_id` FROM `lb_tokens` WHERE `token` = '1KmmNXGxgj5wT9nUhIt2jtNkK5JQKvvm'  [ RunTime:0.0002s ]
SQL: SHOW COLUMNS FROM `lb_merchants` [ RunTime:0.0010s ]
SQL: SELECT `id` FROM `lb_merchants` WHERE `user_id` = 1 LIMIT 1   [ RunTime:0.0002s ]
SQL: SHOW COLUMNS FROM `lb_drivers` [ RunTime:0.0018s ]
SQL: SELECT * FROM `lb_drivers` INNER JOIN lb_trucks on lb_drivers.user_id = lb_trucks.driver_id  WHERE ( lb_drivers.isFree = 1 AND lb_trucks.cate_id = 1 )  [ RunTime:0.0004s ]
SQL: SHOW COLUMNS FROM `lb_transport_demands` [ RunTime:0.0016s ]
SQL: INSERT INTO `lb_transport_demands` (`cate_id`,`driver_id`,`ispoint`,`merchant_id`,`status`,`created_at`,`updated_at`) VALUES ('1','4','0','1','未确认','2015-04-28 15:00:20','2015-04-28 15:00:20') [ RunTime:0.0007s ]
SQL: SHOW COLUMNS FROM `lb_users` [ RunTime:0.0015s ]
SQL: SELECT `mobile`,`avatar`,`name` FROM `lb_users` WHERE `id` = 1  [ RunTime:0.0003s ]
NOTIC: [8] Undefined index: mobile /Applications/MAMP/htdocs/banar/Application/Api/Controller/MerchantController.class.php 第 311 行.
NOTIC: [8] Undefined index: avatar /Applications/MAMP/htdocs/banar/Application/Api/Controller/MerchantController.class.php 第 312 行.
NOTIC: [8] Undefined index: name /Applications/MAMP/htdocs/banar/Application/Api/Controller/MerchantController.class.php 第 313 行.
SQL: SHOW COLUMNS FROM `lb_j_push_users` [ RunTime:0.0011s ]
SQL: SELECT `registrationID` FROM `lb_j_push_users` WHERE `user_id` = 4 LIMIT 1   [ RunTime:0.0002s ]
ERR: Invalid registration_id[0], registration_id[0] must be a string
NOTIC: [2] Cannot modify header information - headers already sent by (output started at /Applications/MAMP/htdocs/banar/Application/Api/Controller/MerchantController.class.php:316) /Applications/MAMP/htdocs/banar/ThinkPHP/Library/Think/Think.class.php 第 229 行.
NOTIC: [2] Cannot modify header information - headers already sent by (output started at /Applications/MAMP/htdocs/banar/Application/Api/Controller/MerchantController.class.php:316) /Applications/MAMP/htdocs/banar/ThinkPHP/Library/Think/Think.class.php 第 230 行.

[ 2015-04-28T15:00:21+08:00 ] ::1 /banar/index.php/Api/transportDemand/addTransportDemandAuto
INFO: [ app_init ] --START--
INFO: Run Behavior\BuildLiteBehavior [ RunTime:0.000035s ]
INFO: [ app_init ] --END-- [ RunTime:0.000735s ]
INFO: [ app_begin ] --START--
INFO: Run Behavior\ReadHtmlCacheBehavior [ RunTime:0.000614s ]
INFO: [ app_begin ] --END-- [ RunTime:0.000771s ]
SQL: SHOW COLUMNS FROM `lb_tokens` [ RunTime:0.0011s ]
SQL: SELECT `userType`,`user_id`,`updated_at` FROM `lb_tokens` WHERE `token` = '1KmmNXGxgj5wT9nUhIt2jtNkK5JQKvvm'  [ RunTime:0.0003s ]
SQL: SELECT `user_id` FROM `lb_tokens` WHERE `token` = '1KmmNXGxgj5wT9nUhIt2jtNkK5JQKvvm'  [ RunTime:0.0002s ]
SQL: SHOW COLUMNS FROM `lb_merchants` [ RunTime:0.0010s ]
SQL: SELECT `id` FROM `lb_merchants` WHERE `user_id` = 1 LIMIT 1   [ RunTime:0.0002s ]
SQL: SHOW COLUMNS FROM `lb_drivers` [ RunTime:0.0010s ]
SQL: SELECT * FROM `lb_drivers` INNER JOIN lb_trucks on lb_drivers.user_id = lb_trucks.driver_id  WHERE ( lb_drivers.isFree = 1 AND lb_trucks.cate_id = 1 )  [ RunTime:0.0003s ]
SQL: SHOW COLUMNS FROM `lb_transport_demands` [ RunTime:0.0010s ]
SQL: INSERT INTO `lb_transport_demands` (`cate_id`,`driver_id`,`ispoint`,`merchant_id`,`status`,`created_at`,`updated_at`) VALUES ('1','7','0','1','未确认','2015-04-28 15:00:21','2015-04-28 15:00:21') [ RunTime:0.0005s ]
SQL: SHOW COLUMNS FROM `lb_users` [ RunTime:0.0012s ]
SQL: SELECT `mobile`,`avatar`,`name` FROM `lb_users` WHERE `id` = 1  [ RunTime:0.0002s ]
NOTIC: [8] Undefined index: mobile /Applications/MAMP/htdocs/banar/Application/Api/Controller/MerchantController.class.php 第 311 行.
NOTIC: [8] Undefined index: avatar /Applications/MAMP/htdocs/banar/Application/Api/Controller/MerchantController.class.php 第 312 行.
NOTIC: [8] Undefined index: name /Applications/MAMP/htdocs/banar/Application/Api/Controller/MerchantController.class.php 第 313 行.
SQL: SHOW COLUMNS FROM `lb_j_push_users` [ RunTime:0.0010s ]
SQL: SELECT `registrationID` FROM `lb_j_push_users` WHERE `user_id` = 7 LIMIT 1   [ RunTime:0.0002s ]
ERR: Invalid registration_id[0], registration_id[0] must be a string
NOTIC: [2] Cannot modify header information - headers already sent by (output started at /Applications/MAMP/htdocs/banar/Application/Api/Controller/MerchantController.class.php:316) /Applications/MAMP/htdocs/banar/ThinkPHP/Library/Think/Think.class.php 第 229 行.
NOTIC: [2] Cannot modify header information - headers already sent by (output started at /Applications/MAMP/htdocs/banar/Application/Api/Controller/MerchantController.class.php:316) /Applications/MAMP/htdocs/banar/ThinkPHP/Library/Think/Think.class.php 第 230 行.

[ 2015-04-28T15:00:21+08:00 ] ::1 /banar/index.php/Api/transportDemand/addTransportDemandAuto
INFO: [ app_init ] --START--
INFO: Run Behavior\BuildLiteBehavior [ RunTime:0.000043s ]
INFO: [ app_init ] --END-- [ RunTime:0.000652s ]
INFO: [ app_begin ] --START--
INFO: Run Behavior\ReadHtmlCacheBehavior [ RunTime:0.000752s ]
INFO: [ app_begin ] --END-- [ RunTime:0.000937s ]
SQL: SHOW COLUMNS FROM `lb_tokens` [ RunTime:0.0014s ]
SQL: SELECT `userType`,`user_id`,`updated_at` FROM `lb_tokens` WHERE `token` = '1KmmNXGxgj5wT9nUhIt2jtNkK5JQKvvm'  [ RunTime:0.0003s ]
SQL: SELECT `user_id` FROM `lb_tokens` WHERE `token` = '1KmmNXGxgj5wT9nUhIt2jtNkK5JQKvvm'  [ RunTime:0.0002s ]
SQL: SHOW COLUMNS FROM `lb_merchants` [ RunTime:0.0012s ]
SQL: SELECT `id` FROM `lb_merchants` WHERE `user_id` = 1 LIMIT 1   [ RunTime:0.0002s ]
SQL: SHOW COLUMNS FROM `lb_drivers` [ RunTime:0.0016s ]
SQL: SELECT * FROM `lb_drivers` INNER JOIN lb_trucks on lb_drivers.user_id = lb_trucks.driver_id  WHERE ( lb_drivers.isFree = 1 AND lb_trucks.cate_id = 1 )  [ RunTime:0.0009s ]
SQL: SHOW COLUMNS FROM `lb_transport_demands` [ RunTime:0.0020s ]
SQL: INSERT INTO `lb_transport_demands` (`cate_id`,`driver_id`,`ispoint`,`merchant_id`,`status`,`created_at`,`updated_at`) VALUES ('1','4','0','1','未确认','2015-04-28 15:00:21','2015-04-28 15:00:21') [ RunTime:0.0006s ]
SQL: SHOW COLUMNS FROM `lb_users` [ RunTime:0.0012s ]
SQL: SELECT `mobile`,`avatar`,`name` FROM `lb_users` WHERE `id` = 1  [ RunTime:0.0003s ]
NOTIC: [8] Undefined index: mobile /Applications/MAMP/htdocs/banar/Application/Api/Controller/MerchantController.class.php 第 311 行.
NOTIC: [8] Undefined index: avatar /Applications/MAMP/htdocs/banar/Application/Api/Controller/MerchantController.class.php 第 312 行.
NOTIC: [8] Undefined index: name /Applications/MAMP/htdocs/banar/Application/Api/Controller/MerchantController.class.php 第 313 行.
SQL: SHOW COLUMNS FROM `lb_j_push_users` [ RunTime:0.0014s ]
SQL: SELECT `registrationID` FROM `lb_j_push_users` WHERE `user_id` = 4 LIMIT 1   [ RunTime:0.0002s ]
ERR: Invalid registration_id[0], registration_id[0] must be a string
NOTIC: [2] Cannot modify header information - headers already sent by (output started at /Applications/MAMP/htdocs/banar/Application/Api/Controller/MerchantController.class.php:316) /Applications/MAMP/htdocs/banar/ThinkPHP/Library/Think/Think.class.php 第 229 行.
NOTIC: [2] Cannot modify header information - headers already sent by (output started at /Applications/MAMP/htdocs/banar/Application/Api/Controller/MerchantController.class.php:316) /Applications/MAMP/htdocs/banar/ThinkPHP/Library/Think/Think.class.php 第 230 行.

[ 2015-04-28T15:00:22+08:00 ] ::1 /banar/index.php/Api/transportDemand/addTransportDemandAuto
INFO: [ app_init ] --START--
INFO: Run Behavior\BuildLiteBehavior [ RunTime:0.000074s ]
INFO: [ app_init ] --END-- [ RunTime:0.001049s ]
INFO: [ app_begin ] --START--
INFO: Run Behavior\ReadHtmlCacheBehavior [ RunTime:0.000606s ]
INFO: [ app_begin ] --END-- [ RunTime:0.000762s ]
SQL: SHOW COLUMNS FROM `lb_tokens` [ RunTime:0.0012s ]
SQL: SELECT `userType`,`user_id`,`updated_at` FROM `lb_tokens` WHERE `token` = '1KmmNXGxgj5wT9nUhIt2jtNkK5JQKvvm'  [ RunTime:0.0003s ]
SQL: SELECT `user_id` FROM `lb_tokens` WHERE `token` = '1KmmNXGxgj5wT9nUhIt2jtNkK5JQKvvm'  [ RunTime:0.0003s ]
SQL: SHOW COLUMNS FROM `lb_merchants` [ RunTime:0.0010s ]
SQL: SELECT `id` FROM `lb_merchants` WHERE `user_id` = 1 LIMIT 1   [ RunTime:0.0002s ]
SQL: SHOW COLUMNS FROM `lb_drivers` [ RunTime:0.0014s ]
SQL: SELECT * FROM `lb_drivers` INNER JOIN lb_trucks on lb_drivers.user_id = lb_trucks.driver_id  WHERE ( lb_drivers.isFree = 1 AND lb_trucks.cate_id = 1 )  [ RunTime:0.0005s ]
SQL: SHOW COLUMNS FROM `lb_transport_demands` [ RunTime:0.0012s ]
SQL: INSERT INTO `lb_transport_demands` (`cate_id`,`driver_id`,`ispoint`,`merchant_id`,`status`,`created_at`,`updated_at`) VALUES ('1','4','0','1','未确认','2015-04-28 15:00:22','2015-04-28 15:00:22') [ RunTime:0.0005s ]
SQL: SHOW COLUMNS FROM `lb_users` [ RunTime:0.0014s ]
SQL: SELECT `mobile`,`avatar`,`name` FROM `lb_users` WHERE `id` = 1  [ RunTime:0.0003s ]
NOTIC: [8] Undefined index: mobile /Applications/MAMP/htdocs/banar/Application/Api/Controller/MerchantController.class.php 第 311 行.
NOTIC: [8] Undefined index: avatar /Applications/MAMP/htdocs/banar/Application/Api/Controller/MerchantController.class.php 第 312 行.
NOTIC: [8] Undefined index: name /Applications/MAMP/htdocs/banar/Application/Api/Controller/MerchantController.class.php 第 313 行.
SQL: SHOW COLUMNS FROM `lb_j_push_users` [ RunTime:0.0011s ]
SQL: SELECT `registrationID` FROM `lb_j_push_users` WHERE `user_id` = 4 LIMIT 1   [ RunTime:0.0002s ]
ERR: Invalid registration_id[0], registration_id[0] must be a string
NOTIC: [2] Cannot modify header information - headers already sent by (output started at /Applications/MAMP/htdocs/banar/Application/Api/Controller/MerchantController.class.php:316) /Applications/MAMP/htdocs/banar/ThinkPHP/Library/Think/Think.class.php 第 229 行.
NOTIC: [2] Cannot modify header information - headers already sent by (output started at /Applications/MAMP/htdocs/banar/Application/Api/Controller/MerchantController.class.php:316) /Applications/MAMP/htdocs/banar/ThinkPHP/Library/Think/Think.class.php 第 230 行.

[ 2015-04-28T15:00:22+08:00 ] ::1 /banar/index.php/Api/transportDemand/addTransportDemandAuto
INFO: [ app_init ] --START--
INFO: Run Behavior\BuildLiteBehavior [ RunTime:0.000036s ]
INFO: [ app_init ] --END-- [ RunTime:0.000550s ]
INFO: [ app_begin ] --START--
INFO: Run Behavior\ReadHtmlCacheBehavior [ RunTime:0.000983s ]
INFO: [ app_begin ] --END-- [ RunTime:0.001272s ]
SQL: SHOW COLUMNS FROM `lb_tokens` [ RunTime:0.0018s ]
SQL: SELECT `userType`,`user_id`,`updated_at` FROM `lb_tokens` WHERE `token` = '1KmmNXGxgj5wT9nUhIt2jtNkK5JQKvvm'  [ RunTime:0.0004s ]
SQL: SELECT `user_id` FROM `lb_tokens` WHERE `token` = '1KmmNXGxgj5wT9nUhIt2jtNkK5JQKvvm'  [ RunTime:0.0003s ]
SQL: SHOW COLUMNS FROM `lb_merchants` [ RunTime:0.0010s ]
SQL: SELECT `id` FROM `lb_merchants` WHERE `user_id` = 1 LIMIT 1   [ RunTime:0.0002s ]
SQL: SHOW COLUMNS FROM `lb_drivers` [ RunTime:0.0013s ]
SQL: SELECT * FROM `lb_drivers` INNER JOIN lb_trucks on lb_drivers.user_id = lb_trucks.driver_id  WHERE ( lb_drivers.isFree = 1 AND lb_trucks.cate_id = 1 )  [ RunTime:0.0004s ]
SQL: SHOW COLUMNS FROM `lb_transport_demands` [ RunTime:0.0012s ]
SQL: INSERT INTO `lb_transport_demands` (`cate_id`,`driver_id`,`ispoint`,`merchant_id`,`status`,`created_at`,`updated_at`) VALUES ('1','7','0','1','未确认','2015-04-28 15:00:22','2015-04-28 15:00:22') [ RunTime:0.0012s ]
SQL: SHOW COLUMNS FROM `lb_users` [ RunTime:0.0014s ]
SQL: SELECT `mobile`,`avatar`,`name` FROM `lb_users` WHERE `id` = 1  [ RunTime:0.0006s ]
NOTIC: [8] Undefined index: mobile /Applications/MAMP/htdocs/banar/Application/Api/Controller/MerchantController.class.php 第 311 行.
NOTIC: [8] Undefined index: avatar /Applications/MAMP/htdocs/banar/Application/Api/Controller/MerchantController.class.php 第 312 行.
NOTIC: [8] Undefined index: name /Applications/MAMP/htdocs/banar/Application/Api/Controller/MerchantController.class.php 第 313 行.
SQL: SHOW COLUMNS FROM `lb_j_push_users` [ RunTime:0.0015s ]
SQL: SELECT `registrationID` FROM `lb_j_push_users` WHERE `user_id` = 7 LIMIT 1   [ RunTime:0.0003s ]
ERR: Invalid registration_id[0], registration_id[0] must be a string
NOTIC: [2] Cannot modify header information - headers already sent by (output started at /Applications/MAMP/htdocs/banar/Application/Api/Controller/MerchantController.class.php:316) /Applications/MAMP/htdocs/banar/ThinkPHP/Library/Think/Think.class.php 第 229 行.
NOTIC: [2] Cannot modify header information - headers already sent by (output started at /Applications/MAMP/htdocs/banar/Application/Api/Controller/MerchantController.class.php:316) /Applications/MAMP/htdocs/banar/ThinkPHP/Library/Think/Think.class.php 第 230 行.

[ 2015-04-28T15:00:23+08:00 ] ::1 /banar/index.php/Api/transportDemand/addTransportDemandAuto
INFO: [ app_init ] --START--
INFO: Run Behavior\BuildLiteBehavior [ RunTime:0.000035s ]
INFO: [ app_init ] --END-- [ RunTime:0.000535s ]
INFO: [ app_begin ] --START--
INFO: Run Behavior\ReadHtmlCacheBehavior [ RunTime:0.000603s ]
INFO: [ app_begin ] --END-- [ RunTime:0.000756s ]
SQL: SHOW COLUMNS FROM `lb_tokens` [ RunTime:0.0012s ]
SQL: SELECT `userType`,`user_id`,`updated_at` FROM `lb_tokens` WHERE `token` = '1KmmNXGxgj5wT9nUhIt2jtNkK5JQKvvm'  [ RunTime:0.0003s ]
SQL: SELECT `user_id` FROM `lb_tokens` WHERE `token` = '1KmmNXGxgj5wT9nUhIt2jtNkK5JQKvvm'  [ RunTime:0.0003s ]
SQL: SHOW COLUMNS FROM `lb_merchants` [ RunTime:0.0010s ]
SQL: SELECT `id` FROM `lb_merchants` WHERE `user_id` = 1 LIMIT 1   [ RunTime:0.0002s ]
SQL: SHOW COLUMNS FROM `lb_drivers` [ RunTime:0.0010s ]
SQL: SELECT * FROM `lb_drivers` INNER JOIN lb_trucks on lb_drivers.user_id = lb_trucks.driver_id  WHERE ( lb_drivers.isFree = 1 AND lb_trucks.cate_id = 1 )  [ RunTime:0.0003s ]
SQL: SHOW COLUMNS FROM `lb_transport_demands` [ RunTime:0.0010s ]
SQL: INSERT INTO `lb_transport_demands` (`cate_id`,`driver_id`,`ispoint`,`merchant_id`,`status`,`created_at`,`updated_at`) VALUES ('1','4','0','1','未确认','2015-04-28 15:00:23','2015-04-28 15:00:23') [ RunTime:0.0007s ]
SQL: SHOW COLUMNS FROM `lb_users` [ RunTime:0.0012s ]
SQL: SELECT `mobile`,`avatar`,`name` FROM `lb_users` WHERE `id` = 1  [ RunTime:0.0002s ]
NOTIC: [8] Undefined index: mobile /Applications/MAMP/htdocs/banar/Application/Api/Controller/MerchantController.class.php 第 311 行.
NOTIC: [8] Undefined index: avatar /Applications/MAMP/htdocs/banar/Application/Api/Controller/MerchantController.class.php 第 312 行.
NOTIC: [8] Undefined index: name /Applications/MAMP/htdocs/banar/Application/Api/Controller/MerchantController.class.php 第 313 行.
SQL: SHOW COLUMNS FROM `lb_j_push_users` [ RunTime:0.0010s ]
SQL: SELECT `registrationID` FROM `lb_j_push_users` WHERE `user_id` = 4 LIMIT 1   [ RunTime:0.0002s ]
ERR: Invalid registration_id[0], registration_id[0] must be a string
NOTIC: [2] Cannot modify header information - headers already sent by (output started at /Applications/MAMP/htdocs/banar/Application/Api/Controller/MerchantController.class.php:316) /Applications/MAMP/htdocs/banar/ThinkPHP/Library/Think/Think.class.php 第 229 行.
NOTIC: [2] Cannot modify header information - headers already sent by (output started at /Applications/MAMP/htdocs/banar/Application/Api/Controller/MerchantController.class.php:316) /Applications/MAMP/htdocs/banar/ThinkPHP/Library/Think/Think.class.php 第 230 行.

[ 2015-04-28T15:00:40+08:00 ] ::1 /banar/index.php/Api/transportDemand/addTransportDemandAuto
INFO: [ app_init ] --START--
INFO: Run Behavior\BuildLiteBehavior [ RunTime:0.000058s ]
INFO: [ app_init ] --END-- [ RunTime:0.000959s ]
INFO: [ app_begin ] --START--
INFO: Run Behavior\ReadHtmlCacheBehavior [ RunTime:0.000808s ]
INFO: [ app_begin ] --END-- [ RunTime:0.001009s ]
SQL: SHOW COLUMNS FROM `lb_tokens` [ RunTime:0.0012s ]
SQL: SELECT `userType`,`user_id`,`updated_at` FROM `lb_tokens` WHERE `token` = '1KmmNXGxgj5wT9nUhIt2jtNkK5JQKvvm'  [ RunTime:0.0003s ]
SQL: SELECT `user_id` FROM `lb_tokens` WHERE `token` = '1KmmNXGxgj5wT9nUhIt2jtNkK5JQKvvm'  [ RunTime:0.0003s ]
SQL: SHOW COLUMNS FROM `lb_merchants` [ RunTime:0.0010s ]
SQL: SELECT `id` FROM `lb_merchants` WHERE `user_id` = 1 LIMIT 1   [ RunTime:0.0002s ]
SQL: SHOW COLUMNS FROM `lb_drivers` [ RunTime:0.0016s ]
SQL: SELECT * FROM `lb_drivers` INNER JOIN lb_trucks on lb_drivers.user_id = lb_trucks.driver_id  WHERE ( lb_drivers.isFree = 1 AND lb_trucks.cate_id = 1 )  [ RunTime:0.0005s ]
SQL: SHOW COLUMNS FROM `lb_transport_demands` [ RunTime:0.0020s ]
SQL: INSERT INTO `lb_transport_demands` (`cate_id`,`driver_id`,`ispoint`,`merchant_id`,`status`,`created_at`,`updated_at`) VALUES ('1','4','0','1','未确认','2015-04-28 15:00:40','2015-04-28 15:00:40') [ RunTime:0.0006s ]
SQL: SHOW COLUMNS FROM `lb_users` [ RunTime:0.0012s ]
SQL: SELECT `mobile`,`avatar`,`name` FROM `lb_users` WHERE `id` = 1  [ RunTime:0.0002s ]
NOTIC: [8] Undefined index: mobile /Applications/MAMP/htdocs/banar/Application/Api/Controller/MerchantController.class.php 第 312 行.
NOTIC: [8] Undefined index: avatar /Applications/MAMP/htdocs/banar/Application/Api/Controller/MerchantController.class.php 第 313 行.
NOTIC: [8] Undefined index: name /Applications/MAMP/htdocs/banar/Application/Api/Controller/MerchantController.class.php 第 314 行.
SQL: SHOW COLUMNS FROM `lb_j_push_users` [ RunTime:0.0013s ]
SQL: SELECT `registrationID` FROM `lb_j_push_users` WHERE `user_id` = 4 LIMIT 1   [ RunTime:0.0003s ]
ERR: Invalid registration_id[0], registration_id[0] must be a string
NOTIC: [2] Cannot modify header information - headers already sent by (output started at /Applications/MAMP/htdocs/banar/Application/Api/Controller/MerchantController.class.php:286) /Applications/MAMP/htdocs/banar/ThinkPHP/Library/Think/Think.class.php 第 229 行.
NOTIC: [2] Cannot modify header information - headers already sent by (output started at /Applications/MAMP/htdocs/banar/Application/Api/Controller/MerchantController.class.php:286) /Applications/MAMP/htdocs/banar/ThinkPHP/Library/Think/Think.class.php 第 230 行.

[ 2015-04-28T15:05:52+08:00 ] ::1 /banar/index.php/Api/transportDemand/cancelTransportDemandById
INFO: [ app_init ] --START--
INFO: Run Behavior\BuildLiteBehavior [ RunTime:0.000038s ]
INFO: [ app_init ] --END-- [ RunTime:0.000616s ]
INFO: [ app_begin ] --START--
INFO: Run Behavior\ReadHtmlCacheBehavior [ RunTime:0.000777s ]
INFO: [ app_begin ] --END-- [ RunTime:0.000953s ]
SQL: SHOW COLUMNS FROM `lb_tokens` [ RunTime:0.0012s ]
SQL: SELECT `userType`,`user_id`,`updated_at` FROM `lb_tokens` WHERE `token` = '1KmmNXGxgj5wT9nUhIt2jtNkK5JQKvvm'  [ RunTime:0.0003s ]
SQL: SELECT `user_id` FROM `lb_tokens` WHERE `token` = '1KmmNXGxgj5wT9nUhIt2jtNkK5JQKvvm'  [ RunTime:0.0003s ]
SQL: SHOW COLUMNS FROM `lb_transport_demands` [ RunTime:0.0014s ]
SQL: UPDATE `lb_transport_demands` SET `status`='已取消',`updated_at`='15-04-52 03:04:52' WHERE ( id = 216 ) [ RunTime:0.0005s ]

