[ 2015-04-19T13:59:52+08:00 ] ::1 /banar/api/user/driverRegister
INFO: [ app_init ] --START--
INFO: Run Behavior\BuildLiteBehavior [ RunTime:0.000090s ]
INFO: [ app_init ] --END-- [ RunTime:0.001877s ]
INFO: [ app_begin ] --START--
INFO: Run Behavior\ReadHtmlCacheBehavior [ RunTime:0.000940s ]
INFO: [ app_begin ] --END-- [ RunTime:0.001167s ]
NOTIC: [8] Undefined index: avatar /Users/joy/www/banar/Application/Api/Controller/UserController.class.php 第 634 行.
NOTIC: [2] fopen(./upload/123.png): failed to open stream: No such file or directory /Users/joy/www/banar/Application/Api/Controller/UserController.class.php 第 642 行.
NOTIC: [2] filesize(): stat failed for ./upload/783b1b5860607f353a4044d477e56242.png /Users/joy/www/banar/Application/Api/Controller/UserController.class.php 第 643 行.
ERR: [ContentLength] must be a number.

[ 2015-04-19T14:00:16+08:00 ] ::1 /banar/api/user/driverRegister
INFO: [ app_init ] --START--
INFO: Run Behavior\BuildLiteBehavior [ RunTime:0.000035s ]
INFO: [ app_init ] --END-- [ RunTime:0.000638s ]
INFO: [ app_begin ] --START--
INFO: Run Behavior\ReadHtmlCacheBehavior [ RunTime:0.001399s ]
INFO: [ app_begin ] --END-- [ RunTime:0.001945s ]
NOTIC: [2] move_uploaded_file(./upload/1ce68d1fca71b445f9035e3936a73c89.png): failed to open stream: No such file or directory /Users/joy/www/banar/Application/Api/Controller/UserController.class.php 第 634 行.
NOTIC: [2] move_uploaded_file(): Unable to move '/Applications/MAMP/tmp/php/phpo3bNir' to './upload/1ce68d1fca71b445f9035e3936a73c89.png' /Users/joy/www/banar/Application/Api/Controller/UserController.class.php 第 634 行.
NOTIC: [2] fopen(./upload/123.png): failed to open stream: No such file or directory /Users/joy/www/banar/Application/Api/Controller/UserController.class.php 第 642 行.
NOTIC: [2] filesize(): stat failed for ./upload/1ce68d1fca71b445f9035e3936a73c89.png /Users/joy/www/banar/Application/Api/Controller/UserController.class.php 第 643 行.
ERR: [ContentLength] must be a number.

[ 2015-04-19T14:01:17+08:00 ] ::1 /banar/api/user/driverRegister
INFO: [ app_init ] --START--
INFO: Run Behavior\BuildLiteBehavior [ RunTime:0.000033s ]
INFO: [ app_init ] --END-- [ RunTime:0.000566s ]
INFO: [ app_begin ] --START--
INFO: Run Behavior\ReadHtmlCacheBehavior [ RunTime:0.000529s ]
INFO: [ app_begin ] --END-- [ RunTime:0.000652s ]
NOTIC: [2] fopen(./upload/123.png): failed to open stream: No such file or directory /Users/joy/www/banar/Application/Api/Controller/UserController.class.php 第 642 行.
SQL: SHOW COLUMNS FROM `lb_users` [ RunTime:0.0027s ]
SQL: SHOW COLUMNS FROM `lb_users` [ RunTime:0.0008s ]
SQL: SELECT * FROM `lb_users` WHERE ( mobile ='12312312321' ) LIMIT 1   [ RunTime:0.0020s ]

[ 2015-04-19T14:05:40+08:00 ] ::1 /banar/api/user/driverLogin
INFO: [ app_init ] --START--
INFO: Run Behavior\BuildLiteBehavior [ RunTime:0.000032s ]
INFO: [ app_init ] --END-- [ RunTime:0.000513s ]
INFO: [ app_begin ] --START--
INFO: Run Behavior\ReadHtmlCacheBehavior [ RunTime:0.000607s ]
INFO: [ app_begin ] --END-- [ RunTime:0.000753s ]
ERR: 参数错误或者未定义:key

[ 2015-04-19T14:07:21+08:00 ] ::1 /banar/api/user/driverRegister
INFO: [ app_init ] --START--
INFO: Run Behavior\BuildLiteBehavior [ RunTime:0.000043s ]
INFO: [ app_init ] --END-- [ RunTime:0.001168s ]
INFO: [ app_begin ] --START--
INFO: Run Behavior\ReadHtmlCacheBehavior [ RunTime:0.000917s ]
INFO: [ app_begin ] --END-- [ RunTime:0.001168s ]
NOTIC: [2] fopen(./upload/123.png): failed to open stream: No such file or directory /Users/joy/www/banar/Application/Api/Controller/UserController.class.php 第 642 行.
SQL: SHOW COLUMNS FROM `lb_users` [ RunTime:0.0016s ]
SQL: SHOW COLUMNS FROM `lb_users` [ RunTime:0.0008s ]
SQL: SELECT * FROM `lb_users` WHERE ( mobile ='1231231231' ) LIMIT 1   [ RunTime:0.0002s ]

[ 2015-04-19T14:07:31+08:00 ] ::1 /banar/api/user/driverRegister
INFO: [ app_init ] --START--
INFO: Run Behavior\BuildLiteBehavior [ RunTime:0.000035s ]
INFO: [ app_init ] --END-- [ RunTime:0.000568s ]
INFO: [ app_begin ] --START--
INFO: Run Behavior\ReadHtmlCacheBehavior [ RunTime:0.000763s ]
INFO: [ app_begin ] --END-- [ RunTime:0.000991s ]
NOTIC: [2] fopen(./upload/123.png): failed to open stream: No such file or directory /Users/joy/www/banar/Application/Api/Controller/UserController.class.php 第 642 行.
SQL: SHOW COLUMNS FROM `lb_users` [ RunTime:0.0017s ]
SQL: SHOW COLUMNS FROM `lb_users` [ RunTime:0.0010s ]
SQL: SELECT * FROM `lb_users` WHERE ( mobile ='112231231231' ) LIMIT 1   [ RunTime:0.0002s ]
SQL: INSERT INTO `lb_users` (`mobile`,`password`,`name`,`avatar`,`created_at`,`updated_at`) VALUES ('112231231231','1234562','weychen','16c36cab83038fe0db4e9f9e891bf71b.png','2015-04-19 14:07:31','2015-04-19 14:07:31') [ RunTime:0.0009s ]
SQL: SHOW COLUMNS FROM `lb_drivers` [ RunTime:0.0023s ]
SQL: INSERT INTO `lb_drivers` (`user_id`,`market_id`,`icId`,`created_at`,`updated_at`,`latestFreeTime`) VALUES ('16','1','1234567890','2015-04-19 14:07:31','2015-04-19 14:07:31','2015-04-19 14:07:31') [ RunTime:0.0004s ]
NOTIC: [2] fopen(./upload/123.png): failed to open stream: No such file or directory /Users/joy/www/banar/Application/Api/Controller/UserController.class.php 第 642 行.
SQL: SHOW COLUMNS FROM `lb_trucks` [ RunTime:0.0030s ]
SQL: INSERT INTO `lb_trucks` (`driver_id`,`plateId`,`cate_id`,`avatar`,`created_at`,`updated_at`) VALUES ('13','231123','1','67b5ad4dfa8a483e303f33ceee25edf4.png','2015-04-19 14:07:31','2015-04-19 14:07:31') [ RunTime:0.0005s ]
SQL: SHOW COLUMNS FROM `lb_tokens` [ RunTime:0.0023s ]
SQL: INSERT INTO `lb_tokens` (`token`,`userType`,`user_id`,`created_at`,`updated_at`) VALUES ('30b0714385e2b980efb18694343b0ba2','driver','16','2015-04-19 14:07:31','2015-04-19 14:07:31') [ RunTime:0.0004s ]

[ 2015-04-19T14:10:36+08:00 ] ::1 /banar/api/user/driverRegister
INFO: [ app_init ] --START--
INFO: Run Behavior\BuildLiteBehavior [ RunTime:0.000043s ]
INFO: [ app_init ] --END-- [ RunTime:0.000710s ]
INFO: [ app_begin ] --START--
INFO: Run Behavior\ReadHtmlCacheBehavior [ RunTime:0.001035s ]
INFO: [ app_begin ] --END-- [ RunTime:0.001298s ]
NOTIC: [2] fopen(./upload/1293fd72cc49d622dff46ef5cc12c6f4png): failed to open stream: No such file or directory /Users/joy/www/banar/Application/Api/Controller/UserController.class.php 第 642 行.
SQL: SHOW COLUMNS FROM `lb_users` [ RunTime:0.0016s ]
SQL: SHOW COLUMNS FROM `lb_users` [ RunTime:0.0010s ]
SQL: SELECT * FROM `lb_users` WHERE ( mobile ='112231231asd231' ) LIMIT 1   [ RunTime:0.0005s ]
SQL: INSERT INTO `lb_users` (`mobile`,`password`,`name`,`avatar`,`created_at`,`updated_at`) VALUES ('112231231asd231','1234562','weychen','1293fd72cc49d622dff46ef5cc12c6f4.png','2015-04-19 14:10:36','2015-04-19 14:10:36') [ RunTime:0.0011s ]
SQL: SHOW COLUMNS FROM `lb_drivers` [ RunTime:0.0028s ]
SQL: INSERT INTO `lb_drivers` (`user_id`,`market_id`,`icId`,`created_at`,`updated_at`,`latestFreeTime`) VALUES ('17','1','1234567890','2015-04-19 14:10:36','2015-04-19 14:10:36','2015-04-19 14:10:36') [ RunTime:0.0004s ]
NOTIC: [2] fopen(./upload/768c6886c192134353260ab5b6dafb41png): failed to open stream: No such file or directory /Users/joy/www/banar/Application/Api/Controller/UserController.class.php 第 642 行.
SQL: SHOW COLUMNS FROM `lb_trucks` [ RunTime:0.0020s ]
SQL: INSERT INTO `lb_trucks` (`driver_id`,`plateId`,`cate_id`,`avatar`,`created_at`,`updated_at`) VALUES ('14','231123','1','768c6886c192134353260ab5b6dafb41.png','2015-04-19 14:10:36','2015-04-19 14:10:36') [ RunTime:0.0006s ]
SQL: SHOW COLUMNS FROM `lb_tokens` [ RunTime:0.0010s ]
SQL: INSERT INTO `lb_tokens` (`token`,`userType`,`user_id`,`created_at`,`updated_at`) VALUES ('50be1463defecc409392e50e72edda4e','driver','17','2015-04-19 14:10:36','2015-04-19 14:10:36') [ RunTime:0.0004s ]

[ 2015-04-19T14:11:27+08:00 ] ::1 /banar/api/user/driverRegister
INFO: [ app_init ] --START--
INFO: Run Behavior\BuildLiteBehavior [ RunTime:0.000026s ]
INFO: [ app_init ] --END-- [ RunTime:0.000408s ]
INFO: [ app_begin ] --START--
INFO: Run Behavior\ReadHtmlCacheBehavior [ RunTime:0.000489s ]
INFO: [ app_begin ] --END-- [ RunTime:0.000608s ]
NOTIC: [2] fopen(./upload/b5c875fe79a1865865ab11b2dce3b679png): failed to open stream: No such file or directory /Users/joy/www/banar/Application/Api/Controller/UserController.class.php 第 642 行.
SQL: SHOW COLUMNS FROM `lb_users` [ RunTime:0.0029s ]
SQL: SHOW COLUMNS FROM `lb_users` [ RunTime:0.0013s ]
SQL: SELECT * FROM `lb_users` WHERE ( mobile ='1122s31231asd231' ) LIMIT 1   [ RunTime:0.0003s ]
SQL: INSERT INTO `lb_users` (`mobile`,`password`,`name`,`avatar`,`created_at`,`updated_at`) VALUES ('1122s31231asd231','1234562','weychen','b5c875fe79a1865865ab11b2dce3b679.png','2015-04-19 14:11:27','2015-04-19 14:11:27') [ RunTime:0.0005s ]
SQL: SHOW COLUMNS FROM `lb_drivers` [ RunTime:0.0010s ]
SQL: INSERT INTO `lb_drivers` (`user_id`,`market_id`,`icId`,`created_at`,`updated_at`,`latestFreeTime`) VALUES ('18','1','1234567890','2015-04-19 14:11:27','2015-04-19 14:11:27','2015-04-19 14:11:27') [ RunTime:0.0003s ]
NOTIC: [2] fopen(./upload/476d84e7fe0590cbb37bc8d7ff39b162png): failed to open stream: No such file or directory /Users/joy/www/banar/Application/Api/Controller/UserController.class.php 第 642 行.
SQL: SHOW COLUMNS FROM `lb_trucks` [ RunTime:0.0010s ]
SQL: INSERT INTO `lb_trucks` (`driver_id`,`plateId`,`cate_id`,`avatar`,`created_at`,`updated_at`) VALUES ('15','231123','1','476d84e7fe0590cbb37bc8d7ff39b162.png','2015-04-19 14:11:27','2015-04-19 14:11:27') [ RunTime:0.0005s ]
SQL: SHOW COLUMNS FROM `lb_tokens` [ RunTime:0.0008s ]
SQL: INSERT INTO `lb_tokens` (`token`,`userType`,`user_id`,`created_at`,`updated_at`) VALUES ('9db9fe42af3b58533751557bb9e4dc3e','driver','18','2015-04-19 14:11:27','2015-04-19 14:11:27') [ RunTime:0.0004s ]

[ 2015-04-19T14:13:11+08:00 ] ::1 /banar/api/user/driverRegister
INFO: [ app_init ] --START--
INFO: Run Behavior\BuildLiteBehavior [ RunTime:0.000046s ]
INFO: [ app_init ] --END-- [ RunTime:0.000704s ]
INFO: [ app_begin ] --START--
INFO: Run Behavior\ReadHtmlCacheBehavior [ RunTime:0.001013s ]
INFO: [ app_begin ] --END-- [ RunTime:0.001284s ]
NOTIC: [2] fopen(./upload/97afa594ea997e559d5a0d261d6978b9png): failed to open stream: No such file or directory /Users/joy/www/banar/Application/Api/Controller/UserController.class.php 第 642 行.
SQL: SHOW COLUMNS FROM `lb_users` [ RunTime:0.0017s ]
SQL: SHOW COLUMNS FROM `lb_users` [ RunTime:0.0010s ]
SQL: SELECT * FROM `lb_users` WHERE ( mobile ='11122s31231asd231' ) LIMIT 1   [ RunTime:0.0002s ]
SQL: INSERT INTO `lb_users` (`mobile`,`password`,`name`,`avatar`,`created_at`,`updated_at`) VALUES ('11122s31231asd231','1234562','weychen','97afa594ea997e559d5a0d261d6978b9.png','2015-04-19 14:13:11','2015-04-19 14:13:11') [ RunTime:0.0005s ]
SQL: SHOW COLUMNS FROM `lb_drivers` [ RunTime:0.0009s ]
SQL: INSERT INTO `lb_drivers` (`user_id`,`market_id`,`icId`,`created_at`,`updated_at`,`latestFreeTime`) VALUES ('19','1','1234567890','2015-04-19 14:13:11','2015-04-19 14:13:11','2015-04-19 14:13:11') [ RunTime:0.0004s ]
NOTIC: [2] fopen(./upload/b5649813d6e1e786944cc32e8f240426png): failed to open stream: No such file or directory /Users/joy/www/banar/Application/Api/Controller/UserController.class.php 第 642 行.
SQL: SHOW COLUMNS FROM `lb_trucks` [ RunTime:0.0009s ]
SQL: INSERT INTO `lb_trucks` (`driver_id`,`plateId`,`cate_id`,`avatar`,`created_at`,`updated_at`) VALUES ('16','231123','1','b5649813d6e1e786944cc32e8f240426.png','2015-04-19 14:13:11','2015-04-19 14:13:11') [ RunTime:0.0004s ]
SQL: SHOW COLUMNS FROM `lb_tokens` [ RunTime:0.0011s ]
SQL: INSERT INTO `lb_tokens` (`token`,`userType`,`user_id`,`created_at`,`updated_at`) VALUES ('d52e6abb7e6ab0b0149f66c6db552de6','driver','19','2015-04-19 14:13:11','2015-04-19 14:13:11') [ RunTime:0.0005s ]

[ 2015-04-19T14:15:12+08:00 ] ::1 /banar/api/user/driverRegister
INFO: [ app_init ] --START--
INFO: Run Behavior\BuildLiteBehavior [ RunTime:0.000032s ]
INFO: [ app_init ] --END-- [ RunTime:0.000470s ]
INFO: [ app_begin ] --START--
INFO: Run Behavior\ReadHtmlCacheBehavior [ RunTime:0.000775s ]
INFO: [ app_begin ] --END-- [ RunTime:0.001023s ]
SQL: SHOW COLUMNS FROM `lb_users` [ RunTime:0.0015s ]
SQL: SHOW COLUMNS FROM `lb_users` [ RunTime:0.0009s ]
SQL: SELECT * FROM `lb_users` WHERE ( mobile ='11122s31231asd231' ) LIMIT 1   [ RunTime:0.0002s ]

[ 2015-04-19T14:16:14+08:00 ] ::1 /banar/api/user/driverLogin
INFO: [ app_init ] --START--
INFO: Run Behavior\BuildLiteBehavior [ RunTime:0.000027s ]
INFO: [ app_init ] --END-- [ RunTime:0.000450s ]
INFO: [ app_begin ] --START--
INFO: Run Behavior\ReadHtmlCacheBehavior [ RunTime:0.000472s ]
INFO: [ app_begin ] --END-- [ RunTime:0.000581s ]
ERR: Key [Expires] was not set.

[ 2015-04-19T14:16:54+08:00 ] ::1 /banar/api/user/driverLogin
INFO: [ app_init ] --START--
INFO: Run Behavior\BuildLiteBehavior [ RunTime:0.000027s ]
INFO: [ app_init ] --END-- [ RunTime:0.000454s ]
INFO: [ app_begin ] --START--
INFO: Run Behavior\ReadHtmlCacheBehavior [ RunTime:0.000495s ]
INFO: [ app_begin ] --END-- [ RunTime:0.000630s ]
INFO: [ app_end ] --START--
INFO: Run Behavior\ShowPageTraceBehavior [ RunTime:0.001752s ]
INFO: [ app_end ] --END-- [ RunTime:0.002079s ]

[ 2015-04-19T14:17:06+08:00 ] ::1 /banar/api/user/driverLogin
INFO: [ app_init ] --START--
INFO: Run Behavior\BuildLiteBehavior [ RunTime:0.000026s ]
INFO: [ app_init ] --END-- [ RunTime:0.000396s ]
INFO: [ app_begin ] --START--
INFO: Run Behavior\ReadHtmlCacheBehavior [ RunTime:0.000455s ]
INFO: [ app_begin ] --END-- [ RunTime:0.000563s ]
INFO: [ app_end ] --START--
INFO: Run Behavior\ShowPageTraceBehavior [ RunTime:0.000820s ]
INFO: [ app_end ] --END-- [ RunTime:0.001103s ]

[ 2015-04-19T14:18:05+08:00 ] ::1 /banar/api/user/driverLogin
INFO: [ app_init ] --START--
INFO: Run Behavior\BuildLiteBehavior [ RunTime:0.000025s ]
INFO: [ app_init ] --END-- [ RunTime:0.000397s ]
INFO: [ app_begin ] --START--
INFO: Run Behavior\ReadHtmlCacheBehavior [ RunTime:0.000784s ]
INFO: [ app_begin ] --END-- [ RunTime:0.000981s ]
INFO: [ app_end ] --START--
INFO: Run Behavior\ShowPageTraceBehavior [ RunTime:0.000903s ]
INFO: [ app_end ] --END-- [ RunTime:0.001134s ]

[ 2015-04-19T14:18:23+08:00 ] ::1 /banar/api/user/driverRegister
INFO: [ app_init ] --START--
INFO: Run Behavior\BuildLiteBehavior [ RunTime:0.000024s ]
INFO: [ app_init ] --END-- [ RunTime:0.000453s ]
INFO: [ app_begin ] --START--
INFO: Run Behavior\ReadHtmlCacheBehavior [ RunTime:0.000434s ]
INFO: [ app_begin ] --END-- [ RunTime:0.000536s ]
NOTIC: [8] Undefined index: avatar /Users/joy/www/banar/Application/Api/Controller/UserController.class.php 第 634 行.
ERR: The bucket you are attempting to access must be addressed using the specified endpoint. Please send all future requests to this endpoint.

[ 2015-04-19T14:20:40+08:00 ] ::1 /banar/api/user/driverLogin
INFO: [ app_init ] --START--
INFO: Run Behavior\BuildLiteBehavior [ RunTime:0.000039s ]
INFO: [ app_init ] --END-- [ RunTime:0.000610s ]
INFO: [ app_begin ] --START--
INFO: Run Behavior\ReadHtmlCacheBehavior [ RunTime:0.000605s ]
INFO: [ app_begin ] --END-- [ RunTime:0.000756s ]
INFO: [ app_end ] --START--
INFO: Run Behavior\ShowPageTraceBehavior [ RunTime:0.000909s ]
INFO: [ app_end ] --END-- [ RunTime:0.001202s ]

[ 2015-04-19T14:24:11+08:00 ] ::1 /banar/api/user/driverLogin
INFO: [ app_init ] --START--
INFO: Run Behavior\BuildLiteBehavior [ RunTime:0.000026s ]
INFO: [ app_init ] --END-- [ RunTime:0.000404s ]
INFO: [ app_begin ] --START--
INFO: Run Behavior\ReadHtmlCacheBehavior [ RunTime:0.000456s ]
INFO: [ app_begin ] --END-- [ RunTime:0.000561s ]
INFO: [ app_end ] --START--
INFO: Run Behavior\ShowPageTraceBehavior [ RunTime:0.000807s ]
INFO: [ app_end ] --END-- [ RunTime:0.000987s ]

[ 2015-04-19T14:24:16+08:00 ] ::1 /banar/api/user/driverRegister
INFO: [ app_init ] --START--
INFO: Run Behavior\BuildLiteBehavior [ RunTime:0.000121s ]
INFO: [ app_init ] --END-- [ RunTime:0.001742s ]
INFO: [ app_begin ] --START--
INFO: Run Behavior\ReadHtmlCacheBehavior [ RunTime:0.000554s ]
INFO: [ app_begin ] --END-- [ RunTime:0.000748s ]
NOTIC: [8] Undefined index: avatar /Users/joy/www/banar/Application/Api/Controller/UserController.class.php 第 634 行.
NOTIC: [8] Undefined index: host /Users/joy/www/banar/Application/Api/aliyun-php/src/Aliyun/OSS/Utilities/OSSUtils.php 第 110 行.
ERR: The scheme of endpoint is not set.

[ 2015-04-19T14:25:52+08:00 ] ::1 /banar/api/user/driverRegister
INFO: [ app_init ] --START--
INFO: Run Behavior\BuildLiteBehavior [ RunTime:0.000025s ]
INFO: [ app_init ] --END-- [ RunTime:0.000424s ]
INFO: [ app_begin ] --START--
INFO: Run Behavior\ReadHtmlCacheBehavior [ RunTime:0.000435s ]
INFO: [ app_begin ] --END-- [ RunTime:0.000535s ]
NOTIC: [8] Undefined index: avatar /Users/joy/www/banar/Application/Api/Controller/UserController.class.php 第 634 行.
SQL: SHOW COLUMNS FROM `lb_users` [ RunTime:0.0016s ]
SQL: SHOW COLUMNS FROM `lb_users` [ RunTime:0.0009s ]
SQL: SELECT * FROM `lb_users` WHERE ( mobile ='11122s31231asd231' ) LIMIT 1   [ RunTime:0.0002s ]

[ 2015-04-19T14:28:29+08:00 ] ::1 /banar/api/user/driverRegister
INFO: [ app_init ] --START--
INFO: Run Behavior\BuildLiteBehavior [ RunTime:0.000030s ]
INFO: [ app_init ] --END-- [ RunTime:0.000446s ]
INFO: [ app_begin ] --START--
INFO: Run Behavior\ReadHtmlCacheBehavior [ RunTime:0.001814s ]
INFO: [ app_begin ] --END-- [ RunTime:0.002291s ]
SQL: SHOW COLUMNS FROM `lb_users` [ RunTime:0.0024s ]
SQL: SHOW COLUMNS FROM `lb_users` [ RunTime:0.0007s ]
SQL: SELECT * FROM `lb_users` WHERE ( mobile ='11122s3asd1231asd231' ) LIMIT 1   [ RunTime:0.0002s ]
SQL: INSERT INTO `lb_users` (`mobile`,`password`,`name`,`avatar`,`created_at`,`updated_at`) VALUES ('11122s3asd1231asd231','1234562','weychen',NULL,'2015-04-19 14:28:29','2015-04-19 14:28:29') [ RunTime:0.0003s ]
SQL: SHOW COLUMNS FROM `lb_drivers` [ RunTime:0.0017s ]
SQL: INSERT INTO `lb_drivers` (`user_id`,`market_id`,`icId`,`created_at`,`updated_at`,`latestFreeTime`) VALUES ('20','1','1234567890','2015-04-19 14:28:29','2015-04-19 14:28:29','2015-04-19 14:28:29') [ RunTime:0.0011s ]
SQL: SHOW COLUMNS FROM `lb_trucks` [ RunTime:0.0024s ]
SQL: INSERT INTO `lb_trucks` (`driver_id`,`plateId`,`cate_id`,`avatar`,`created_at`,`updated_at`) VALUES ('17','231123','1',NULL,'2015-04-19 14:28:29','2015-04-19 14:28:29') [ RunTime:0.0004s ]
SQL: SHOW COLUMNS FROM `lb_tokens` [ RunTime:0.0012s ]
SQL: INSERT INTO `lb_tokens` (`token`,`userType`,`user_id`,`created_at`,`updated_at`) VALUES ('2576d1d92335480c569e36889542623b','driver','20','2015-04-19 14:28:29','2015-04-19 14:28:29') [ RunTime:0.0004s ]

[ 2015-04-19T14:29:14+08:00 ] ::1 /banar/api/user/driverRegister
INFO: [ app_init ] --START--
INFO: Run Behavior\BuildLiteBehavior [ RunTime:0.000026s ]
INFO: [ app_init ] --END-- [ RunTime:0.000421s ]
INFO: [ app_begin ] --START--
INFO: Run Behavior\ReadHtmlCacheBehavior [ RunTime:0.000465s ]
INFO: [ app_begin ] --END-- [ RunTime:0.000573s ]
NOTIC: [8] Undefined index: avatar /Users/joy/www/banar/Application/Api/Controller/UserController.class.php 第 634 行.
SQL: SHOW COLUMNS FROM `lb_users` [ RunTime:0.0015s ]
SQL: SHOW COLUMNS FROM `lb_users` [ RunTime:0.0008s ]
SQL: SELECT * FROM `lb_users` WHERE ( mobile ='11122s3asd1231asd231' ) LIMIT 1   [ RunTime:0.0002s ]

[ 2015-04-19T14:33:46+08:00 ] ::1 /banar/api/user/driverRegister
INFO: [ app_init ] --START--
INFO: Run Behavior\BuildLiteBehavior [ RunTime:0.000039s ]
INFO: [ app_init ] --END-- [ RunTime:0.000609s ]
INFO: [ app_begin ] --START--
INFO: Run Behavior\ReadHtmlCacheBehavior [ RunTime:0.001294s ]
INFO: [ app_begin ] --END-- [ RunTime:0.001537s ]
NOTIC: [8] Undefined index: avatar /Users/joy/www/banar/Application/Api/Controller/UserController.class.php 第 634 行.
SQL: SHOW COLUMNS FROM `lb_users` [ RunTime:0.0011s ]
SQL: SHOW COLUMNS FROM `lb_users` [ RunTime:0.0028s ]
SQL: SELECT * FROM `lb_users` WHERE ( mobile ='11122s3asd1231asd231' ) LIMIT 1   [ RunTime:0.0003s ]

[ 2015-04-19T14:35:26+08:00 ] ::1 /banar/api/user/driverRegister
INFO: [ app_init ] --START--
INFO: Run Behavior\BuildLiteBehavior [ RunTime:0.000025s ]
INFO: [ app_init ] --END-- [ RunTime:0.000425s ]
INFO: [ app_begin ] --START--
INFO: Run Behavior\ReadHtmlCacheBehavior [ RunTime:0.000461s ]
INFO: [ app_begin ] --END-- [ RunTime:0.000576s ]
NOTIC: [8] Undefined index: avatar /Users/joy/www/banar/Application/Api/Controller/UserController.class.php 第 634 行.

[ 2015-04-19T14:36:05+08:00 ] ::1 /banar/api/user/driverRegister
INFO: [ app_init ] --START--
INFO: Run Behavior\BuildLiteBehavior [ RunTime:0.000026s ]
INFO: [ app_init ] --END-- [ RunTime:0.000404s ]
INFO: [ app_begin ] --START--
INFO: Run Behavior\ReadHtmlCacheBehavior [ RunTime:0.000451s ]
INFO: [ app_begin ] --END-- [ RunTime:0.000557s ]

[ 2015-04-19T14:36:52+08:00 ] ::1 /banar/api/user/driverRegister
INFO: [ app_init ] --START--
INFO: Run Behavior\BuildLiteBehavior [ RunTime:0.000030s ]
INFO: [ app_init ] --END-- [ RunTime:0.000450s ]
INFO: [ app_begin ] --START--
INFO: Run Behavior\ReadHtmlCacheBehavior [ RunTime:0.000459s ]
INFO: [ app_begin ] --END-- [ RunTime:0.000573s ]

[ 2015-04-19T14:39:45+08:00 ] ::1 /banar/api/user/driverRegister
INFO: [ app_init ] --START--
INFO: Run Behavior\BuildLiteBehavior [ RunTime:0.000031s ]
INFO: [ app_init ] --END-- [ RunTime:0.000447s ]
INFO: [ app_begin ] --START--
INFO: Run Behavior\ReadHtmlCacheBehavior [ RunTime:0.000490s ]
INFO: [ app_begin ] --END-- [ RunTime:0.000613s ]
SQL: SHOW COLUMNS FROM `lb_users` [ RunTime:0.0016s ]
SQL: SHOW COLUMNS FROM `lb_users` [ RunTime:0.0008s ]
SQL: SELECT * FROM `lb_users` WHERE ( mobile ='11122s3asd1231asd231' ) LIMIT 1   [ RunTime:0.0002s ]

[ 2015-04-19T14:40:07+08:00 ] ::1 /banar/api/user/driverRegister
INFO: [ app_init ] --START--
INFO: Run Behavior\BuildLiteBehavior [ RunTime:0.000076s ]
INFO: [ app_init ] --END-- [ RunTime:0.000466s ]
INFO: [ app_begin ] --START--
INFO: Run Behavior\ReadHtmlCacheBehavior [ RunTime:0.000478s ]
INFO: [ app_begin ] --END-- [ RunTime:0.000594s ]
SQL: SHOW COLUMNS FROM `lb_users` [ RunTime:0.0017s ]
SQL: SHOW COLUMNS FROM `lb_users` [ RunTime:0.0008s ]
SQL: SELECT * FROM `lb_users` WHERE ( mobile ='11122s3asd1231asd231' ) LIMIT 1   [ RunTime:0.0002s ]

[ 2015-04-19T15:32:19+08:00 ] ::1 /banar/api/user/getMyProfile
INFO: [ app_init ] --START--
INFO: Run Behavior\BuildLiteBehavior [ RunTime:0.000026s ]
INFO: [ app_init ] --END-- [ RunTime:0.000430s ]
INFO: [ app_begin ] --START--
INFO: Run Behavior\ReadHtmlCacheBehavior [ RunTime:0.000489s ]
INFO: [ app_begin ] --END-- [ RunTime:0.000606s ]
SQL: SHOW COLUMNS FROM `lb_tokens` [ RunTime:0.0013s ]
SQL: SELECT `userType`,`user_id`,`updated_at` FROM `lb_tokens` WHERE `token` = ''  [ RunTime:0.0008s ]
NOTIC: [8] Undefined offset: 0 /Users/joy/www/banar/Application/Api/Controller/UserController.class.php 第 608 行.

[ 2015-04-19T15:42:09+08:00 ] ::1 /banar/api/user/getMyProfile
INFO: [ app_init ] --START--
INFO: Run Behavior\BuildLiteBehavior [ RunTime:0.000026s ]
INFO: [ app_init ] --END-- [ RunTime:0.000433s ]
INFO: [ app_begin ] --START--
INFO: Run Behavior\ReadHtmlCacheBehavior [ RunTime:0.000629s ]
INFO: [ app_begin ] --END-- [ RunTime:0.000786s ]
SQL: SHOW COLUMNS FROM `lb_tokens` [ RunTime:0.0009s ]
SQL: SELECT `userType`,`user_id`,`updated_at` FROM `lb_tokens` WHERE `token` = ''  [ RunTime:0.0003s ]
NOTIC: [8] Undefined offset: 0 /Users/joy/www/banar/Application/Api/Controller/UserController.class.php 第 608 行.

[ 2015-04-19T15:42:21+08:00 ] ::1 /banar/api/user/getMyProfile
INFO: [ app_init ] --START--
INFO: Run Behavior\BuildLiteBehavior [ RunTime:0.000056s ]
INFO: [ app_init ] --END-- [ RunTime:0.001088s ]
INFO: [ app_begin ] --START--
INFO: Run Behavior\ReadHtmlCacheBehavior [ RunTime:0.000674s ]
INFO: [ app_begin ] --END-- [ RunTime:0.000861s ]
SQL: SHOW COLUMNS FROM `lb_tokens` [ RunTime:0.0013s ]
SQL: SELECT `userType`,`user_id`,`updated_at` FROM `lb_tokens` WHERE `token` = ''  [ RunTime:0.0005s ]
NOTIC: [8] Undefined offset: 0 /Users/joy/www/banar/Application/Api/Controller/UserController.class.php 第 608 行.

[ 2015-04-19T16:50:39+08:00 ] ::1 /banar/api/user/getMyProfile
INFO: [ app_init ] --START--
INFO: Run Behavior\BuildLiteBehavior [ RunTime:0.000080s ]
INFO: [ app_init ] --END-- [ RunTime:0.001127s ]
INFO: [ app_begin ] --START--
INFO: Run Behavior\ReadHtmlCacheBehavior [ RunTime:0.000747s ]
INFO: [ app_begin ] --END-- [ RunTime:0.000877s ]
SQL: SHOW COLUMNS FROM `lb_tokens` [ RunTime:0.0011s ]
SQL: SELECT `userType`,`user_id`,`updated_at` FROM `lb_tokens` WHERE `token` = ''  [ RunTime:0.0004s ]
NOTIC: [8] Undefined offset: 0 /Users/joy/www/banar/Application/Api/Controller/UserController.class.php 第 608 行.

[ 2015-04-19T16:51:36+08:00 ] ::1 /banar/api/user/getMyProfile
INFO: [ app_init ] --START--
INFO: Run Behavior\BuildLiteBehavior [ RunTime:0.000026s ]
INFO: [ app_init ] --END-- [ RunTime:0.000425s ]
INFO: [ app_begin ] --START--
INFO: Run Behavior\ReadHtmlCacheBehavior [ RunTime:0.000517s ]
INFO: [ app_begin ] --END-- [ RunTime:0.000635s ]
SQL: SHOW COLUMNS FROM `lb_tokens` [ RunTime:0.0016s ]
SQL: SELECT `userType`,`user_id`,`updated_at` FROM `lb_tokens` WHERE `token` = ''  [ RunTime:0.0004s ]
NOTIC: [8] Undefined offset: 0 /Users/joy/www/banar/Application/Api/Controller/UserController.class.php 第 608 行.

[ 2015-04-19T16:51:40+08:00 ] ::1 /banar/api/user/getMyProfile
INFO: [ app_init ] --START--
INFO: Run Behavior\BuildLiteBehavior [ RunTime:0.000039s ]
INFO: [ app_init ] --END-- [ RunTime:0.000645s ]
INFO: [ app_begin ] --START--
INFO: Run Behavior\ReadHtmlCacheBehavior [ RunTime:0.001508s ]
INFO: [ app_begin ] --END-- [ RunTime:0.001791s ]
SQL: SHOW COLUMNS FROM `lb_tokens` [ RunTime:0.0009s ]
SQL: SELECT `userType`,`user_id`,`updated_at` FROM `lb_tokens` WHERE `token` = ''  [ RunTime:0.0003s ]
NOTIC: [8] Undefined offset: 0 /Users/joy/www/banar/Application/Api/Controller/UserController.class.php 第 608 行.

[ 2015-04-19T16:52:07+08:00 ] ::1 /banar/api/user/getMyProfile
INFO: [ app_init ] --START--
INFO: Run Behavior\BuildLiteBehavior [ RunTime:0.000046s ]
INFO: [ app_init ] --END-- [ RunTime:0.000931s ]
INFO: [ app_begin ] --START--
INFO: Run Behavior\ReadHtmlCacheBehavior [ RunTime:0.000795s ]
INFO: [ app_begin ] --END-- [ RunTime:0.001010s ]
SQL: SHOW COLUMNS FROM `lb_tokens` [ RunTime:0.0031s ]
SQL: SELECT `userType`,`user_id`,`updated_at` FROM `lb_tokens` WHERE `token` = ''  [ RunTime:0.0010s ]
NOTIC: [8] Undefined offset: 0 /Users/joy/www/banar/Application/Api/Controller/UserController.class.php 第 608 行.

[ 2015-04-19T16:53:03+08:00 ] ::1 /banar/api/user/getMyProfile
INFO: [ app_init ] --START--
INFO: Run Behavior\BuildLiteBehavior [ RunTime:0.000025s ]
INFO: [ app_init ] --END-- [ RunTime:0.000491s ]
INFO: [ app_begin ] --START--
INFO: Run Behavior\ReadHtmlCacheBehavior [ RunTime:0.000919s ]
INFO: [ app_begin ] --END-- [ RunTime:0.001184s ]
SQL: SHOW COLUMNS FROM `lb_tokens` [ RunTime:0.0023s ]
SQL: SELECT `userType`,`user_id`,`updated_at` FROM `lb_tokens` WHERE `token` = ''  [ RunTime:0.0003s ]

[ 2015-04-19T16:54:11+08:00 ] ::1 /banar/api/user/getMyProfile
INFO: [ app_init ] --START--
INFO: Run Behavior\BuildLiteBehavior [ RunTime:0.000026s ]
INFO: [ app_init ] --END-- [ RunTime:0.000414s ]
INFO: [ app_begin ] --START--
INFO: Run Behavior\ReadHtmlCacheBehavior [ RunTime:0.000476s ]
INFO: [ app_begin ] --END-- [ RunTime:0.000595s ]
SQL: SHOW COLUMNS FROM `lb_tokens` [ RunTime:0.0011s ]
SQL: SELECT `userType`,`user_id`,`updated_at` FROM `lb_tokens` WHERE `token` = ''  [ RunTime:0.0004s ]

[ 2015-04-19T16:54:43+08:00 ] ::1 /banar/api/user/getMyProfile
INFO: [ app_init ] --START--
INFO: Run Behavior\BuildLiteBehavior [ RunTime:0.000041s ]
INFO: [ app_init ] --END-- [ RunTime:0.000681s ]
INFO: [ app_begin ] --START--
INFO: Run Behavior\ReadHtmlCacheBehavior [ RunTime:0.001836s ]
INFO: [ app_begin ] --END-- [ RunTime:0.002389s ]
SQL: SHOW COLUMNS FROM `lb_tokens` [ RunTime:0.0017s ]
SQL: SELECT `userType`,`user_id`,`updated_at` FROM `lb_tokens` WHERE `token` = 'd52e6abb7e6ab0b0149f66c6db552de6'  [ RunTime:0.0005s ]
SQL: SELECT `userType`,`user_id` FROM `lb_tokens` WHERE `token` = 'd52e6abb7e6ab0b0149f66c6db552de6'  [ RunTime:0.0005s ]
SQL: SHOW COLUMNS FROM `lb_users` [ RunTime:0.0019s ]
SQL: SELECT `id`,`name`,`avatar` FROM `lb_users` WHERE `id` = 19  [ RunTime:0.0016s ]

[ 2015-04-19T16:54:54+08:00 ] ::1 /banar/api/user/getMyProfile
INFO: [ app_init ] --START--
INFO: Run Behavior\BuildLiteBehavior [ RunTime:0.000027s ]
INFO: [ app_init ] --END-- [ RunTime:0.000453s ]
INFO: [ app_begin ] --START--
INFO: Run Behavior\ReadHtmlCacheBehavior [ RunTime:0.000593s ]
INFO: [ app_begin ] --END-- [ RunTime:0.000758s ]
SQL: SHOW COLUMNS FROM `lb_tokens` [ RunTime:0.0010s ]
SQL: SELECT `userType`,`user_id`,`updated_at` FROM `lb_tokens` WHERE `token` = ''  [ RunTime:0.0005s ]
NOTIC: [8] Undefined offset: 0 /Users/joy/www/banar/Application/Api/Controller/UserController.class.php 第 608 行.

[ 2015-04-19T16:55:06+08:00 ] ::1 /banar/api/user/getMyProfile
INFO: [ app_init ] --START--
INFO: Run Behavior\BuildLiteBehavior [ RunTime:0.000027s ]
INFO: [ app_init ] --END-- [ RunTime:0.000412s ]
INFO: [ app_begin ] --START--
INFO: Run Behavior\ReadHtmlCacheBehavior [ RunTime:0.000473s ]
INFO: [ app_begin ] --END-- [ RunTime:0.000596s ]
SQL: SHOW COLUMNS FROM `lb_tokens` [ RunTime:0.0015s ]
SQL: SELECT `userType`,`user_id`,`updated_at` FROM `lb_tokens` WHERE `token` = 'd52e6abb7e6ab0b0149f66c6db552de6'  [ RunTime:0.0004s ]
SQL: SELECT `userType`,`user_id` FROM `lb_tokens` WHERE `token` = 'd52e6abb7e6ab0b0149f66c6db552de6'  [ RunTime:0.0003s ]
SQL: SHOW COLUMNS FROM `lb_users` [ RunTime:0.0013s ]
SQL: SELECT `id`,`name`,`avatar` FROM `lb_users` WHERE `id` = 19  [ RunTime:0.0002s ]

[ 2015-04-19T16:55:16+08:00 ] ::1 /banar/api/user/getMyProfile
INFO: [ app_init ] --START--
INFO: Run Behavior\BuildLiteBehavior [ RunTime:0.000056s ]
INFO: [ app_init ] --END-- [ RunTime:0.000890s ]
INFO: [ app_begin ] --START--
INFO: Run Behavior\ReadHtmlCacheBehavior [ RunTime:0.000508s ]
INFO: [ app_begin ] --END-- [ RunTime:0.000646s ]
SQL: SHOW COLUMNS FROM `lb_tokens` [ RunTime:0.0016s ]
SQL: SELECT `userType`,`user_id`,`updated_at` FROM `lb_tokens` WHERE `token` = 'd52e6abb7e6ab0b0149f66c6db552de6'  [ RunTime:0.0009s ]
SQL: SELECT `userType`,`user_id` FROM `lb_tokens` WHERE `token` = 'd52e6abb7e6ab0b0149f66c6db552de6'  [ RunTime:0.0010s ]
SQL: SHOW COLUMNS FROM `lb_users` [ RunTime:0.0020s ]
SQL: SELECT `id`,`name`,`avatar` FROM `lb_users` WHERE `id` = 19  [ RunTime:0.0002s ]

[ 2015-04-19T16:56:35+08:00 ] ::1 /banar/api/user/getMyProfile
INFO: [ app_init ] --START--
INFO: Run Behavior\BuildLiteBehavior [ RunTime:0.000036s ]
INFO: [ app_init ] --END-- [ RunTime:0.000556s ]
INFO: [ app_begin ] --START--
INFO: Run Behavior\ReadHtmlCacheBehavior [ RunTime:0.000714s ]
INFO: [ app_begin ] --END-- [ RunTime:0.000881s ]
SQL: SHOW COLUMNS FROM `lb_tokens` [ RunTime:0.0021s ]
SQL: SELECT `userType`,`user_id`,`updated_at` FROM `lb_tokens` WHERE `token` = 'd52e6abb7e6ab0b0149f66c6db552de6'  [ RunTime:0.0004s ]
SQL: SELECT `userType`,`user_id` FROM `lb_tokens` WHERE `token` = 'd52e6abb7e6ab0b0149f66c6db552de6'  [ RunTime:0.0003s ]
SQL: SHOW COLUMNS FROM `lb_users` [ RunTime:0.0048s ]
SQL: SELECT `id`,`name`,`avatar` FROM `lb_users` WHERE `id` = 19  [ RunTime:0.0004s ]

[ 2015-04-19T16:56:46+08:00 ] ::1 /banar/api/user/getMyProfile
INFO: [ app_init ] --START--
INFO: Run Behavior\BuildLiteBehavior [ RunTime:0.000026s ]
INFO: [ app_init ] --END-- [ RunTime:0.000408s ]
INFO: [ app_begin ] --START--
INFO: Run Behavior\ReadHtmlCacheBehavior [ RunTime:0.000469s ]
INFO: [ app_begin ] --END-- [ RunTime:0.000603s ]
SQL: SHOW COLUMNS FROM `lb_tokens` [ RunTime:0.0023s ]
SQL: SELECT `userType`,`user_id`,`updated_at` FROM `lb_tokens` WHERE `token` = 'd52e6abb7e6ab0b0149f66c6db552de6'  [ RunTime:0.0009s ]
SQL: SELECT `userType`,`user_id` FROM `lb_tokens` WHERE `token` = 'd52e6abb7e6ab0b0149f66c6db552de6'  [ RunTime:0.0006s ]
SQL: SHOW COLUMNS FROM `lb_users` [ RunTime:0.0011s ]
SQL: SELECT `id`,`name`,`avatar` FROM `lb_users` WHERE `id` = 19  [ RunTime:0.0003s ]

[ 2015-04-19T16:57:24+08:00 ] ::1 /banar/api/user/getMyProfile
INFO: [ app_init ] --START--
INFO: Run Behavior\BuildLiteBehavior [ RunTime:0.000060s ]
INFO: [ app_init ] --END-- [ RunTime:0.000897s ]
INFO: [ app_begin ] --START--
INFO: Run Behavior\ReadHtmlCacheBehavior [ RunTime:0.000519s ]
INFO: [ app_begin ] --END-- [ RunTime:0.000660s ]
SQL: SHOW COLUMNS FROM `lb_tokens` [ RunTime:0.0016s ]
SQL: SELECT `userType`,`user_id`,`updated_at` FROM `lb_tokens` WHERE `token` = 'd52e6abb7e6ab0b0149f66c6db552de6'  [ RunTime:0.0004s ]
SQL: SELECT `userType`,`user_id` FROM `lb_tokens` WHERE `token` = 'd52e6abb7e6ab0b0149f66c6db552de6'  [ RunTime:0.0006s ]
SQL: SHOW COLUMNS FROM `lb_users` [ RunTime:0.0014s ]
SQL: SELECT `id`,`name`,`avatar` FROM `lb_users` WHERE `id` = 19  [ RunTime:0.0006s ]

[ 2015-04-19T16:58:57+08:00 ] ::1 /banar/api/user/driverLogin
INFO: [ app_init ] --START--
INFO: Run Behavior\BuildLiteBehavior [ RunTime:0.000026s ]
INFO: [ app_init ] --END-- [ RunTime:0.000405s ]
INFO: [ app_begin ] --START--
INFO: Run Behavior\ReadHtmlCacheBehavior [ RunTime:0.000494s ]
INFO: [ app_begin ] --END-- [ RunTime:0.000606s ]

[ 2015-04-19T16:59:36+08:00 ] ::1 /banar/api/user/driverLogin
INFO: [ app_init ] --START--
INFO: Run Behavior\BuildLiteBehavior [ RunTime:0.000052s ]
INFO: [ app_init ] --END-- [ RunTime:0.000907s ]
INFO: [ app_begin ] --START--
INFO: Run Behavior\ReadHtmlCacheBehavior [ RunTime:0.000588s ]
INFO: [ app_begin ] --END-- [ RunTime:0.000748s ]
INFO: [ app_end ] --START--
INFO: Run Behavior\ShowPageTraceBehavior [ RunTime:0.001491s ]
INFO: [ app_end ] --END-- [ RunTime:0.001761s ]

[ 2015-04-19T16:59:57+08:00 ] ::1 /banar/api/user/driverLogin
INFO: [ app_init ] --START--
INFO: Run Behavior\BuildLiteBehavior [ RunTime:0.000025s ]
INFO: [ app_init ] --END-- [ RunTime:0.000401s ]
INFO: [ app_begin ] --START--
INFO: Run Behavior\ReadHtmlCacheBehavior [ RunTime:0.000446s ]
INFO: [ app_begin ] --END-- [ RunTime:0.000557s ]

[ 2015-04-19T17:00:29+08:00 ] ::1 /banar/api/user/driverLogin
INFO: [ app_init ] --START--
INFO: Run Behavior\BuildLiteBehavior [ RunTime:0.000028s ]
INFO: [ app_init ] --END-- [ RunTime:0.000451s ]
INFO: [ app_begin ] --START--
INFO: Run Behavior\ReadHtmlCacheBehavior [ RunTime:0.000509s ]
INFO: [ app_begin ] --END-- [ RunTime:0.000628s ]
INFO: [ app_end ] --START--
INFO: Run Behavior\ShowPageTraceBehavior [ RunTime:0.000505s ]
INFO: [ app_end ] --END-- [ RunTime:0.000633s ]

[ 2015-04-19T17:01:14+08:00 ] ::1 /banar/api/user/driverLogin
INFO: [ app_init ] --START--
INFO: Run Behavior\BuildLiteBehavior [ RunTime:0.000037s ]
INFO: [ app_init ] --END-- [ RunTime:0.000573s ]
INFO: [ app_begin ] --START--
INFO: Run Behavior\ReadHtmlCacheBehavior [ RunTime:0.000502s ]
INFO: [ app_begin ] --END-- [ RunTime:0.000621s ]
INFO: [ app_end ] --START--
INFO: Run Behavior\ShowPageTraceBehavior [ RunTime:0.000813s ]
INFO: [ app_end ] --END-- [ RunTime:0.001020s ]

[ 2015-04-19T17:01:15+08:00 ] ::1 /banar/api/user/driverLogin
INFO: [ app_init ] --START--
INFO: Run Behavior\BuildLiteBehavior [ RunTime:0.000028s ]
INFO: [ app_init ] --END-- [ RunTime:0.000464s ]
INFO: [ app_begin ] --START--
INFO: Run Behavior\ReadHtmlCacheBehavior [ RunTime:0.001027s ]
INFO: [ app_begin ] --END-- [ RunTime:0.001386s ]
INFO: [ app_end ] --START--
INFO: Run Behavior\ShowPageTraceBehavior [ RunTime:0.001261s ]
INFO: [ app_end ] --END-- [ RunTime:0.001524s ]

[ 2015-04-19T17:01:16+08:00 ] ::1 /banar/api/user/driverLogin
INFO: [ app_init ] --START--
INFO: Run Behavior\BuildLiteBehavior [ RunTime:0.000043s ]
INFO: [ app_init ] --END-- [ RunTime:0.000720s ]
INFO: [ app_begin ] --START--
INFO: Run Behavior\ReadHtmlCacheBehavior [ RunTime:0.000596s ]
INFO: [ app_begin ] --END-- [ RunTime:0.000802s ]
INFO: [ app_end ] --START--
INFO: Run Behavior\ShowPageTraceBehavior [ RunTime:0.000556s ]
INFO: [ app_end ] --END-- [ RunTime:0.000737s ]

[ 2015-04-19T17:01:17+08:00 ] ::1 /banar/api/user/driverLogin
INFO: [ app_init ] --START--
INFO: Run Behavior\BuildLiteBehavior [ RunTime:0.000025s ]
INFO: [ app_init ] --END-- [ RunTime:0.000444s ]
INFO: [ app_begin ] --START--
INFO: Run Behavior\ReadHtmlCacheBehavior [ RunTime:0.000447s ]
INFO: [ app_begin ] --END-- [ RunTime:0.000554s ]
INFO: [ app_end ] --START--
INFO: Run Behavior\ShowPageTraceBehavior [ RunTime:0.000507s ]
INFO: [ app_end ] --END-- [ RunTime:0.000632s ]

[ 2015-04-19T17:01:17+08:00 ] ::1 /banar/api/user/driverLogin
INFO: [ app_init ] --START--
INFO: Run Behavior\BuildLiteBehavior [ RunTime:0.000075s ]
INFO: [ app_init ] --END-- [ RunTime:0.001031s ]
INFO: [ app_begin ] --START--
INFO: Run Behavior\ReadHtmlCacheBehavior [ RunTime:0.000471s ]
INFO: [ app_begin ] --END-- [ RunTime:0.000594s ]
INFO: [ app_end ] --START--
INFO: Run Behavior\ShowPageTraceBehavior [ RunTime:0.000537s ]
INFO: [ app_end ] --END-- [ RunTime:0.000662s ]

[ 2015-04-19T17:01:18+08:00 ] ::1 /banar/api/user/driverLogin
INFO: [ app_init ] --START--
INFO: Run Behavior\BuildLiteBehavior [ RunTime:0.000025s ]
INFO: [ app_init ] --END-- [ RunTime:0.000401s ]
INFO: [ app_begin ] --START--
INFO: Run Behavior\ReadHtmlCacheBehavior [ RunTime:0.000447s ]
INFO: [ app_begin ] --END-- [ RunTime:0.000558s ]
INFO: [ app_end ] --START--
INFO: Run Behavior\ShowPageTraceBehavior [ RunTime:0.001011s ]
INFO: [ app_end ] --END-- [ RunTime:0.001219s ]

[ 2015-04-19T17:01:19+08:00 ] ::1 /banar/api/user/driverLogin
INFO: [ app_init ] --START--
INFO: Run Behavior\BuildLiteBehavior [ RunTime:0.000025s ]
INFO: [ app_init ] --END-- [ RunTime:0.000396s ]
INFO: [ app_begin ] --START--
INFO: Run Behavior\ReadHtmlCacheBehavior [ RunTime:0.000448s ]
INFO: [ app_begin ] --END-- [ RunTime:0.000611s ]
INFO: [ app_end ] --START--
INFO: Run Behavior\ShowPageTraceBehavior [ RunTime:0.001184s ]
INFO: [ app_end ] --END-- [ RunTime:0.001550s ]

[ 2015-04-19T17:01:19+08:00 ] ::1 /banar/api/user/driverLogin
INFO: [ app_init ] --START--
INFO: Run Behavior\BuildLiteBehavior [ RunTime:0.000025s ]
INFO: [ app_init ] --END-- [ RunTime:0.000394s ]
INFO: [ app_begin ] --START--
INFO: Run Behavior\ReadHtmlCacheBehavior [ RunTime:0.000462s ]
INFO: [ app_begin ] --END-- [ RunTime:0.000564s ]
INFO: [ app_end ] --START--
INFO: Run Behavior\ShowPageTraceBehavior [ RunTime:0.001012s ]
INFO: [ app_end ] --END-- [ RunTime:0.001414s ]

[ 2015-04-19T17:01:20+08:00 ] ::1 /banar/api/user/driverLogin
INFO: [ app_init ] --START--
INFO: Run Behavior\BuildLiteBehavior [ RunTime:0.000046s ]
INFO: [ app_init ] --END-- [ RunTime:0.000990s ]
INFO: [ app_begin ] --START--
INFO: Run Behavior\ReadHtmlCacheBehavior [ RunTime:0.000877s ]
INFO: [ app_begin ] --END-- [ RunTime:0.001145s ]
INFO: [ app_end ] --START--
INFO: Run Behavior\ShowPageTraceBehavior [ RunTime:0.000522s ]
INFO: [ app_end ] --END-- [ RunTime:0.000676s ]

[ 2015-04-19T17:01:21+08:00 ] ::1 /banar/api/user/driverLogin
INFO: [ app_init ] --START--
INFO: Run Behavior\BuildLiteBehavior [ RunTime:0.000055s ]
INFO: [ app_init ] --END-- [ RunTime:0.001045s ]
INFO: [ app_begin ] --START--
INFO: Run Behavior\ReadHtmlCacheBehavior [ RunTime:0.000774s ]
INFO: [ app_begin ] --END-- [ RunTime:0.000978s ]
INFO: [ app_end ] --START--
INFO: Run Behavior\ShowPageTraceBehavior [ RunTime:0.001179s ]
INFO: [ app_end ] --END-- [ RunTime:0.001463s ]

[ 2015-04-19T17:01:22+08:00 ] ::1 /banar/api/user/driverLogin
INFO: [ app_init ] --START--
INFO: Run Behavior\BuildLiteBehavior [ RunTime:0.000025s ]
INFO: [ app_init ] --END-- [ RunTime:0.000394s ]
INFO: [ app_begin ] --START--
INFO: Run Behavior\ReadHtmlCacheBehavior [ RunTime:0.000443s ]
INFO: [ app_begin ] --END-- [ RunTime:0.000554s ]
INFO: [ app_end ] --START--
INFO: Run Behavior\ShowPageTraceBehavior [ RunTime:0.000920s ]
INFO: [ app_end ] --END-- [ RunTime:0.001137s ]

[ 2015-04-19T17:09:27+08:00 ] ::1 /banar/api/cate/getAllCates
INFO: [ app_init ] --START--
INFO: Run Behavior\BuildLiteBehavior [ RunTime:0.000029s ]
INFO: [ app_init ] --END-- [ RunTime:0.000460s ]
INFO: [ app_begin ] --START--
INFO: Run Behavior\ReadHtmlCacheBehavior [ RunTime:0.000528s ]
INFO: [ app_begin ] --END-- [ RunTime:0.000643s ]
SQL: SHOW COLUMNS FROM `lb_cates` [ RunTime:0.0009s ]
SQL: SELECT `id`,`name` FROM `lb_cates` ORDER BY id asc  [ RunTime:0.0002s ]

[ 2015-04-19T17:10:21+08:00 ] ::1 /banar/api/cate/getAllCates
INFO: [ app_init ] --START--
INFO: Run Behavior\BuildLiteBehavior [ RunTime:0.000034s ]
INFO: [ app_init ] --END-- [ RunTime:0.000993s ]
INFO: [ app_begin ] --START--
INFO: Run Behavior\ReadHtmlCacheBehavior [ RunTime:0.000792s ]
INFO: [ app_begin ] --END-- [ RunTime:0.000993s ]
SQL: SHOW COLUMNS FROM `lb_cates` [ RunTime:0.0012s ]
SQL: SELECT `id`,`name` FROM `lb_cates` ORDER BY id asc  [ RunTime:0.0003s ]

[ 2015-04-19T17:10:29+08:00 ] ::1 /banar/api/cate/getAllCates
INFO: [ app_init ] --START--
INFO: Run Behavior\BuildLiteBehavior [ RunTime:0.000025s ]
INFO: [ app_init ] --END-- [ RunTime:0.000399s ]
INFO: [ app_begin ] --START--
INFO: Run Behavior\ReadHtmlCacheBehavior [ RunTime:0.000456s ]
INFO: [ app_begin ] --END-- [ RunTime:0.000566s ]
SQL: SHOW COLUMNS FROM `lb_cates` [ RunTime:0.0039s ]
SQL: SELECT `id`,`name` FROM `lb_cates` ORDER BY id asc  [ RunTime:0.0005s ]

[ 2015-04-19T17:11:04+08:00 ] ::1 /banar/api/cate/getAllCates
INFO: [ app_init ] --START--
INFO: Run Behavior\BuildLiteBehavior [ RunTime:0.000126s ]
INFO: [ app_init ] --END-- [ RunTime:0.001095s ]
INFO: [ app_begin ] --START--
INFO: Run Behavior\ReadHtmlCacheBehavior [ RunTime:0.001052s ]
INFO: [ app_begin ] --END-- [ RunTime:0.001309s ]
SQL: SHOW COLUMNS FROM `lb_cates` [ RunTime:0.0026s ]
SQL: SELECT `id`,`name` FROM `lb_cates` ORDER BY id asc  [ RunTime:0.0003s ]

[ 2015-04-19T17:11:44+08:00 ] ::1 /banar/api/cate/getAllCates
INFO: [ app_init ] --START--
INFO: Run Behavior\BuildLiteBehavior [ RunTime:0.000046s ]
INFO: [ app_init ] --END-- [ RunTime:0.000862s ]
INFO: [ app_begin ] --START--
INFO: Run Behavior\ReadHtmlCacheBehavior [ RunTime:0.001101s ]
INFO: [ app_begin ] --END-- [ RunTime:0.001335s ]
SQL: SHOW COLUMNS FROM `lb_cates` [ RunTime:0.0010s ]
SQL: SELECT `id`,`name` FROM `lb_cates` ORDER BY id asc  [ RunTime:0.0013s ]

[ 2015-04-19T17:12:07+08:00 ] ::1 /banar/api/cate/getAllCates
INFO: [ app_init ] --START--
INFO: Run Behavior\BuildLiteBehavior [ RunTime:0.000028s ]
INFO: [ app_init ] --END-- [ RunTime:0.000461s ]
INFO: [ app_begin ] --START--
INFO: Run Behavior\ReadHtmlCacheBehavior [ RunTime:0.000465s ]
INFO: [ app_begin ] --END-- [ RunTime:0.000574s ]
SQL: SHOW COLUMNS FROM `lb_cates` [ RunTime:0.0021s ]
SQL: SELECT `id`,`name` FROM `lb_cates` ORDER BY id asc  [ RunTime:0.0003s ]

[ 2015-04-19T17:12:39+08:00 ] ::1 /banar/api/cate/getAllCates
INFO: [ app_init ] --START--
INFO: Run Behavior\BuildLiteBehavior [ RunTime:0.000067s ]
INFO: [ app_init ] --END-- [ RunTime:0.001159s ]
INFO: [ app_begin ] --START--
INFO: Run Behavior\ReadHtmlCacheBehavior [ RunTime:0.000459s ]
INFO: [ app_begin ] --END-- [ RunTime:0.000574s ]
SQL: SHOW COLUMNS FROM `lb_cates` [ RunTime:0.0015s ]
SQL: SELECT `id`,`name` FROM `lb_cates` ORDER BY id asc  [ RunTime:0.0003s ]
NOTIC: [2] Attempt to assign property of non-object /Users/joy/www/banar/Application/Api/Controller/CommunalController.class.php 第 27 行.
NOTIC: [2] Attempt to assign property of non-object /Users/joy/www/banar/Application/Api/Controller/CommunalController.class.php 第 28 行.

[ 2015-04-19T17:13:34+08:00 ] ::1 /banar/api/cate/getAllCates
INFO: [ app_init ] --START--
INFO: Run Behavior\BuildLiteBehavior [ RunTime:0.000025s ]
INFO: [ app_init ] --END-- [ RunTime:0.000402s ]
INFO: [ app_begin ] --START--
INFO: Run Behavior\ReadHtmlCacheBehavior [ RunTime:0.000479s ]
INFO: [ app_begin ] --END-- [ RunTime:0.000600s ]
SQL: SHOW COLUMNS FROM `lb_cates` [ RunTime:0.0012s ]
SQL: SELECT `id`,`name` FROM `lb_cates` ORDER BY id asc  [ RunTime:0.0005s ]
NOTIC: [2] Cannot modify header information - headers already sent by (output started at /Users/joy/www/banar/Application/Api/Controller/CommunalController.class.php:24) /Users/joy/www/banar/ThinkPHP/Library/Think/Controller/RestController.class.php 第 177 行.
NOTIC: [2] Cannot modify header information - headers already sent by (output started at /Users/joy/www/banar/Application/Api/Controller/CommunalController.class.php:24) /Users/joy/www/banar/ThinkPHP/Library/Think/Controller/RestController.class.php 第 179 行.

[ 2015-04-19T17:13:57+08:00 ] ::1 /banar/api/cate/getAllCates
INFO: [ app_init ] --START--
INFO: Run Behavior\BuildLiteBehavior [ RunTime:0.000055s ]
INFO: [ app_init ] --END-- [ RunTime:0.000956s ]
INFO: [ app_begin ] --START--
INFO: Run Behavior\ReadHtmlCacheBehavior [ RunTime:0.000465s ]
INFO: [ app_begin ] --END-- [ RunTime:0.000586s ]
SQL: SHOW COLUMNS FROM `lb_cates` [ RunTime:0.0013s ]
SQL: SELECT `id`,`name` FROM `lb_cates` ORDER BY id asc  [ RunTime:0.0003s ]
NOTIC: [2] Cannot modify header information - headers already sent by (output started at /Users/joy/www/banar/Application/Api/Controller/CommunalController.class.php:25) /Users/joy/www/banar/ThinkPHP/Library/Think/Controller/RestController.class.php 第 177 行.
NOTIC: [2] Cannot modify header information - headers already sent by (output started at /Users/joy/www/banar/Application/Api/Controller/CommunalController.class.php:25) /Users/joy/www/banar/ThinkPHP/Library/Think/Controller/RestController.class.php 第 179 行.

[ 2015-04-19T17:14:03+08:00 ] ::1 /banar/api/cate/getAllCates
INFO: [ app_init ] --START--
INFO: Run Behavior\BuildLiteBehavior [ RunTime:0.000025s ]
INFO: [ app_init ] --END-- [ RunTime:0.000421s ]
INFO: [ app_begin ] --START--
INFO: Run Behavior\ReadHtmlCacheBehavior [ RunTime:0.000480s ]
INFO: [ app_begin ] --END-- [ RunTime:0.000599s ]
SQL: SHOW COLUMNS FROM `lb_cates` [ RunTime:0.0013s ]
SQL: SELECT `id`,`name` FROM `lb_cates` ORDER BY id asc  [ RunTime:0.0004s ]
NOTIC: [2] Cannot modify header information - headers already sent by (output started at /Users/joy/www/banar/Application/Api/Controller/CommunalController.class.php:25) /Users/joy/www/banar/ThinkPHP/Library/Think/Controller/RestController.class.php 第 177 行.
NOTIC: [2] Cannot modify header information - headers already sent by (output started at /Users/joy/www/banar/Application/Api/Controller/CommunalController.class.php:25) /Users/joy/www/banar/ThinkPHP/Library/Think/Controller/RestController.class.php 第 179 行.

[ 2015-04-19T17:14:11+08:00 ] ::1 /banar/api/cate/getAllCates
INFO: [ app_init ] --START--
INFO: Run Behavior\BuildLiteBehavior [ RunTime:0.000072s ]
INFO: [ app_init ] --END-- [ RunTime:0.001019s ]
INFO: [ app_begin ] --START--
INFO: Run Behavior\ReadHtmlCacheBehavior [ RunTime:0.000761s ]
INFO: [ app_begin ] --END-- [ RunTime:0.000984s ]
SQL: SHOW COLUMNS FROM `lb_cates` [ RunTime:0.0013s ]
SQL: SELECT `id`,`name` FROM `lb_cates` ORDER BY id asc  [ RunTime:0.0003s ]
NOTIC: [2] Cannot modify header information - headers already sent by (output started at /Users/joy/www/banar/Application/Api/Controller/CommunalController.class.php:25) /Users/joy/www/banar/ThinkPHP/Library/Think/Controller/RestController.class.php 第 177 行.
NOTIC: [2] Cannot modify header information - headers already sent by (output started at /Users/joy/www/banar/Application/Api/Controller/CommunalController.class.php:25) /Users/joy/www/banar/ThinkPHP/Library/Think/Controller/RestController.class.php 第 179 行.

[ 2015-04-19T17:14:16+08:00 ] ::1 /banar/api/cate/getAllCates
INFO: [ app_init ] --START--
INFO: Run Behavior\BuildLiteBehavior [ RunTime:0.000105s ]
INFO: [ app_init ] --END-- [ RunTime:0.001905s ]
INFO: [ app_begin ] --START--
INFO: Run Behavior\ReadHtmlCacheBehavior [ RunTime:0.000798s ]
INFO: [ app_begin ] --END-- [ RunTime:0.001003s ]
SQL: SHOW COLUMNS FROM `lb_cates` [ RunTime:0.0009s ]
SQL: SELECT `id`,`name` FROM `lb_cates` ORDER BY id asc  [ RunTime:0.0003s ]
NOTIC: [2] Cannot modify header information - headers already sent by (output started at /Users/joy/www/banar/Application/Api/Controller/CommunalController.class.php:25) /Users/joy/www/banar/ThinkPHP/Library/Think/Controller/RestController.class.php 第 177 行.
NOTIC: [2] Cannot modify header information - headers already sent by (output started at /Users/joy/www/banar/Application/Api/Controller/CommunalController.class.php:25) /Users/joy/www/banar/ThinkPHP/Library/Think/Controller/RestController.class.php 第 179 行.

[ 2015-04-19T17:14:18+08:00 ] ::1 /banar/api/cate/getAllCates
INFO: [ app_init ] --START--
INFO: Run Behavior\BuildLiteBehavior [ RunTime:0.000029s ]
INFO: [ app_init ] --END-- [ RunTime:0.000452s ]
INFO: [ app_begin ] --START--
INFO: Run Behavior\ReadHtmlCacheBehavior [ RunTime:0.000509s ]
INFO: [ app_begin ] --END-- [ RunTime:0.000629s ]
SQL: SHOW COLUMNS FROM `lb_cates` [ RunTime:0.0016s ]
SQL: SELECT `id`,`name` FROM `lb_cates` ORDER BY id asc  [ RunTime:0.0002s ]
NOTIC: [2] Cannot modify header information - headers already sent by (output started at /Users/joy/www/banar/Application/Api/Controller/CommunalController.class.php:25) /Users/joy/www/banar/ThinkPHP/Library/Think/Controller/RestController.class.php 第 177 行.
NOTIC: [2] Cannot modify header information - headers already sent by (output started at /Users/joy/www/banar/Application/Api/Controller/CommunalController.class.php:25) /Users/joy/www/banar/ThinkPHP/Library/Think/Controller/RestController.class.php 第 179 行.

[ 2015-04-19T17:14:39+08:00 ] ::1 /banar/api/cate/getAllCates
INFO: [ app_init ] --START--
INFO: Run Behavior\BuildLiteBehavior [ RunTime:0.000044s ]
INFO: [ app_init ] --END-- [ RunTime:0.000875s ]
INFO: [ app_begin ] --START--
INFO: Run Behavior\ReadHtmlCacheBehavior [ RunTime:0.001408s ]
INFO: [ app_begin ] --END-- [ RunTime:0.001804s ]
SQL: SHOW COLUMNS FROM `lb_cates` [ RunTime:0.0009s ]
SQL: SELECT `id`,`name` FROM `lb_cates` ORDER BY id asc  [ RunTime:0.0002s ]
NOTIC: [2] Cannot modify header information - headers already sent by (output started at /Users/joy/www/banar/Application/Api/Controller/CommunalController.class.php:24) /Users/joy/www/banar/ThinkPHP/Library/Think/Controller/RestController.class.php 第 177 行.
NOTIC: [2] Cannot modify header information - headers already sent by (output started at /Users/joy/www/banar/Application/Api/Controller/CommunalController.class.php:24) /Users/joy/www/banar/ThinkPHP/Library/Think/Controller/RestController.class.php 第 179 行.

[ 2015-04-19T17:15:48+08:00 ] ::1 /banar/api/cate/getAllCates
INFO: [ app_init ] --START--
INFO: Run Behavior\BuildLiteBehavior [ RunTime:0.000027s ]
INFO: [ app_init ] --END-- [ RunTime:0.000404s ]
INFO: [ app_begin ] --START--
INFO: Run Behavior\ReadHtmlCacheBehavior [ RunTime:0.000761s ]
INFO: [ app_begin ] --END-- [ RunTime:0.000919s ]
SQL: SHOW COLUMNS FROM `lb_cates` [ RunTime:0.0010s ]
SQL: SELECT `id`,`name` FROM `lb_cates` ORDER BY id asc  [ RunTime:0.0003s ]

[ 2015-04-19T17:16:30+08:00 ] ::1 /banar/api/cate/getAllCates
INFO: [ app_init ] --START--
INFO: Run Behavior\BuildLiteBehavior [ RunTime:0.000069s ]
INFO: [ app_init ] --END-- [ RunTime:0.000999s ]
INFO: [ app_begin ] --START--
INFO: Run Behavior\ReadHtmlCacheBehavior [ RunTime:0.000753s ]
INFO: [ app_begin ] --END-- [ RunTime:0.000939s ]
SQL: SHOW COLUMNS FROM `lb_cates` [ RunTime:0.0012s ]
SQL: SELECT `id`,`name` FROM `lb_cates` ORDER BY id asc  [ RunTime:0.0004s ]

[ 2015-04-19T17:16:42+08:00 ] ::1 /banar/api/cate/getAllCates
INFO: [ app_init ] --START--
INFO: Run Behavior\BuildLiteBehavior [ RunTime:0.000029s ]
INFO: [ app_init ] --END-- [ RunTime:0.000557s ]
INFO: [ app_begin ] --START--
INFO: Run Behavior\ReadHtmlCacheBehavior [ RunTime:0.000454s ]
INFO: [ app_begin ] --END-- [ RunTime:0.000560s ]
SQL: SHOW COLUMNS FROM `lb_cates` [ RunTime:0.0012s ]
SQL: SELECT `id`,`name` FROM `lb_cates` ORDER BY id asc  [ RunTime:0.0003s ]

[ 2015-04-19T17:16:58+08:00 ] ::1 /banar/api/cate/getAllCates
INFO: [ app_init ] --START--
INFO: Run Behavior\BuildLiteBehavior [ RunTime:0.000139s ]
INFO: [ app_init ] --END-- [ RunTime:0.002050s ]
INFO: [ app_begin ] --START--
INFO: Run Behavior\ReadHtmlCacheBehavior [ RunTime:0.001227s ]
INFO: [ app_begin ] --END-- [ RunTime:0.001474s ]
SQL: SHOW COLUMNS FROM `lb_cates` [ RunTime:0.0013s ]
SQL: SELECT `id`,`name` FROM `lb_cates` ORDER BY id asc  [ RunTime:0.0008s ]

[ 2015-04-19T17:18:36+08:00 ] ::1 /banar/api/cate/getAllCates
INFO: [ app_init ] --START--
INFO: Run Behavior\BuildLiteBehavior [ RunTime:0.000028s ]
INFO: [ app_init ] --END-- [ RunTime:0.000468s ]
INFO: [ app_begin ] --START--
INFO: Run Behavior\ReadHtmlCacheBehavior [ RunTime:0.000462s ]
INFO: [ app_begin ] --END-- [ RunTime:0.000571s ]
SQL: SHOW COLUMNS FROM `lb_cates` [ RunTime:0.0011s ]
SQL: SELECT `id`,`name` FROM `lb_cates` ORDER BY id asc  [ RunTime:0.0003s ]
NOTIC: [2] json_decode() expects parameter 1 to be string, array given /Users/joy/www/banar/Application/Api/Controller/CommunalController.class.php 第 24 行.

[ 2015-04-19T17:18:43+08:00 ] ::1 /banar/api/cate/getAllCates
INFO: [ app_init ] --START--
INFO: Run Behavior\BuildLiteBehavior [ RunTime:0.000026s ]
INFO: [ app_init ] --END-- [ RunTime:0.000427s ]
INFO: [ app_begin ] --START--
INFO: Run Behavior\ReadHtmlCacheBehavior [ RunTime:0.000478s ]
INFO: [ app_begin ] --END-- [ RunTime:0.000592s ]
SQL: SHOW COLUMNS FROM `lb_cates` [ RunTime:0.0015s ]
SQL: SELECT `id`,`name` FROM `lb_cates` ORDER BY id asc  [ RunTime:0.0002s ]
NOTIC: [2] json_decode() expects parameter 1 to be string, array given /Users/joy/www/banar/Application/Api/Controller/CommunalController.class.php 第 24 行.

[ 2015-04-19T17:18:54+08:00 ] ::1 /banar/api/cate/getAllCates
INFO: [ app_init ] --START--
INFO: Run Behavior\BuildLiteBehavior [ RunTime:0.000047s ]
INFO: [ app_init ] --END-- [ RunTime:0.000757s ]
INFO: [ app_begin ] --START--
INFO: Run Behavior\ReadHtmlCacheBehavior [ RunTime:0.002170s ]
INFO: [ app_begin ] --END-- [ RunTime:0.002781s ]
SQL: SHOW COLUMNS FROM `lb_cates` [ RunTime:0.0014s ]
SQL: SELECT `id`,`name` FROM `lb_cates` ORDER BY id asc  [ RunTime:0.0004s ]

[ 2015-04-19T17:19:09+08:00 ] ::1 /banar/api/cate/getAllCates
INFO: [ app_init ] --START--
INFO: Run Behavior\BuildLiteBehavior [ RunTime:0.000026s ]
INFO: [ app_init ] --END-- [ RunTime:0.000483s ]
INFO: [ app_begin ] --START--
INFO: Run Behavior\ReadHtmlCacheBehavior [ RunTime:0.000507s ]
INFO: [ app_begin ] --END-- [ RunTime:0.000633s ]
SQL: SHOW COLUMNS FROM `lb_cates` [ RunTime:0.0011s ]
SQL: SELECT `id`,`name` FROM `lb_cates` ORDER BY id asc  [ RunTime:0.0005s ]

[ 2015-04-19T17:19:53+08:00 ] ::1 /banar/api/cate/getAllCates
INFO: [ app_init ] --START--
INFO: Run Behavior\BuildLiteBehavior [ RunTime:0.000286s ]
INFO: [ app_init ] --END-- [ RunTime:0.003718s ]
INFO: [ app_begin ] --START--
INFO: Run Behavior\ReadHtmlCacheBehavior [ RunTime:0.000927s ]
INFO: [ app_begin ] --END-- [ RunTime:0.001172s ]
SQL: SHOW COLUMNS FROM `lb_cates` [ RunTime:0.0008s ]
SQL: SELECT `id`,`name` FROM `lb_cates` ORDER BY id asc  [ RunTime:0.0002s ]

[ 2015-04-19T17:21:28+08:00 ] ::1 /banar/api/cate/getAllCates
INFO: [ app_init ] --START--
INFO: Run Behavior\BuildLiteBehavior [ RunTime:0.000027s ]
INFO: [ app_init ] --END-- [ RunTime:0.000430s ]
INFO: [ app_begin ] --START--
INFO: Run Behavior\ReadHtmlCacheBehavior [ RunTime:0.000659s ]
INFO: [ app_begin ] --END-- [ RunTime:0.000828s ]
SQL: SHOW COLUMNS FROM `lb_cates` [ RunTime:0.0008s ]
SQL: SELECT `id`,`name` FROM `lb_cates` ORDER BY id asc  [ RunTime:0.0002s ]
NOTIC: [2] array_map() expects parameter 1 to be a valid callback, function 'getAllCates' not found or invalid function name /Users/joy/www/banar/Application/Api/Controller/CommunalController.class.php 第 24 行.

[ 2015-04-19T17:24:48+08:00 ] ::1 /banar/api/cate/getAllCates
INFO: [ app_init ] --START--
INFO: Run Behavior\BuildLiteBehavior [ RunTime:0.000038s ]
INFO: [ app_init ] --END-- [ RunTime:0.000726s ]
INFO: [ app_begin ] --START--
INFO: Run Behavior\ReadHtmlCacheBehavior [ RunTime:0.001090s ]
INFO: [ app_begin ] --END-- [ RunTime:0.001300s ]
SQL: SHOW COLUMNS FROM `lb_cates` [ RunTime:0.0011s ]
SQL: SELECT `id`,`name` FROM `lb_cates` ORDER BY id asc  [ RunTime:0.0006s ]

[ 2015-04-19T17:24:59+08:00 ] ::1 /banar/api/cate/getAllCates
INFO: [ app_init ] --START--
INFO: Run Behavior\BuildLiteBehavior [ RunTime:0.000026s ]
INFO: [ app_init ] --END-- [ RunTime:0.000410s ]
INFO: [ app_begin ] --START--
INFO: Run Behavior\ReadHtmlCacheBehavior [ RunTime:0.000462s ]
INFO: [ app_begin ] --END-- [ RunTime:0.000579s ]
SQL: SHOW COLUMNS FROM `lb_cates` [ RunTime:0.0009s ]
SQL: SELECT `id`,`name` FROM `lb_cates` ORDER BY id asc  [ RunTime:0.0002s ]

[ 2015-04-19T17:25:51+08:00 ] ::1 /banar/api/cate/getAllCates
INFO: [ app_init ] --START--
INFO: Run Behavior\BuildLiteBehavior [ RunTime:0.000069s ]
INFO: [ app_init ] --END-- [ RunTime:0.000770s ]
INFO: [ app_begin ] --START--
INFO: Run Behavior\ReadHtmlCacheBehavior [ RunTime:0.000496s ]
INFO: [ app_begin ] --END-- [ RunTime:0.000616s ]
SQL: SHOW COLUMNS FROM `lb_cates` [ RunTime:0.0011s ]
SQL: SELECT `id`,`name` FROM `lb_cates` ORDER BY id asc  [ RunTime:0.0004s ]

[ 2015-04-19T17:28:12+08:00 ] ::1 /banar/api/cate/getAllCates
INFO: [ app_init ] --START--
INFO: Run Behavior\BuildLiteBehavior [ RunTime:0.000030s ]
INFO: [ app_init ] --END-- [ RunTime:0.000631s ]
INFO: [ app_begin ] --START--
INFO: Run Behavior\ReadHtmlCacheBehavior [ RunTime:0.000720s ]
INFO: [ app_begin ] --END-- [ RunTime:0.000851s ]
SQL: SHOW COLUMNS FROM `lb_cates` [ RunTime:0.0016s ]
SQL: SELECT `id`,`name` FROM `lb_cates` ORDER BY id asc  [ RunTime:0.0019s ]

[ 2015-04-19T17:28:23+08:00 ] ::1 /banar/api/cate/getAllCates
INFO: [ app_init ] --START--
INFO: Run Behavior\BuildLiteBehavior [ RunTime:0.000025s ]
INFO: [ app_init ] --END-- [ RunTime:0.000401s ]
INFO: [ app_begin ] --START--
INFO: Run Behavior\ReadHtmlCacheBehavior [ RunTime:0.000464s ]
INFO: [ app_begin ] --END-- [ RunTime:0.000574s ]
SQL: SHOW COLUMNS FROM `lb_cates` [ RunTime:0.0012s ]
SQL: SELECT `id`,`name` FROM `lb_cates` ORDER BY id asc  [ RunTime:0.0005s ]

[ 2015-04-19T17:28:56+08:00 ] ::1 /banar/api/cate/getAllCates
INFO: [ app_init ] --START--
INFO: Run Behavior\BuildLiteBehavior [ RunTime:0.000027s ]
INFO: [ app_init ] --END-- [ RunTime:0.000613s ]
INFO: [ app_begin ] --START--
INFO: Run Behavior\ReadHtmlCacheBehavior [ RunTime:0.000789s ]
INFO: [ app_begin ] --END-- [ RunTime:0.000925s ]
SQL: SHOW COLUMNS FROM `lb_cates` [ RunTime:0.0015s ]
SQL: SELECT `id`,`name` FROM `lb_cates` ORDER BY id asc  [ RunTime:0.0002s ]

[ 2015-04-19T17:29:46+08:00 ] ::1 /banar/api/cate/getAllCates
INFO: [ app_init ] --START--
INFO: Run Behavior\BuildLiteBehavior [ RunTime:0.000086s ]
INFO: [ app_init ] --END-- [ RunTime:0.001328s ]
INFO: [ app_begin ] --START--
INFO: Run Behavior\ReadHtmlCacheBehavior [ RunTime:0.000802s ]
INFO: [ app_begin ] --END-- [ RunTime:0.000946s ]
SQL: SHOW COLUMNS FROM `lb_cates` [ RunTime:0.0009s ]
SQL: SELECT `id`,`name` FROM `lb_cates` ORDER BY id asc  [ RunTime:0.0002s ]

[ 2015-04-19T17:33:13+08:00 ] ::1 /banar/api/cate/getAllCates
INFO: [ app_init ] --START--
INFO: Run Behavior\BuildLiteBehavior [ RunTime:0.000025s ]
INFO: [ app_init ] --END-- [ RunTime:0.000398s ]
INFO: [ app_begin ] --START--
INFO: Run Behavior\ReadHtmlCacheBehavior [ RunTime:0.000740s ]
INFO: [ app_begin ] --END-- [ RunTime:0.000966s ]
SQL: SHOW COLUMNS FROM `lb_cates` [ RunTime:0.0021s ]
SQL: SELECT `id`,`name` FROM `lb_cates` ORDER BY id asc  [ RunTime:0.0004s ]

[ 2015-04-19T17:33:22+08:00 ] ::1 /banar/api/cate/getAllCates
INFO: [ app_init ] --START--
INFO: Run Behavior\BuildLiteBehavior [ RunTime:0.000074s ]
INFO: [ app_init ] --END-- [ RunTime:0.003223s ]
INFO: [ app_begin ] --START--
INFO: Run Behavior\ReadHtmlCacheBehavior [ RunTime:0.000941s ]
INFO: [ app_begin ] --END-- [ RunTime:0.001186s ]
SQL: SHOW COLUMNS FROM `lb_cates` [ RunTime:0.0009s ]
SQL: SELECT `id`,`name` FROM `lb_cates` ORDER BY id asc  [ RunTime:0.0002s ]

[ 2015-04-19T17:35:03+08:00 ] ::1 /banar/api/cate/getAllCates
INFO: [ app_init ] --START--
INFO: Run Behavior\BuildLiteBehavior [ RunTime:0.000025s ]
INFO: [ app_init ] --END-- [ RunTime:0.000407s ]
INFO: [ app_begin ] --START--
INFO: Run Behavior\ReadHtmlCacheBehavior [ RunTime:0.001297s ]
INFO: [ app_begin ] --END-- [ RunTime:0.001687s ]
SQL: SHOW COLUMNS FROM `lb_cates` [ RunTime:0.0025s ]
SQL: SELECT `id`,`name` FROM `lb_cates` ORDER BY id asc  [ RunTime:0.0003s ]

[ 2015-04-19T17:46:19+08:00 ] ::1 /banar/api/user/driverRegister
INFO: [ app_init ] --START--
INFO: Run Behavior\BuildLiteBehavior [ RunTime:0.000089s ]
INFO: [ app_init ] --END-- [ RunTime:0.001059s ]
INFO: [ app_begin ] --START--
INFO: Run Behavior\ReadHtmlCacheBehavior [ RunTime:0.000800s ]
INFO: [ app_begin ] --END-- [ RunTime:0.000934s ]
SQL: SHOW COLUMNS FROM `lb_users` [ RunTime:0.0031s ]
SQL: SHOW COLUMNS FROM `lb_users` [ RunTime:0.0045s ]
SQL: SELECT * FROM `lb_users` WHERE ( mobile ='11122s3asd1231asds231' ) LIMIT 1   [ RunTime:0.0024s ]
SQL: INSERT INTO `lb_users` (`mobile`,`password`,`name`,`avatar`,`created_at`,`updated_at`) VALUES ('11122s3asd1231asds231','1234562','weychen','http://banar-image.oss-cn-beijing.aliyuncs.com/99625f29d281ee1f616304a10706b052.png','2015-04-19 17:46:19','2015-04-19 17:46:19') [ RunTime:0.0012s ]
SQL: SHOW COLUMNS FROM `lb_drivers` [ RunTime:0.0012s ]
SQL: INSERT INTO `lb_drivers` (`user_id`,`market_id`,`icId`,`created_at`,`updated_at`,`latestFreeTime`) VALUES ('21','1','1234567890','2015-04-19 17:46:19','2015-04-19 17:46:19','2015-04-19 17:46:19') [ RunTime:0.0004s ]
SQL: SHOW COLUMNS FROM `lb_trucks` [ RunTime:0.0063s ]
SQL: INSERT INTO `lb_trucks` (`driver_id`,`plateId`,`cate_id`,`avatar`,`created_at`,`updated_at`) VALUES ('18','231123','1','http://banar-image.oss-cn-beijing.aliyuncs.com/b7e235ebc161c4be130cf0789954cd47.png','2015-04-19 17:46:19','2015-04-19 17:46:19') [ RunTime:0.0005s ]
SQL: SHOW COLUMNS FROM `lb_tokens` [ RunTime:0.0011s ]
SQL: INSERT INTO `lb_tokens` (`token`,`userType`,`user_id`,`created_at`,`updated_at`) VALUES ('9bf0209ee608df9636f713e4f52fb23a','driver','21','2015-04-19 17:46:19','2015-04-19 17:46:19') [ RunTime:0.0007s ]

[ 2015-04-19T17:46:59+08:00 ] ::1 /banar/api/user/getMyProfile
INFO: [ app_init ] --START--
INFO: Run Behavior\BuildLiteBehavior [ RunTime:0.000027s ]
INFO: [ app_init ] --END-- [ RunTime:0.000626s ]
INFO: [ app_begin ] --START--
INFO: Run Behavior\ReadHtmlCacheBehavior [ RunTime:0.000445s ]
INFO: [ app_begin ] --END-- [ RunTime:0.000544s ]
SQL: SHOW COLUMNS FROM `lb_tokens` [ RunTime:0.0015s ]
SQL: SELECT `userType`,`user_id`,`updated_at` FROM `lb_tokens` WHERE `token` = '9bf0209ee608df9636f713e4f52fb23a'  [ RunTime:0.0003s ]
SQL: SELECT `userType`,`user_id` FROM `lb_tokens` WHERE `token` = '9bf0209ee608df9636f713e4f52fb23a'  [ RunTime:0.0003s ]
SQL: SHOW COLUMNS FROM `lb_users` [ RunTime:0.0012s ]
SQL: SELECT `id`,`name`,`avatar` FROM `lb_users` WHERE `id` = 21  [ RunTime:0.0058s ]

