[ 2015-04-21T20:48:49+08:00 ] ::1 /banar/Api/favorite/getMyFavorites
INFO: [ app_init ] --START--
INFO: Run Behavior\BuildLiteBehavior [ RunTime:0.000050s ]
INFO: [ app_init ] --END-- [ RunTime:0.002646s ]
INFO: [ app_begin ] --START--
INFO: Run Behavior\ReadHtmlCacheBehavior [ RunTime:0.001058s ]
INFO: [ app_begin ] --END-- [ RunTime:0.001240s ]
SQL: SHOW COLUMNS FROM `lb_tokens` [ RunTime:0.0016s ]
SQL: SELECT `userType`,`user_id`,`updated_at` FROM `lb_tokens` WHERE `token` = '9ch8N8WX3hDDCJ2ItW5tvzlVgtfvSXgh'  [ RunTime:0.0003s ]
SQL: DELETE FROM `lb_tokens` WHERE `token` = '9ch8N8WX3hDDCJ2ItW5tvzlVgtfvSXgh' [ RunTime:0.0006s ]

[ 2015-04-21T20:51:03+08:00 ] ::1 /banar/Api/favorite/getMyFavorites
INFO: [ app_init ] --START--
INFO: Run Behavior\BuildLiteBehavior [ RunTime:0.000044s ]
INFO: [ app_init ] --END-- [ RunTime:0.000693s ]
INFO: [ app_begin ] --START--
INFO: Run Behavior\ReadHtmlCacheBehavior [ RunTime:0.001184s ]
INFO: [ app_begin ] --END-- [ RunTime:0.001491s ]
SQL: SHOW COLUMNS FROM `lb_tokens` [ RunTime:0.0011s ]
SQL: SELECT `userType`,`user_id`,`updated_at` FROM `lb_tokens` WHERE `token` = '1KmmNXGxgj5wT9nUhIt2jtNkK5JQKvvm'  [ RunTime:0.0004s ]
SQL: SELECT `userType`,`user_id` FROM `lb_tokens` WHERE `token` = '1KmmNXGxgj5wT9nUhIt2jtNkK5JQKvvm'  [ RunTime:0.0003s ]
SQL: SHOW COLUMNS FROM `lb_merchant_favorites` [ RunTime:0.0013s ]
SQL: SELECT `id`,`merchant_id`,`driver_id` FROM `lb_merchant_favorites` WHERE `merchant_id` = 1  [ RunTime:0.0003s ]

[ 2015-04-21T20:51:09+08:00 ] ::1 /banar/Api/favorite/getMyFavorites
INFO: [ app_init ] --START--
INFO: Run Behavior\BuildLiteBehavior [ RunTime:0.000070s ]
INFO: [ app_init ] --END-- [ RunTime:0.004145s ]
INFO: [ app_begin ] --START--
INFO: Run Behavior\ReadHtmlCacheBehavior [ RunTime:0.001120s ]
INFO: [ app_begin ] --END-- [ RunTime:0.001386s ]
SQL: SHOW COLUMNS FROM `lb_tokens` [ RunTime:0.0012s ]
SQL: SELECT `userType`,`user_id`,`updated_at` FROM `lb_tokens` WHERE `token` = '1KmmNXGxgj5wT9nUhIt2jtNkK5JQKvvm'  [ RunTime:0.0004s ]
SQL: SELECT `userType`,`user_id` FROM `lb_tokens` WHERE `token` = '1KmmNXGxgj5wT9nUhIt2jtNkK5JQKvvm'  [ RunTime:0.0003s ]
SQL: SHOW COLUMNS FROM `lb_merchant_favorites` [ RunTime:0.0009s ]
SQL: SELECT `id`,`merchant_id`,`driver_id` FROM `lb_merchant_favorites` WHERE `merchant_id` = 1  [ RunTime:0.0002s ]

[ 2015-04-21T20:51:10+08:00 ] ::1 /banar/Api/favorite/getMyFavorites
INFO: [ app_init ] --START--
INFO: Run Behavior\BuildLiteBehavior [ RunTime:0.000035s ]
INFO: [ app_init ] --END-- [ RunTime:0.000560s ]
INFO: [ app_begin ] --START--
INFO: Run Behavior\ReadHtmlCacheBehavior [ RunTime:0.000592s ]
INFO: [ app_begin ] --END-- [ RunTime:0.000771s ]
SQL: SHOW COLUMNS FROM `lb_tokens` [ RunTime:0.0016s ]
SQL: SELECT `userType`,`user_id`,`updated_at` FROM `lb_tokens` WHERE `token` = '1KmmNXGxgj5wT9nUhIt2jtNkK5JQKvvm'  [ RunTime:0.0004s ]
SQL: SELECT `userType`,`user_id` FROM `lb_tokens` WHERE `token` = '1KmmNXGxgj5wT9nUhIt2jtNkK5JQKvvm'  [ RunTime:0.0004s ]
SQL: SHOW COLUMNS FROM `lb_merchant_favorites` [ RunTime:0.0011s ]
SQL: SELECT `id`,`merchant_id`,`driver_id` FROM `lb_merchant_favorites` WHERE `merchant_id` = 1  [ RunTime:0.0002s ]

[ 2015-04-21T20:52:56+08:00 ] ::1 /banar/Api/favorite/getMyFavorites
INFO: [ app_init ] --START--
INFO: Run Behavior\BuildLiteBehavior [ RunTime:0.000046s ]
INFO: [ app_init ] --END-- [ RunTime:0.000803s ]
INFO: [ app_begin ] --START--
INFO: Run Behavior\ReadHtmlCacheBehavior [ RunTime:0.000954s ]
INFO: [ app_begin ] --END-- [ RunTime:0.001205s ]
SQL: SHOW COLUMNS FROM `lb_tokens` [ RunTime:0.0013s ]
SQL: SELECT `userType`,`user_id`,`updated_at` FROM `lb_tokens` WHERE `token` = '1KmmNXGxgj5wT9nUhIt2jtNkK5JQKvvm'  [ RunTime:0.0004s ]
SQL: SELECT `userType`,`user_id` FROM `lb_tokens` WHERE `token` = '1KmmNXGxgj5wT9nUhIt2jtNkK5JQKvvm'  [ RunTime:0.0003s ]
SQL: SHOW COLUMNS FROM `lb_merchant_favorites` [ RunTime:0.0022s ]
SQL: SELECT `id`,`merchant_id`,`driver_id` FROM `lb_merchant_favorites` WHERE `merchant_id` = 1  [ RunTime:0.0003s ]

[ 2015-04-21T21:05:46+08:00 ] ::1 /banar/Api/transportOrder/takeoverByTransportDemandId
INFO: [ app_init ] --START--
INFO: Run Behavior\BuildLiteBehavior [ RunTime:0.000046s ]
INFO: [ app_init ] --END-- [ RunTime:0.000884s ]
INFO: [ app_begin ] --START--
INFO: Run Behavior\ReadHtmlCacheBehavior [ RunTime:0.000706s ]
INFO: [ app_begin ] --END-- [ RunTime:0.000882s ]
NOTIC: [8] Use of undefined constant ERROR - assumed 'ERROR' /Applications/MAMP/htdocs/banar/Application/Api/Controller/UserController.class.php 第 246 行.
NOTIC: [8] Undefined index: content /Applications/MAMP/htdocs/banar/Application/Api/Controller/UserController.class.php 第 247 行.
SQL: SHOW COLUMNS FROM `lb_tokens` [ RunTime:0.0012s ]
SQL: SELECT `userType`,`user_id`,`updated_at` FROM `lb_tokens` WHERE `token` = 'WN6uZTE3KJgbMDawa5QhmoqRrig9Qe80'  [ RunTime:0.0003s ]
NOTIC: [8] Use of undefined constant ERROR - assumed 'ERROR' /Applications/MAMP/htdocs/banar/Application/Api/Controller/UserController.class.php 第 382 行.

[ 2015-04-21T21:08:05+08:00 ] ::1 /banar/Api/transportOrder/takeoverByTransportDemandId
INFO: [ app_init ] --START--
INFO: Run Behavior\BuildLiteBehavior [ RunTime:0.000046s ]
INFO: [ app_init ] --END-- [ RunTime:0.000817s ]
INFO: [ app_begin ] --START--
INFO: Run Behavior\ReadHtmlCacheBehavior [ RunTime:0.000675s ]
INFO: [ app_begin ] --END-- [ RunTime:0.000850s ]
NOTIC: [8] Use of undefined constant ERROR - assumed 'ERROR' /Applications/MAMP/htdocs/banar/Application/Api/Controller/UserController.class.php 第 246 行.
NOTIC: [8] Undefined index: content /Applications/MAMP/htdocs/banar/Application/Api/Controller/UserController.class.php 第 247 行.
SQL: SHOW COLUMNS FROM `lb_tokens` [ RunTime:0.0012s ]
SQL: SELECT `userType`,`user_id`,`updated_at` FROM `lb_tokens` WHERE `token` = 'WN6uZTE3KJgbMDawa5QhmoqRrig9Qe80'  [ RunTime:0.0003s ]
NOTIC: [8] Use of undefined constant ERROR - assumed 'ERROR' /Applications/MAMP/htdocs/banar/Application/Api/Controller/UserController.class.php 第 382 行.

[ 2015-04-21T21:08:55+08:00 ] ::1 /banar/Api/transportOrder/takeoverByTransportDemandId
INFO: [ app_init ] --START--
INFO: Run Behavior\BuildLiteBehavior [ RunTime:0.000036s ]
INFO: [ app_init ] --END-- [ RunTime:0.000567s ]
INFO: [ app_begin ] --START--
INFO: Run Behavior\ReadHtmlCacheBehavior [ RunTime:0.001145s ]
INFO: [ app_begin ] --END-- [ RunTime:0.001452s ]
NOTIC: [8] Use of undefined constant ERROR - assumed 'ERROR' /Applications/MAMP/htdocs/banar/Application/Api/Controller/UserController.class.php 第 246 行.
NOTIC: [8] Undefined index: content /Applications/MAMP/htdocs/banar/Application/Api/Controller/UserController.class.php 第 247 行.
SQL: SHOW COLUMNS FROM `lb_tokens` [ RunTime:0.0012s ]
SQL: SELECT `userType`,`user_id`,`updated_at` FROM `lb_tokens` WHERE `token` = 'WN6uZTE3KJgbMDawa5QhmoqRrig9Qe80'  [ RunTime:0.0004s ]
SQL: SELECT `user_id`,`usertype` FROM `lb_tokens` WHERE `token` = 'WN6uZTE3KJgbMDawa5QhmoqRrig9Qe80'  [ RunTime:0.0003s ]
SQL: SHOW COLUMNS FROM `lb_drivers` [ RunTime:0.0012s ]
SQL: SELECT `id` FROM `lb_drivers` WHERE ( user_id=2 )  [ RunTime:0.0002s ]
SQL: SELECT `isFree` FROM `lb_drivers` WHERE ( user_id=2 )  [ RunTime:0.0002s ]
SQL: SHOW COLUMNS FROM `lb_transport_demands` [ RunTime:0.0012s ]
SQL: SELECT `ispoint` FROM `lb_transport_demands` WHERE `id` = 1  [ RunTime:0.0006s ]
SQL: UPDATE `lb_transport_demands` SET `status`='已取消' WHERE `id` = 1 [ RunTime:0.0007s ]
NOTIC: [8] Use of undefined constant OK - assumed 'OK' /Applications/MAMP/htdocs/banar/Application/Api/Controller/UserController.class.php 第 330 行.
SQL: SHOW COLUMNS FROM `lb_j_push_users` [ RunTime:0.0012s ]
SQL: SELECT `registrationID` FROM `lb_j_push_users` WHERE `user_id` = 2  [ RunTime:0.0003s ]
NOTIC: [8] Undefined index: registrationID /Applications/MAMP/htdocs/banar/Application/Api/Controller/UserController.class.php 第 335 行.
NOTIC: [8] Undefined variable: merchant_appKey /Applications/MAMP/htdocs/banar/Application/Api/Controller/JPushController.class.php 第 32 行.
NOTIC: [8] Undefined variable: merchant_secret /Applications/MAMP/htdocs/banar/Application/Api/Controller/JPushController.class.php 第 32 行.
ERR: Invalid appKey or masterSecret

[ 2015-04-21T21:12:44+08:00 ] ::1 /banar/Api/transportOrder/takeoverByTransportDemandId
INFO: [ app_init ] --START--
INFO: Run Behavior\BuildLiteBehavior [ RunTime:0.000038s ]
INFO: [ app_init ] --END-- [ RunTime:0.000571s ]
INFO: [ app_begin ] --START--
INFO: Run Behavior\ReadHtmlCacheBehavior [ RunTime:0.000782s ]
INFO: [ app_begin ] --END-- [ RunTime:0.000958s ]
NOTIC: [8] Use of undefined constant ERROR - assumed 'ERROR' /Applications/MAMP/htdocs/banar/Application/Api/Controller/UserController.class.php 第 246 行.
NOTIC: [8] Undefined index: content /Applications/MAMP/htdocs/banar/Application/Api/Controller/UserController.class.php 第 247 行.
SQL: SHOW COLUMNS FROM `lb_tokens` [ RunTime:0.0011s ]
SQL: SELECT `userType`,`user_id`,`updated_at` FROM `lb_tokens` WHERE `token` = 'WN6uZTE3KJgbMDawa5QhmoqRrig9Qe80'  [ RunTime:0.0003s ]
SQL: SELECT `user_id`,`usertype` FROM `lb_tokens` WHERE `token` = 'WN6uZTE3KJgbMDawa5QhmoqRrig9Qe80'  [ RunTime:0.0003s ]
SQL: SHOW COLUMNS FROM `lb_drivers` [ RunTime:0.0010s ]
SQL: SELECT `id` FROM `lb_drivers` WHERE ( user_id=2 )  [ RunTime:0.0003s ]
SQL: SELECT `isFree` FROM `lb_drivers` WHERE ( user_id=2 )  [ RunTime:0.0003s ]
SQL: SHOW COLUMNS FROM `lb_transport_demands` [ RunTime:0.0012s ]
SQL: SELECT `ispoint` FROM `lb_transport_demands` WHERE `id` = 1  [ RunTime:0.0003s ]
SQL: UPDATE `lb_transport_demands` SET `status`='已取消' WHERE `id` = 1 [ RunTime:0.0008s ]
NOTIC: [8] Use of undefined constant OK - assumed 'OK' /Applications/MAMP/htdocs/banar/Application/Api/Controller/UserController.class.php 第 330 行.
SQL: SHOW COLUMNS FROM `lb_j_push_users` [ RunTime:0.0012s ]
SQL: SELECT `registrationID` FROM `lb_j_push_users` WHERE `user_id` = 2  [ RunTime:0.0004s ]
NOTIC: [8] Undefined index: registrationID /Applications/MAMP/htdocs/banar/Application/Api/Controller/UserController.class.php 第 335 行.
NOTIC: [8] Undefined variable: merchant_appKey /Applications/MAMP/htdocs/banar/Application/Api/Controller/JPushController.class.php 第 32 行.
NOTIC: [8] Undefined variable: merchant_secret /Applications/MAMP/htdocs/banar/Application/Api/Controller/JPushController.class.php 第 32 行.
ERR: Invalid appKey or masterSecret

[ 2015-04-21T21:17:50+08:00 ] ::1 /banar/Api/transportOrder/takeoverByTransportDemandId
INFO: [ app_init ] --START--
INFO: Run Behavior\BuildLiteBehavior [ RunTime:0.000060s ]
INFO: [ app_init ] --END-- [ RunTime:0.000707s ]
INFO: [ app_begin ] --START--
INFO: Run Behavior\ReadHtmlCacheBehavior [ RunTime:0.000655s ]
INFO: [ app_begin ] --END-- [ RunTime:0.000873s ]
NOTIC: [8] Use of undefined constant ERROR - assumed 'ERROR' /Applications/MAMP/htdocs/banar/Application/Api/Controller/UserController.class.php 第 246 行.
NOTIC: [8] Undefined index: content /Applications/MAMP/htdocs/banar/Application/Api/Controller/UserController.class.php 第 247 行.
SQL: SHOW COLUMNS FROM `lb_tokens` [ RunTime:0.0017s ]
SQL: SELECT `userType`,`user_id`,`updated_at` FROM `lb_tokens` WHERE `token` = 'WN6uZTE3KJgbMDawa5QhmoqRrig9Qe80'  [ RunTime:0.0009s ]
SQL: SELECT `user_id`,`usertype` FROM `lb_tokens` WHERE `token` = 'WN6uZTE3KJgbMDawa5QhmoqRrig9Qe80'  [ RunTime:0.0005s ]
SQL: SHOW COLUMNS FROM `lb_drivers` [ RunTime:0.0017s ]
SQL: SELECT `id` FROM `lb_drivers` WHERE ( user_id=2 )  [ RunTime:0.0003s ]
SQL: SELECT `isFree` FROM `lb_drivers` WHERE ( user_id=2 )  [ RunTime:0.0002s ]
SQL: SHOW COLUMNS FROM `lb_transport_demands` [ RunTime:0.0017s ]
SQL: SELECT `ispoint` FROM `lb_transport_demands` WHERE `id` = 1  [ RunTime:0.0005s ]
SQL: UPDATE `lb_transport_demands` SET `status`='已取消' WHERE `id` = 1 [ RunTime:0.0007s ]
NOTIC: [8] Use of undefined constant OK - assumed 'OK' /Applications/MAMP/htdocs/banar/Application/Api/Controller/UserController.class.php 第 330 行.
SQL: SHOW COLUMNS FROM `lb_j_push_users` [ RunTime:0.0013s ]
SQL: SELECT `registrationID` FROM `lb_j_push_users` WHERE `user_id` = 2  [ RunTime:0.0003s ]
NOTIC: [8] Undefined index: registrationID /Applications/MAMP/htdocs/banar/Application/Api/Controller/UserController.class.php 第 335 行.

[ 2015-04-21T21:19:15+08:00 ] ::1 /banar/Api/transportOrder/takeoverByTransportDemandId
INFO: [ app_init ] --START--
INFO: Run Behavior\BuildLiteBehavior [ RunTime:0.000036s ]
INFO: [ app_init ] --END-- [ RunTime:0.000565s ]
INFO: [ app_begin ] --START--
INFO: Run Behavior\ReadHtmlCacheBehavior [ RunTime:0.000743s ]
INFO: [ app_begin ] --END-- [ RunTime:0.000913s ]
NOTIC: [8] Use of undefined constant ERROR - assumed 'ERROR' /Applications/MAMP/htdocs/banar/Application/Api/Controller/UserController.class.php 第 246 行.
NOTIC: [8] Undefined index: content /Applications/MAMP/htdocs/banar/Application/Api/Controller/UserController.class.php 第 247 行.
SQL: SHOW COLUMNS FROM `lb_tokens` [ RunTime:0.0012s ]
SQL: SELECT `userType`,`user_id`,`updated_at` FROM `lb_tokens` WHERE `token` = 'WN6uZTE3KJgbMDawa5QhmoqRrig9Qe80'  [ RunTime:0.0003s ]
SQL: SELECT `user_id`,`usertype` FROM `lb_tokens` WHERE `token` = 'WN6uZTE3KJgbMDawa5QhmoqRrig9Qe80'  [ RunTime:0.0002s ]
SQL: SHOW COLUMNS FROM `lb_drivers` [ RunTime:0.0011s ]
SQL: SELECT `id` FROM `lb_drivers` WHERE ( user_id=2 )  [ RunTime:0.0002s ]
SQL: SELECT `isFree` FROM `lb_drivers` WHERE ( user_id=2 )  [ RunTime:0.0002s ]
NOTIC: [8] Use of undefined constant ERROR - assumed 'ERROR' /Applications/MAMP/htdocs/banar/Application/Api/Controller/UserController.class.php 第 313 行.

[ 2015-04-21T21:19:46+08:00 ] ::1 /banar/Api/transportOrder/takeoverByTransportDemandId
INFO: [ app_init ] --START--
INFO: Run Behavior\BuildLiteBehavior [ RunTime:0.000060s ]
INFO: [ app_init ] --END-- [ RunTime:0.000889s ]
INFO: [ app_begin ] --START--
INFO: Run Behavior\ReadHtmlCacheBehavior [ RunTime:0.000756s ]
INFO: [ app_begin ] --END-- [ RunTime:0.000976s ]
NOTIC: [8] Use of undefined constant ERROR - assumed 'ERROR' /Applications/MAMP/htdocs/banar/Application/Api/Controller/UserController.class.php 第 246 行.
NOTIC: [8] Undefined index: content /Applications/MAMP/htdocs/banar/Application/Api/Controller/UserController.class.php 第 247 行.
SQL: SHOW COLUMNS FROM `lb_tokens` [ RunTime:0.0018s ]
SQL: SELECT `userType`,`user_id`,`updated_at` FROM `lb_tokens` WHERE `token` = 'WN6uZTE3KJgbMDawa5QhmoqRrig9Qe80'  [ RunTime:0.0003s ]
SQL: SELECT `user_id`,`usertype` FROM `lb_tokens` WHERE `token` = 'WN6uZTE3KJgbMDawa5QhmoqRrig9Qe80'  [ RunTime:0.0002s ]
SQL: SHOW COLUMNS FROM `lb_drivers` [ RunTime:0.0011s ]
SQL: SELECT `id` FROM `lb_drivers` WHERE ( user_id=2 )  [ RunTime:0.0002s ]
SQL: SELECT `isFree` FROM `lb_drivers` WHERE ( user_id=2 )  [ RunTime:0.0002s ]
SQL: SHOW COLUMNS FROM `lb_transport_demands` [ RunTime:0.0014s ]
SQL: SELECT `status` FROM `lb_transport_demands` WHERE `id` = 1  [ RunTime:0.0003s ]
SQL: SHOW COLUMNS FROM `lb_transport_orders` [ RunTime:0.0013s ]

[ 2015-04-21T21:20:01+08:00 ] ::1 /banar/Api/transportOrder/takeoverByTransportDemandId
INFO: [ app_init ] --START--
INFO: Run Behavior\BuildLiteBehavior [ RunTime:0.000048s ]
INFO: [ app_init ] --END-- [ RunTime:0.000656s ]
INFO: [ app_begin ] --START--
INFO: Run Behavior\ReadHtmlCacheBehavior [ RunTime:0.001184s ]
INFO: [ app_begin ] --END-- [ RunTime:0.001460s ]
NOTIC: [8] Use of undefined constant ERROR - assumed 'ERROR' /Applications/MAMP/htdocs/banar/Application/Api/Controller/UserController.class.php 第 246 行.
NOTIC: [8] Undefined index: content /Applications/MAMP/htdocs/banar/Application/Api/Controller/UserController.class.php 第 247 行.
SQL: SHOW COLUMNS FROM `lb_tokens` [ RunTime:0.0014s ]
SQL: SELECT `userType`,`user_id`,`updated_at` FROM `lb_tokens` WHERE `token` = 'WN6uZTE3KJgbMDawa5QhmoqRrig9Qe80'  [ RunTime:0.0003s ]
SQL: SELECT `user_id`,`usertype` FROM `lb_tokens` WHERE `token` = 'WN6uZTE3KJgbMDawa5QhmoqRrig9Qe80'  [ RunTime:0.0002s ]
SQL: SHOW COLUMNS FROM `lb_drivers` [ RunTime:0.0011s ]
SQL: SELECT `id` FROM `lb_drivers` WHERE ( user_id=2 )  [ RunTime:0.0002s ]
SQL: SELECT `isFree` FROM `lb_drivers` WHERE ( user_id=2 )  [ RunTime:0.0003s ]
SQL: SHOW COLUMNS FROM `lb_transport_demands` [ RunTime:0.0013s ]
SQL: SELECT `status` FROM `lb_transport_demands` WHERE `id` = 1  [ RunTime:0.0003s ]
SQL: SHOW COLUMNS FROM `lb_transport_orders` [ RunTime:0.0016s ]

[ 2015-04-21T21:20:22+08:00 ] ::1 /banar/Api/transportOrder/takeoverByTransportDemandId
INFO: [ app_init ] --START--
INFO: Run Behavior\BuildLiteBehavior [ RunTime:0.000036s ]
INFO: [ app_init ] --END-- [ RunTime:0.000573s ]
INFO: [ app_begin ] --START--
INFO: Run Behavior\ReadHtmlCacheBehavior [ RunTime:0.000920s ]
INFO: [ app_begin ] --END-- [ RunTime:0.001135s ]
NOTIC: [8] Use of undefined constant ERROR - assumed 'ERROR' /Applications/MAMP/htdocs/banar/Application/Api/Controller/UserController.class.php 第 246 行.
NOTIC: [8] Undefined index: content /Applications/MAMP/htdocs/banar/Application/Api/Controller/UserController.class.php 第 247 行.
SQL: SHOW COLUMNS FROM `lb_tokens` [ RunTime:0.0014s ]
SQL: SELECT `userType`,`user_id`,`updated_at` FROM `lb_tokens` WHERE `token` = 'WN6uZTE3KJgbMDawa5QhmoqRrig9Qe80'  [ RunTime:0.0003s ]
SQL: SELECT `user_id`,`usertype` FROM `lb_tokens` WHERE `token` = 'WN6uZTE3KJgbMDawa5QhmoqRrig9Qe80'  [ RunTime:0.0002s ]
SQL: SHOW COLUMNS FROM `lb_drivers` [ RunTime:0.0014s ]
SQL: SELECT `id` FROM `lb_drivers` WHERE ( user_id=2 )  [ RunTime:0.0002s ]
SQL: SELECT `isFree` FROM `lb_drivers` WHERE ( user_id=2 )  [ RunTime:0.0003s ]
SQL: SHOW COLUMNS FROM `lb_transport_demands` [ RunTime:0.0011s ]
SQL: SELECT `status` FROM `lb_transport_demands` WHERE `id` = 1  [ RunTime:0.0003s ]
SQL: SHOW COLUMNS FROM `lb_transport_orders` [ RunTime:0.0014s ]
SQL: UPDATE `lb_transport_demands` SET `status`='已确认' WHERE `id` = 1 [ RunTime:0.0005s ]
SQL: UPDATE `lb_drivers` SET `isFree`='0' WHERE `user_id` = 2 [ RunTime:0.0005s ]
SQL: INSERT INTO `lb_transport_orders` (`transportDemand_id`,`driver_id`,`status`,`created_at`,`updated_at`) VALUES ('1','1','未完成','2015-04-21 21:20:22','2015-04-21 21:20:22') [ RunTime:0.0014s ]
NOTIC: [8] Use of undefined constant OK - assumed 'OK' /Applications/MAMP/htdocs/banar/Application/Api/Controller/UserController.class.php 第 291 行.
SQL: SHOW COLUMNS FROM `lb_j_push_users` [ RunTime:0.0010s ]
SQL: SELECT `registrationID` FROM `lb_j_push_users` WHERE `user_id` = 2  [ RunTime:0.0004s ]
NOTIC: [8] Undefined index: registrationID /Applications/MAMP/htdocs/banar/Application/Api/Controller/UserController.class.php 第 296 行.
NOTIC: [8] Undefined variable: merchant_appKey /Applications/MAMP/htdocs/banar/Application/Api/Controller/JPushController.class.php 第 32 行.
NOTIC: [8] Undefined variable: merchant_secret /Applications/MAMP/htdocs/banar/Application/Api/Controller/JPushController.class.php 第 32 行.
ERR: Invalid appKey or masterSecret

[ 2015-04-21T21:20:51+08:00 ] ::1 /banar/Api/transportOrder/takeoverByTransportDemandId
INFO: [ app_init ] --START--
INFO: Run Behavior\BuildLiteBehavior [ RunTime:0.000041s ]
INFO: [ app_init ] --END-- [ RunTime:0.000717s ]
INFO: [ app_begin ] --START--
INFO: Run Behavior\ReadHtmlCacheBehavior [ RunTime:0.000613s ]
INFO: [ app_begin ] --END-- [ RunTime:0.000771s ]
NOTIC: [8] Use of undefined constant ERROR - assumed 'ERROR' /Applications/MAMP/htdocs/banar/Application/Api/Controller/UserController.class.php 第 246 行.
NOTIC: [8] Undefined index: content /Applications/MAMP/htdocs/banar/Application/Api/Controller/UserController.class.php 第 247 行.
SQL: SHOW COLUMNS FROM `lb_tokens` [ RunTime:0.0015s ]
SQL: SELECT `userType`,`user_id`,`updated_at` FROM `lb_tokens` WHERE `token` = 'WN6uZTE3KJgbMDawa5QhmoqRrig9Qe80'  [ RunTime:0.0003s ]
SQL: SELECT `user_id`,`usertype` FROM `lb_tokens` WHERE `token` = 'WN6uZTE3KJgbMDawa5QhmoqRrig9Qe80'  [ RunTime:0.0003s ]
SQL: SHOW COLUMNS FROM `lb_drivers` [ RunTime:0.0012s ]
SQL: SELECT `id` FROM `lb_drivers` WHERE ( user_id=2 )  [ RunTime:0.0003s ]
SQL: SELECT `isFree` FROM `lb_drivers` WHERE ( user_id=2 )  [ RunTime:0.0002s ]
NOTIC: [8] Use of undefined constant ERROR - assumed 'ERROR' /Applications/MAMP/htdocs/banar/Application/Api/Controller/UserController.class.php 第 313 行.

[ 2015-04-21T21:21:03+08:00 ] ::1 /banar/Api/transportOrder/takeoverByTransportDemandId
INFO: [ app_init ] --START--
INFO: Run Behavior\BuildLiteBehavior [ RunTime:0.000034s ]
INFO: [ app_init ] --END-- [ RunTime:0.000516s ]
INFO: [ app_begin ] --START--
INFO: Run Behavior\ReadHtmlCacheBehavior [ RunTime:0.000699s ]
INFO: [ app_begin ] --END-- [ RunTime:0.000930s ]
NOTIC: [8] Use of undefined constant ERROR - assumed 'ERROR' /Applications/MAMP/htdocs/banar/Application/Api/Controller/UserController.class.php 第 246 行.
NOTIC: [8] Undefined index: content /Applications/MAMP/htdocs/banar/Application/Api/Controller/UserController.class.php 第 247 行.
SQL: SHOW COLUMNS FROM `lb_tokens` [ RunTime:0.0014s ]
SQL: SELECT `userType`,`user_id`,`updated_at` FROM `lb_tokens` WHERE `token` = 'WN6uZTE3KJgbMDawa5QhmoqRrig9Qe80'  [ RunTime:0.0003s ]
SQL: SELECT `user_id`,`usertype` FROM `lb_tokens` WHERE `token` = 'WN6uZTE3KJgbMDawa5QhmoqRrig9Qe80'  [ RunTime:0.0002s ]
SQL: SHOW COLUMNS FROM `lb_drivers` [ RunTime:0.0010s ]
SQL: SELECT `id` FROM `lb_drivers` WHERE ( user_id=2 )  [ RunTime:0.0002s ]
SQL: SELECT `isFree` FROM `lb_drivers` WHERE ( user_id=2 )  [ RunTime:0.0002s ]
SQL: SHOW COLUMNS FROM `lb_transport_demands` [ RunTime:0.0010s ]
SQL: SELECT `status` FROM `lb_transport_demands` WHERE `id` = 1  [ RunTime:0.0002s ]
SQL: SHOW COLUMNS FROM `lb_transport_orders` [ RunTime:0.0011s ]

[ 2015-04-21T21:21:22+08:00 ] ::1 /banar/Api/transportOrder/takeoverByTransportDemandId
INFO: [ app_init ] --START--
INFO: Run Behavior\BuildLiteBehavior [ RunTime:0.000038s ]
INFO: [ app_init ] --END-- [ RunTime:0.000585s ]
INFO: [ app_begin ] --START--
INFO: Run Behavior\ReadHtmlCacheBehavior [ RunTime:0.000678s ]
INFO: [ app_begin ] --END-- [ RunTime:0.000844s ]
NOTIC: [8] Use of undefined constant ERROR - assumed 'ERROR' /Applications/MAMP/htdocs/banar/Application/Api/Controller/UserController.class.php 第 246 行.
NOTIC: [8] Undefined index: content /Applications/MAMP/htdocs/banar/Application/Api/Controller/UserController.class.php 第 247 行.
SQL: SHOW COLUMNS FROM `lb_tokens` [ RunTime:0.0016s ]
SQL: SELECT `userType`,`user_id`,`updated_at` FROM `lb_tokens` WHERE `token` = 'WN6uZTE3KJgbMDawa5QhmoqRrig9Qe80'  [ RunTime:0.0004s ]
SQL: SELECT `user_id`,`usertype` FROM `lb_tokens` WHERE `token` = 'WN6uZTE3KJgbMDawa5QhmoqRrig9Qe80'  [ RunTime:0.0002s ]
SQL: SHOW COLUMNS FROM `lb_drivers` [ RunTime:0.0012s ]
SQL: SELECT `id` FROM `lb_drivers` WHERE ( user_id=2 )  [ RunTime:0.0002s ]
SQL: SELECT `isFree` FROM `lb_drivers` WHERE ( user_id=2 )  [ RunTime:0.0002s ]
SQL: SHOW COLUMNS FROM `lb_transport_demands` [ RunTime:0.0011s ]
SQL: SELECT `status` FROM `lb_transport_demands` WHERE `id` = 1  [ RunTime:0.0003s ]
SQL: SHOW COLUMNS FROM `lb_transport_orders` [ RunTime:0.0016s ]

[ 2015-04-21T21:21:39+08:00 ] ::1 /banar/Api/transportOrder/takeoverByTransportDemandId
INFO: [ app_init ] --START--
INFO: Run Behavior\BuildLiteBehavior [ RunTime:0.000060s ]
INFO: [ app_init ] --END-- [ RunTime:0.000967s ]
INFO: [ app_begin ] --START--
INFO: Run Behavior\ReadHtmlCacheBehavior [ RunTime:0.001077s ]
INFO: [ app_begin ] --END-- [ RunTime:0.001327s ]
NOTIC: [8] Use of undefined constant ERROR - assumed 'ERROR' /Applications/MAMP/htdocs/banar/Application/Api/Controller/UserController.class.php 第 246 行.
NOTIC: [8] Undefined index: content /Applications/MAMP/htdocs/banar/Application/Api/Controller/UserController.class.php 第 247 行.
SQL: SHOW COLUMNS FROM `lb_tokens` [ RunTime:0.0019s ]
SQL: SELECT `userType`,`user_id`,`updated_at` FROM `lb_tokens` WHERE `token` = 'WN6uZTE3KJgbMDawa5QhmoqRrig9Qe80'  [ RunTime:0.0004s ]
SQL: SELECT `user_id`,`usertype` FROM `lb_tokens` WHERE `token` = 'WN6uZTE3KJgbMDawa5QhmoqRrig9Qe80'  [ RunTime:0.0004s ]
SQL: SHOW COLUMNS FROM `lb_drivers` [ RunTime:0.0015s ]
SQL: SELECT `id` FROM `lb_drivers` WHERE ( user_id=2 )  [ RunTime:0.0003s ]
SQL: SELECT `isFree` FROM `lb_drivers` WHERE ( user_id=2 )  [ RunTime:0.0003s ]
SQL: SHOW COLUMNS FROM `lb_transport_demands` [ RunTime:0.0019s ]
SQL: SELECT `status` FROM `lb_transport_demands` WHERE `id` = 1  [ RunTime:0.0004s ]
SQL: SHOW COLUMNS FROM `lb_transport_orders` [ RunTime:0.0017s ]
SQL: UPDATE `lb_transport_demands` SET `status`='已确认' WHERE `id` = 1 [ RunTime:0.0008s ]
SQL: UPDATE `lb_drivers` SET `isFree`='0' WHERE `user_id` = 2 [ RunTime:0.0006s ]
SQL: INSERT INTO `lb_transport_orders` (`transportDemand_id`,`driver_id`,`status`,`created_at`,`updated_at`) VALUES ('1','1','未完成','2015-04-21 21:21:39','2015-04-21 21:21:39') [ RunTime:0.0005s ]
NOTIC: [8] Use of undefined constant OK - assumed 'OK' /Applications/MAMP/htdocs/banar/Application/Api/Controller/UserController.class.php 第 291 行.
SQL: SHOW COLUMNS FROM `lb_j_push_users` [ RunTime:0.0017s ]
SQL: SELECT `registrationID` FROM `lb_j_push_users` WHERE `user_id` = 2  [ RunTime:0.0004s ]
NOTIC: [8] Undefined index: registrationID /Applications/MAMP/htdocs/banar/Application/Api/Controller/UserController.class.php 第 296 行.

[ 2015-04-21T21:25:09+08:00 ] ::1 /banar/Api/transportOrder/takeoverByTransportDemandId
INFO: [ app_init ] --START--
INFO: Run Behavior\BuildLiteBehavior [ RunTime:0.000035s ]
INFO: [ app_init ] --END-- [ RunTime:0.000550s ]
INFO: [ app_begin ] --START--
INFO: Run Behavior\ReadHtmlCacheBehavior [ RunTime:0.000998s ]
INFO: [ app_begin ] --END-- [ RunTime:0.001179s ]
NOTIC: [8] Use of undefined constant ERROR - assumed 'ERROR' /Applications/MAMP/htdocs/banar/Application/Api/Controller/UserController.class.php 第 246 行.
NOTIC: [8] Undefined index: content /Applications/MAMP/htdocs/banar/Application/Api/Controller/UserController.class.php 第 247 行.
SQL: SHOW COLUMNS FROM `lb_tokens` [ RunTime:0.0011s ]
SQL: SELECT `userType`,`user_id`,`updated_at` FROM `lb_tokens` WHERE `token` = 'WN6uZTE3KJgbMDawa5QhmoqRrig9Qe80'  [ RunTime:0.0004s ]
SQL: SELECT `user_id`,`usertype` FROM `lb_tokens` WHERE `token` = 'WN6uZTE3KJgbMDawa5QhmoqRrig9Qe80'  [ RunTime:0.0003s ]
SQL: SHOW COLUMNS FROM `lb_drivers` [ RunTime:0.0013s ]
SQL: SELECT `id` FROM `lb_drivers` WHERE ( user_id=2 )  [ RunTime:0.0004s ]
SQL: SELECT `isFree` FROM `lb_drivers` WHERE ( user_id=2 )  [ RunTime:0.0002s ]
NOTIC: [8] Use of undefined constant ERROR - assumed 'ERROR' /Applications/MAMP/htdocs/banar/Application/Api/Controller/UserController.class.php 第 313 行.

[ 2015-04-21T21:25:15+08:00 ] ::1 /banar/Api/transportOrder/takeoverByTransportDemandId
INFO: [ app_init ] --START--
INFO: Run Behavior\BuildLiteBehavior [ RunTime:0.000043s ]
INFO: [ app_init ] --END-- [ RunTime:0.000765s ]
INFO: [ app_begin ] --START--
INFO: Run Behavior\ReadHtmlCacheBehavior [ RunTime:0.000803s ]
INFO: [ app_begin ] --END-- [ RunTime:0.001035s ]
NOTIC: [8] Use of undefined constant ERROR - assumed 'ERROR' /Applications/MAMP/htdocs/banar/Application/Api/Controller/UserController.class.php 第 246 行.
NOTIC: [8] Undefined index: content /Applications/MAMP/htdocs/banar/Application/Api/Controller/UserController.class.php 第 247 行.
SQL: SHOW COLUMNS FROM `lb_tokens` [ RunTime:0.0015s ]
SQL: SELECT `userType`,`user_id`,`updated_at` FROM `lb_tokens` WHERE `token` = 'WN6uZTE3KJgbMDawa5QhmoqRrig9Qe80'  [ RunTime:0.0003s ]
SQL: SELECT `user_id`,`usertype` FROM `lb_tokens` WHERE `token` = 'WN6uZTE3KJgbMDawa5QhmoqRrig9Qe80'  [ RunTime:0.0002s ]
SQL: SHOW COLUMNS FROM `lb_drivers` [ RunTime:0.0011s ]
SQL: SELECT `id` FROM `lb_drivers` WHERE ( user_id=2 )  [ RunTime:0.0002s ]
SQL: SELECT `isFree` FROM `lb_drivers` WHERE ( user_id=2 )  [ RunTime:0.0002s ]
NOTIC: [8] Use of undefined constant ERROR - assumed 'ERROR' /Applications/MAMP/htdocs/banar/Application/Api/Controller/UserController.class.php 第 313 行.

