[ 2015-04-27T12:04:13+08:00 ] ::1 /banar/Api/transportOrder/takeoverByTransportDemandId
INFO: [ app_init ] --START--
INFO: Run Behavior\BuildLiteBehavior [ RunTime:0.000042s ]
INFO: [ app_init ] --END-- [ RunTime:0.001583s ]
INFO: [ app_begin ] --START--
INFO: Run Behavior\ReadHtmlCacheBehavior [ RunTime:0.001146s ]
INFO: [ app_begin ] --END-- [ RunTime:0.001301s ]
NOTIC: [8] Use of undefined constant ERROR - assumed 'ERROR' /Users/joy/www/banar/Application/Api/Controller/UserController.class.php 第 257 行.
SQL: SHOW COLUMNS FROM `lb_tokens` [ RunTime:0.0032s ]
SQL: SELECT `userType`,`user_id`,`updated_at` FROM `lb_tokens` WHERE `token` = 'dd57e58a208fc063f2d3c6e10a112242'  [ RunTime:0.0023s ]
NOTIC: [8] Undefined offset: 0 /Users/joy/www/banar/Application/Api/Controller/UserController.class.php 第 617 行.

[ 2015-04-27T12:05:17+08:00 ] ::1 /banar/Api/user/getMyProfile
INFO: [ app_init ] --START--
INFO: Run Behavior\BuildLiteBehavior [ RunTime:0.000034s ]
INFO: [ app_init ] --END-- [ RunTime:0.000548s ]
INFO: [ app_begin ] --START--
INFO: Run Behavior\ReadHtmlCacheBehavior [ RunTime:0.001537s ]
INFO: [ app_begin ] --END-- [ RunTime:0.001998s ]
SQL: SHOW COLUMNS FROM `lb_tokens` [ RunTime:0.0023s ]
SQL: SELECT `userType`,`user_id`,`updated_at` FROM `lb_tokens` WHERE `token` = 'cacb395447e709eaa7b4841746c28a5c'  [ RunTime:0.0011s ]
SQL: DELETE FROM `lb_tokens` WHERE `token` = 'cacb395447e709eaa7b4841746c28a5c' [ RunTime:0.0010s ]

[ 2015-04-27T12:05:48+08:00 ] ::1 /banar/Api/user/getMyProfile
INFO: [ app_init ] --START--
INFO: Run Behavior\BuildLiteBehavior [ RunTime:0.000054s ]
INFO: [ app_init ] --END-- [ RunTime:0.001017s ]
INFO: [ app_begin ] --START--
INFO: Run Behavior\ReadHtmlCacheBehavior [ RunTime:0.001547s ]
INFO: [ app_begin ] --END-- [ RunTime:0.001879s ]
SQL: SHOW COLUMNS FROM `lb_tokens` [ RunTime:0.0014s ]
SQL: SELECT `userType`,`user_id`,`updated_at` FROM `lb_tokens` WHERE `token` = 'aabe54ba20841ed530ce2d14823b8542'  [ RunTime:0.0005s ]
SQL: UPDATE `lb_tokens` SET `user_id`='39',`updated_at`='2015-04-27 12:05:48' WHERE `token` = 'aabe54ba20841ed530ce2d14823b8542' [ RunTime:0.0011s ]
SQL: SELECT `userType`,`user_id` FROM `lb_tokens` WHERE `token` = 'aabe54ba20841ed530ce2d14823b8542'  [ RunTime:0.0010s ]
SQL: SHOW COLUMNS FROM `lb_users` [ RunTime:0.0020s ]
SQL: SELECT `id`,`name`,`avatar` FROM `lb_users` WHERE `id` = 39  [ RunTime:0.0003s ]

[ 2015-04-27T12:06:37+08:00 ] ::1 /banar/Api/user/getMyProfile
INFO: [ app_init ] --START--
INFO: Run Behavior\BuildLiteBehavior [ RunTime:0.000033s ]
INFO: [ app_init ] --END-- [ RunTime:0.000523s ]
INFO: [ app_begin ] --START--
INFO: Run Behavior\ReadHtmlCacheBehavior [ RunTime:0.001248s ]
INFO: [ app_begin ] --END-- [ RunTime:0.001509s ]
SQL: SHOW COLUMNS FROM `lb_tokens` [ RunTime:0.0009s ]
SQL: SELECT `userType`,`user_id`,`updated_at` FROM `lb_tokens` WHERE `token` = 'aabe54ba20841ed530ce2d14823b8542'  [ RunTime:0.0002s ]
SQL: UPDATE `lb_tokens` SET `user_id`='39',`updated_at`='2015-04-27 12:06:37' WHERE `token` = 'aabe54ba20841ed530ce2d14823b8542' [ RunTime:0.0005s ]
SQL: SELECT `userType`,`user_id` FROM `lb_tokens` WHERE `token` = 'aabe54ba20841ed530ce2d14823b8542'  [ RunTime:0.0002s ]
SQL: SHOW COLUMNS FROM `lb_users` [ RunTime:0.0009s ]
SQL: SELECT `id`,`name`,`avatar` FROM `lb_users` WHERE `id` = 39  [ RunTime:0.0002s ]

[ 2015-04-27T12:06:58+08:00 ] ::1 /banar/Api/user/getMyProfile
INFO: [ app_init ] --START--
INFO: Run Behavior\BuildLiteBehavior [ RunTime:0.000053s ]
INFO: [ app_init ] --END-- [ RunTime:0.000837s ]
INFO: [ app_begin ] --START--
INFO: Run Behavior\ReadHtmlCacheBehavior [ RunTime:0.001550s ]
INFO: [ app_begin ] --END-- [ RunTime:0.001852s ]
SQL: SHOW COLUMNS FROM `lb_tokens` [ RunTime:0.0010s ]
SQL: SELECT `userType`,`user_id`,`updated_at` FROM `lb_tokens` WHERE `token` = 'aabe54ba20841ed530ce2d14823b8542'  [ RunTime:0.0003s ]
SQL: UPDATE `lb_tokens` SET `user_id`='39',`updated_at`='2015-04-27 12:06:58' WHERE `token` = 'aabe54ba20841ed530ce2d14823b8542' [ RunTime:0.0025s ]
SQL: SELECT `userType`,`user_id` FROM `lb_tokens` WHERE `token` = 'aabe54ba20841ed530ce2d14823b8542'  [ RunTime:0.0003s ]
SQL: SHOW COLUMNS FROM `lb_users` [ RunTime:0.0016s ]
SQL: SELECT `id`,`name`,`avatar` FROM `lb_users` WHERE `id` = 39  [ RunTime:0.0002s ]

[ 2015-04-27T12:07:07+08:00 ] ::1 /banar/Api/user/getMyProfile
INFO: [ app_init ] --START--
INFO: Run Behavior\BuildLiteBehavior [ RunTime:0.000075s ]
INFO: [ app_init ] --END-- [ RunTime:0.001163s ]
INFO: [ app_begin ] --START--
INFO: Run Behavior\ReadHtmlCacheBehavior [ RunTime:0.001304s ]
INFO: [ app_begin ] --END-- [ RunTime:0.001708s ]
SQL: SHOW COLUMNS FROM `lb_tokens` [ RunTime:0.0008s ]
SQL: SELECT `userType`,`user_id`,`updated_at` FROM `lb_tokens` WHERE `token` = 'aabe54ba20841ed530ce2d14823b8542'  [ RunTime:0.0003s ]
SQL: UPDATE `lb_tokens` SET `user_id`='39',`updated_at`='2015-04-27 12:07:07' WHERE `token` = 'aabe54ba20841ed530ce2d14823b8542' [ RunTime:0.0006s ]
SQL: SELECT `userType`,`user_id` FROM `lb_tokens` WHERE `token` = 'aabe54ba20841ed530ce2d14823b8542'  [ RunTime:0.0002s ]
SQL: SHOW COLUMNS FROM `lb_users` [ RunTime:0.0008s ]
SQL: SELECT `id`,`name`,`avatar` FROM `lb_users` WHERE `id` = 39  [ RunTime:0.0001s ]

[ 2015-04-27T12:07:14+08:00 ] ::1 /banar/Api/user/getMyProfile
INFO: [ app_init ] --START--
INFO: Run Behavior\BuildLiteBehavior [ RunTime:0.000055s ]
INFO: [ app_init ] --END-- [ RunTime:0.000651s ]
INFO: [ app_begin ] --START--
INFO: Run Behavior\ReadHtmlCacheBehavior [ RunTime:0.000774s ]
INFO: [ app_begin ] --END-- [ RunTime:0.000965s ]
SQL: SHOW COLUMNS FROM `lb_tokens` [ RunTime:0.0022s ]
SQL: SELECT `userType`,`user_id`,`updated_at` FROM `lb_tokens` WHERE `token` = 'aabe54ba20841ed530ce2d14823b8542'  [ RunTime:0.0005s ]
SQL: UPDATE `lb_tokens` SET `user_id`='39',`updated_at`='2015-04-27 12:07:14' WHERE `token` = 'aabe54ba20841ed530ce2d14823b8542' [ RunTime:0.0007s ]
SQL: SELECT `userType`,`user_id` FROM `lb_tokens` WHERE `token` = 'aabe54ba20841ed530ce2d14823b8542'  [ RunTime:0.0002s ]
SQL: SHOW COLUMNS FROM `lb_users` [ RunTime:0.0008s ]
SQL: SELECT `id`,`name`,`avatar` FROM `lb_users` WHERE `id` = 39  [ RunTime:0.0001s ]

[ 2015-04-27T12:10:08+08:00 ] ::1 /banar/Api/user/getMyProfile
INFO: [ app_init ] --START--
INFO: Run Behavior\BuildLiteBehavior [ RunTime:0.000064s ]
INFO: [ app_init ] --END-- [ RunTime:0.001153s ]
INFO: [ app_begin ] --START--
INFO: Run Behavior\ReadHtmlCacheBehavior [ RunTime:0.001145s ]
INFO: [ app_begin ] --END-- [ RunTime:0.001393s ]
SQL: SHOW COLUMNS FROM `lb_tokens` [ RunTime:0.0019s ]
SQL: SELECT `userType`,`user_id`,`updated_at` FROM `lb_tokens` WHERE `token` = 'f828632cedc6994840f59cff2d5c2396'  [ RunTime:0.0010s ]
SQL: UPDATE `lb_tokens` SET `user_id`='36',`updated_at`='2015-04-27 12:10:08' WHERE `token` = 'f828632cedc6994840f59cff2d5c2396' [ RunTime:0.0013s ]
SQL: SELECT `userType`,`user_id` FROM `lb_tokens` WHERE `token` = 'f828632cedc6994840f59cff2d5c2396'  [ RunTime:0.0004s ]
SQL: SHOW COLUMNS FROM `lb_users` [ RunTime:0.0023s ]
SQL: SELECT `id`,`name`,`avatar` FROM `lb_users` WHERE `id` = 36  [ RunTime:0.0014s ]

[ 2015-04-27T12:11:09+08:00 ] ::1 /banar/Api/cate/getAllCates
INFO: [ app_init ] --START--
INFO: Run Behavior\BuildLiteBehavior [ RunTime:0.000027s ]
INFO: [ app_init ] --END-- [ RunTime:0.000432s ]
INFO: [ app_begin ] --START--
INFO: Run Behavior\ReadHtmlCacheBehavior [ RunTime:0.001117s ]
INFO: [ app_begin ] --END-- [ RunTime:0.001503s ]
SQL: SHOW COLUMNS FROM `lb_cates` [ RunTime:0.0014s ]
SQL: SELECT `id`,`name` FROM `lb_cates` ORDER BY id asc  [ RunTime:0.0005s ]

[ 2015-04-27T12:13:30+08:00 ] ::1 /banar/Api/user/getMyProfile
INFO: [ app_init ] --START--
INFO: Run Behavior\BuildLiteBehavior [ RunTime:0.000028s ]
INFO: [ app_init ] --END-- [ RunTime:0.000427s ]
INFO: [ app_begin ] --START--
INFO: Run Behavior\ReadHtmlCacheBehavior [ RunTime:0.000498s ]
INFO: [ app_begin ] --END-- [ RunTime:0.000626s ]
SQL: SHOW COLUMNS FROM `lb_tokens` [ RunTime:0.0008s ]
SQL: SELECT `userType`,`user_id`,`updated_at` FROM `lb_tokens` WHERE `token` = 'f828632cedc6994840f59cff2d5c2396'  [ RunTime:0.0003s ]
SQL: UPDATE `lb_tokens` SET `user_id`='36',`updated_at`='2015-04-27 12:13:30' WHERE `token` = 'f828632cedc6994840f59cff2d5c2396' [ RunTime:0.0009s ]
SQL: SELECT `userType`,`user_id` FROM `lb_tokens` WHERE `token` = 'f828632cedc6994840f59cff2d5c2396'  [ RunTime:0.0004s ]
SQL: SHOW COLUMNS FROM `lb_users` [ RunTime:0.0020s ]
SQL: SELECT `id`,`name`,`avatar` FROM `lb_users` WHERE `id` = 36  [ RunTime:0.0008s ]

[ 2015-04-27T12:13:53+08:00 ] ::1 /banar/Api/transportOrder/takeoverByTransportDemandId
INFO: [ app_init ] --START--
INFO: Run Behavior\BuildLiteBehavior [ RunTime:0.000047s ]
INFO: [ app_init ] --END-- [ RunTime:0.001009s ]
INFO: [ app_begin ] --START--
INFO: Run Behavior\ReadHtmlCacheBehavior [ RunTime:0.000818s ]
INFO: [ app_begin ] --END-- [ RunTime:0.001034s ]
NOTIC: [8] Use of undefined constant ERROR - assumed 'ERROR' /Users/joy/www/banar/Application/Api/Controller/UserController.class.php 第 257 行.
SQL: SHOW COLUMNS FROM `lb_tokens` [ RunTime:0.0008s ]
SQL: SELECT `userType`,`user_id`,`updated_at` FROM `lb_tokens` WHERE `token` = 'dd57e58a208fc063f2d3c6e10a112242'  [ RunTime:0.0003s ]
NOTIC: [8] Undefined offset: 0 /Users/joy/www/banar/Application/Api/Controller/UserController.class.php 第 617 行.

[ 2015-04-27T12:14:46+08:00 ] ::1 /banar/Api/transportOrder/takeoverByTransportDemandId
INFO: [ app_init ] --START--
INFO: Run Behavior\BuildLiteBehavior [ RunTime:0.000046s ]
INFO: [ app_init ] --END-- [ RunTime:0.000664s ]
INFO: [ app_begin ] --START--
INFO: Run Behavior\ReadHtmlCacheBehavior [ RunTime:0.000525s ]
INFO: [ app_begin ] --END-- [ RunTime:0.000650s ]
NOTIC: [8] Use of undefined constant ERROR - assumed 'ERROR' /Users/joy/www/banar/Application/Api/Controller/UserController.class.php 第 257 行.
SQL: SHOW COLUMNS FROM `lb_tokens` [ RunTime:0.0010s ]
SQL: SELECT `userType`,`user_id`,`updated_at` FROM `lb_tokens` WHERE `token` = 'f828632cedc6994840f59cff2d5c2396'  [ RunTime:0.0007s ]
SQL: UPDATE `lb_tokens` SET `user_id`='36',`updated_at`='2015-04-27 12:14:46' WHERE `token` = 'f828632cedc6994840f59cff2d5c2396' [ RunTime:0.0007s ]
SQL: SHOW COLUMNS FROM `lb_drivers` [ RunTime:0.0020s ]
SQL: SELECT `id` FROM `lb_drivers` WHERE ( user_id=36 )  [ RunTime:0.0002s ]
SQL: SELECT `isFree` FROM `lb_drivers` WHERE ( user_id=36 )  [ RunTime:0.0001s ]
NOTIC: [8] Use of undefined constant ERROR - assumed 'ERROR' /Users/joy/www/banar/Application/Api/Controller/UserController.class.php 第 330 行.

[ 2015-04-27T12:15:03+08:00 ] ::1 /banar/Api/transportOrder/takeoverByTransportDemandId
INFO: [ app_init ] --START--
INFO: Run Behavior\BuildLiteBehavior [ RunTime:0.000026s ]
INFO: [ app_init ] --END-- [ RunTime:0.000405s ]
INFO: [ app_begin ] --START--
INFO: Run Behavior\ReadHtmlCacheBehavior [ RunTime:0.000758s ]
INFO: [ app_begin ] --END-- [ RunTime:0.000954s ]
NOTIC: [8] Use of undefined constant ERROR - assumed 'ERROR' /Users/joy/www/banar/Application/Api/Controller/UserController.class.php 第 257 行.
SQL: SHOW COLUMNS FROM `lb_tokens` [ RunTime:0.0008s ]
SQL: SELECT `userType`,`user_id`,`updated_at` FROM `lb_tokens` WHERE `token` = 'f828632cedc6994840f59cff2d5c2396'  [ RunTime:0.0008s ]
SQL: UPDATE `lb_tokens` SET `user_id`='36',`updated_at`='2015-04-27 12:15:02' WHERE `token` = 'f828632cedc6994840f59cff2d5c2396' [ RunTime:0.0006s ]
SQL: SHOW COLUMNS FROM `lb_drivers` [ RunTime:0.0018s ]
SQL: SELECT `id` FROM `lb_drivers` WHERE ( user_id=36 )  [ RunTime:0.0002s ]
SQL: SELECT `isFree` FROM `lb_drivers` WHERE ( user_id=36 )  [ RunTime:0.0001s ]
SQL: SHOW COLUMNS FROM `lb_transport_demands` [ RunTime:0.0008s ]
SQL: SELECT `status` FROM `lb_transport_demands` WHERE `id` = 226  [ RunTime:0.0002s ]
SQL: SHOW COLUMNS FROM `lb_transport_orders` [ RunTime:0.0029s ]
SQL: UPDATE `lb_transport_demands` SET `status`='已确认' WHERE `id` = 226 [ RunTime:0.0012s ]
SQL: UPDATE `lb_drivers` SET `isFree`='0' WHERE `user_id` = 36 [ RunTime:0.0003s ]
SQL: INSERT INTO `lb_transport_orders` (`transportDemand_id`,`driver_id`,`status`,`created_at`,`updated_at`) VALUES ('226','33','未完成','2015-04-27 12:15:02','2015-04-27 12:15:02') [ RunTime:0.0010s ]
SQL: SELECT `merchant_id` FROM `lb_transport_demands` WHERE `id` = 226 LIMIT 1   [ RunTime:0.0006s ]
SQL: SHOW COLUMNS FROM `lb_merchants` [ RunTime:0.0009s ]
SQL: SELECT `user_id` FROM `lb_merchants` WHERE `id` = 8 LIMIT 1   [ RunTime:0.0009s ]
SQL: SHOW COLUMNS FROM `lb_j_push_users` [ RunTime:0.0015s ]
SQL: SELECT `registrationID` FROM `lb_j_push_users` WHERE `user_id` = 41 LIMIT 1   [ RunTime:0.0008s ]
SQL: SHOW COLUMNS FROM `lb_users` [ RunTime:0.0009s ]
SQL: SELECT `mobile` FROM `lb_users` WHERE `id` = 41  [ RunTime:0.0002s ]
NOTIC: [8] Use of undefined constant OK - assumed 'OK' /Users/joy/www/banar/Application/Api/Controller/UserController.class.php 第 308 行.
SQL: SELECT `name` FROM `lb_users` WHERE `id` = 41 LIMIT 1   [ RunTime:0.0002s ]

[ 2015-04-27T12:16:42+08:00 ] ::1 /banar/Api/transportOrder/takeoverByTransportDemandId
INFO: [ app_init ] --START--
INFO: Run Behavior\BuildLiteBehavior [ RunTime:0.000030s ]
INFO: [ app_init ] --END-- [ RunTime:0.000461s ]
INFO: [ app_begin ] --START--
INFO: Run Behavior\ReadHtmlCacheBehavior [ RunTime:0.000644s ]
INFO: [ app_begin ] --END-- [ RunTime:0.000777s ]
NOTIC: [8] Use of undefined constant ERROR - assumed 'ERROR' /Users/joy/www/banar/Application/Api/Controller/UserController.class.php 第 257 行.
SQL: SHOW COLUMNS FROM `lb_tokens` [ RunTime:0.0014s ]
SQL: SELECT `userType`,`user_id`,`updated_at` FROM `lb_tokens` WHERE `token` = 'f828632cedc6994840f59cff2d5c2396'  [ RunTime:0.0004s ]
SQL: UPDATE `lb_tokens` SET `user_id`='36',`updated_at`='2015-04-27 12:16:42' WHERE `token` = 'f828632cedc6994840f59cff2d5c2396' [ RunTime:0.0005s ]
SQL: SHOW COLUMNS FROM `lb_drivers` [ RunTime:0.0018s ]
SQL: SELECT `id` FROM `lb_drivers` WHERE ( user_id=36 )  [ RunTime:0.0002s ]
SQL: SELECT `isFree` FROM `lb_drivers` WHERE ( user_id=36 )  [ RunTime:0.0001s ]
NOTIC: [8] Use of undefined constant ERROR - assumed 'ERROR' /Users/joy/www/banar/Application/Api/Controller/UserController.class.php 第 330 行.

[ 2015-04-27T12:16:55+08:00 ] ::1 /banar/Api/transportOrder/takeoverByTransportDemandId
INFO: [ app_init ] --START--
INFO: Run Behavior\BuildLiteBehavior [ RunTime:0.000027s ]
INFO: [ app_init ] --END-- [ RunTime:0.000412s ]
INFO: [ app_begin ] --START--
INFO: Run Behavior\ReadHtmlCacheBehavior [ RunTime:0.000992s ]
INFO: [ app_begin ] --END-- [ RunTime:0.001306s ]
NOTIC: [8] Use of undefined constant ERROR - assumed 'ERROR' /Users/joy/www/banar/Application/Api/Controller/UserController.class.php 第 257 行.
SQL: SHOW COLUMNS FROM `lb_tokens` [ RunTime:0.0008s ]
SQL: SELECT `userType`,`user_id`,`updated_at` FROM `lb_tokens` WHERE `token` = 'f828632cedc6994840f59cff2d5c2396'  [ RunTime:0.0002s ]
SQL: UPDATE `lb_tokens` SET `user_id`='36',`updated_at`='2015-04-27 12:16:55' WHERE `token` = 'f828632cedc6994840f59cff2d5c2396' [ RunTime:0.0004s ]
SQL: SHOW COLUMNS FROM `lb_drivers` [ RunTime:0.0007s ]
SQL: SELECT `id` FROM `lb_drivers` WHERE ( user_id=36 )  [ RunTime:0.0002s ]
SQL: SELECT `isFree` FROM `lb_drivers` WHERE ( user_id=36 )  [ RunTime:0.0005s ]
SQL: SHOW COLUMNS FROM `lb_transport_demands` [ RunTime:0.0026s ]
SQL: SELECT `status` FROM `lb_transport_demands` WHERE `id` = 225  [ RunTime:0.0002s ]
SQL: SHOW COLUMNS FROM `lb_transport_orders` [ RunTime:0.0011s ]
SQL: UPDATE `lb_transport_demands` SET `status`='已确认' WHERE `id` = 225 [ RunTime:0.0002s ]
SQL: UPDATE `lb_drivers` SET `isFree`='0' WHERE `user_id` = 36 [ RunTime:0.0003s ]
SQL: INSERT INTO `lb_transport_orders` (`transportDemand_id`,`driver_id`,`status`,`created_at`,`updated_at`) VALUES ('225','33','未完成','2015-04-27 12:16:55','2015-04-27 12:16:55') [ RunTime:0.0003s ]
SQL: SELECT `merchant_id` FROM `lb_transport_demands` WHERE `id` = 225 LIMIT 1   [ RunTime:0.0004s ]
SQL: SHOW COLUMNS FROM `lb_merchants` [ RunTime:0.0014s ]
SQL: SELECT `user_id` FROM `lb_merchants` WHERE `id` = 8 LIMIT 1   [ RunTime:0.0002s ]
SQL: SHOW COLUMNS FROM `lb_j_push_users` [ RunTime:0.0017s ]
SQL: SELECT `registrationID` FROM `lb_j_push_users` WHERE `user_id` = 41 LIMIT 1   [ RunTime:0.0003s ]
SQL: SHOW COLUMNS FROM `lb_users` [ RunTime:0.0009s ]
SQL: SELECT `mobile` FROM `lb_users` WHERE `id` = 41  [ RunTime:0.0005s ]
NOTIC: [8] Use of undefined constant OK - assumed 'OK' /Users/joy/www/banar/Application/Api/Controller/UserController.class.php 第 308 行.
SQL: SELECT `name` FROM `lb_users` WHERE `id` = 41 LIMIT 1   [ RunTime:0.0003s ]

[ 2015-04-27T12:18:59+08:00 ] ::1 /banar/Api/transportOrder/takeoverByTransportDemandId
INFO: [ app_init ] --START--
INFO: Run Behavior\BuildLiteBehavior [ RunTime:0.000026s ]
INFO: [ app_init ] --END-- [ RunTime:0.000406s ]
INFO: [ app_begin ] --START--
INFO: Run Behavior\ReadHtmlCacheBehavior [ RunTime:0.001282s ]
INFO: [ app_begin ] --END-- [ RunTime:0.001581s ]
NOTIC: [8] Use of undefined constant ERROR - assumed 'ERROR' /Users/joy/www/banar/Application/Api/Controller/UserController.class.php 第 257 行.
SQL: SHOW COLUMNS FROM `lb_tokens` [ RunTime:0.0012s ]
SQL: SELECT `userType`,`user_id`,`updated_at` FROM `lb_tokens` WHERE `token` = 'f828632cedc6994840f59cff2d5c2396'  [ RunTime:0.0009s ]
SQL: UPDATE `lb_tokens` SET `user_id`='36',`updated_at`='2015-04-27 12:18:59' WHERE `token` = 'f828632cedc6994840f59cff2d5c2396' [ RunTime:0.0009s ]
SQL: SHOW COLUMNS FROM `lb_drivers` [ RunTime:0.0014s ]
SQL: SELECT `id` FROM `lb_drivers` WHERE ( user_id=36 )  [ RunTime:0.0002s ]
SQL: SELECT `isFree` FROM `lb_drivers` WHERE ( user_id=36 )  [ RunTime:0.0001s ]
NOTIC: [8] Use of undefined constant ERROR - assumed 'ERROR' /Users/joy/www/banar/Application/Api/Controller/UserController.class.php 第 331 行.

[ 2015-04-27T12:19:14+08:00 ] ::1 /banar/Api/transportOrder/takeoverByTransportDemandId
INFO: [ app_init ] --START--
INFO: Run Behavior\BuildLiteBehavior [ RunTime:0.000028s ]
INFO: [ app_init ] --END-- [ RunTime:0.000419s ]
INFO: [ app_begin ] --START--
INFO: Run Behavior\ReadHtmlCacheBehavior [ RunTime:0.001052s ]
INFO: [ app_begin ] --END-- [ RunTime:0.001254s ]
NOTIC: [8] Use of undefined constant ERROR - assumed 'ERROR' /Users/joy/www/banar/Application/Api/Controller/UserController.class.php 第 257 行.
SQL: SHOW COLUMNS FROM `lb_tokens` [ RunTime:0.0018s ]
SQL: SELECT `userType`,`user_id`,`updated_at` FROM `lb_tokens` WHERE `token` = 'f828632cedc6994840f59cff2d5c2396'  [ RunTime:0.0005s ]
SQL: UPDATE `lb_tokens` SET `user_id`='36',`updated_at`='2015-04-27 12:19:13' WHERE `token` = 'f828632cedc6994840f59cff2d5c2396' [ RunTime:0.0009s ]
SQL: SHOW COLUMNS FROM `lb_drivers` [ RunTime:0.0008s ]
SQL: SELECT `id` FROM `lb_drivers` WHERE ( user_id=36 )  [ RunTime:0.0006s ]
SQL: SELECT `isFree` FROM `lb_drivers` WHERE ( user_id=36 )  [ RunTime:0.0004s ]
SQL: SHOW COLUMNS FROM `lb_transport_demands` [ RunTime:0.0017s ]
SQL: SELECT `status` FROM `lb_transport_demands` WHERE `id` = 224  [ RunTime:0.0002s ]
SQL: SHOW COLUMNS FROM `lb_transport_orders` [ RunTime:0.0008s ]
SQL: UPDATE `lb_transport_demands` SET `status`='已确认' WHERE `id` = 224 [ RunTime:0.0002s ]
SQL: UPDATE `lb_drivers` SET `isFree`='0' WHERE `user_id` = 36 [ RunTime:0.0002s ]
SQL: INSERT INTO `lb_transport_orders` (`transportDemand_id`,`driver_id`,`status`,`created_at`,`updated_at`) VALUES ('224','33','未完成','2015-04-27 12:19:13','2015-04-27 12:19:13') [ RunTime:0.0002s ]
SQL: SELECT `merchant_id` FROM `lb_transport_demands` WHERE `id` = 224 LIMIT 1   [ RunTime:0.0001s ]
SQL: SHOW COLUMNS FROM `lb_merchants` [ RunTime:0.0008s ]
SQL: SELECT `user_id` FROM `lb_merchants` WHERE `id` = 8 LIMIT 1   [ RunTime:0.0001s ]
SQL: SHOW COLUMNS FROM `lb_j_push_users` [ RunTime:0.0009s ]
SQL: SELECT `registrationID` FROM `lb_j_push_users` WHERE `user_id` = 41 LIMIT 1   [ RunTime:0.0002s ]
SQL: SHOW COLUMNS FROM `lb_users` [ RunTime:0.0013s ]
SQL: SELECT `mobile` FROM `lb_users` WHERE `id` = 41  [ RunTime:0.0002s ]
NOTIC: [8] Use of undefined constant OK - assumed 'OK' /Users/joy/www/banar/Application/Api/Controller/UserController.class.php 第 308 行.
SQL: SELECT `name` FROM `lb_users` WHERE `id` = 41 LIMIT 1   [ RunTime:0.0002s ]

