[ 2015-04-15T16:38:13+08:00 ] ::1 /banar/Api/favorite/getMyFavorites
NOTIC: [2] mkdir(): File exists /Applications/MAMP/htdocs/banar/ThinkPHP/Library/Think/Build.class.php 第 110 行.
INFO: [ app_init ] --START--
INFO: Run Behavior\BuildLiteBehavior [ RunTime:0.000032s ]
INFO: [ app_init ] --END-- [ RunTime:0.000176s ]
INFO: [ app_begin ] --START--
INFO: Run Behavior\ReadHtmlCacheBehavior [ RunTime:0.000899s ]
INFO: [ app_begin ] --END-- [ RunTime:0.001075s ]
ERR: 无法加载控制器:Favorite

[ 2015-04-15T16:39:16+08:00 ] ::1 /banar/Api/favorite/getMyFavorites
INFO: [ app_init ] --START--
INFO: Run Behavior\BuildLiteBehavior [ RunTime:0.000058s ]
INFO: [ app_init ] --END-- [ RunTime:0.000867s ]
INFO: [ app_begin ] --START--
INFO: Run Behavior\ReadHtmlCacheBehavior [ RunTime:0.000746s ]
INFO: [ app_begin ] --END-- [ RunTime:0.000928s ]
ERR: 无法加载控制器:Favorite

[ 2015-04-15T16:41:44+08:00 ] ::1 /banar/Api/favorite/getMyFavorites
INFO: [ app_init ] --START--
INFO: Run Behavior\BuildLiteBehavior [ RunTime:0.000038s ]
INFO: [ app_init ] --END-- [ RunTime:0.000588s ]
INFO: [ app_begin ] --START--
INFO: Run Behavior\ReadHtmlCacheBehavior [ RunTime:0.000711s ]
INFO: [ app_begin ] --END-- [ RunTime:0.000953s ]
SQL: SHOW COLUMNS FROM `lb_tokens` [ RunTime:0.0013s ]
SQL: SELECT `userType`,`user_id` FROM `lb_tokens` WHERE `token` = 'o6rIp8M4E3g5PHWUk3bb9EaV9YCkE6Zi'  [ RunTime:0.0003s ]
SQL: SHOW COLUMNS FROM `lb_merchant_favorites` [ RunTime:0.0008s ]
NOTIC: [8] Use of undefined constant user_id - assumed 'user_id' /Applications/MAMP/htdocs/banar/Application/Api/Controller/FavoriteController.class.php 第 26 行.
ERR: SQLSTATE[42S22]: Column not found: 1054 Unknown column 'name' in 'field list'

[ 2015-04-15T16:42:39+08:00 ] ::1 /banar/Api/favorite/getMyFavorites
INFO: [ app_init ] --START--
INFO: Run Behavior\BuildLiteBehavior [ RunTime:0.000042s ]
INFO: [ app_init ] --END-- [ RunTime:0.000833s ]
INFO: [ app_begin ] --START--
INFO: Run Behavior\ReadHtmlCacheBehavior [ RunTime:0.000661s ]
INFO: [ app_begin ] --END-- [ RunTime:0.000820s ]
SQL: SHOW COLUMNS FROM `lb_tokens` [ RunTime:0.0011s ]
SQL: SELECT `userType`,`user_id` FROM `lb_tokens` WHERE `token` = 'o6rIp8M4E3g5PHWUk3bb9EaV9YCkE6Zi'  [ RunTime:0.0003s ]
SQL: SHOW COLUMNS FROM `lb_merchant_favorites` [ RunTime:0.0010s ]
NOTIC: [8] Use of undefined constant user_id - assumed 'user_id' /Applications/MAMP/htdocs/banar/Application/Api/Controller/FavoriteController.class.php 第 26 行.
ERR: SQLSTATE[42S22]: Column not found: 1054 Unknown column 'name' in 'field list'

[ 2015-04-15T16:43:21+08:00 ] ::1 /banar/Api/favorite/getMyFavorites
INFO: [ app_init ] --START--
INFO: Run Behavior\BuildLiteBehavior [ RunTime:0.000083s ]
INFO: [ app_init ] --END-- [ RunTime:0.000619s ]
INFO: [ app_begin ] --START--
INFO: Run Behavior\ReadHtmlCacheBehavior [ RunTime:0.001008s ]
INFO: [ app_begin ] --END-- [ RunTime:0.001307s ]
SQL: SHOW COLUMNS FROM `lb_tokens` [ RunTime:0.0014s ]
SQL: SELECT `userType`,`user_id` FROM `lb_tokens` WHERE `token` = 'o6rIp8M4E3g5PHWUk3bb9EaV9YCkE6Zi'  [ RunTime:0.0003s ]
SQL: SHOW COLUMNS FROM `lb_merchant_favorites` [ RunTime:0.0010s ]
NOTIC: [8] Use of undefined constant user_id - assumed 'user_id' /Applications/MAMP/htdocs/banar/Application/Api/Controller/FavoriteController.class.php 第 26 行.
SQL: SELECT `id`,`merchant_id`,`driver_id` FROM `lb_merchant_favorites` WHERE `merchant_id` = 1  [ RunTime:0.0003s ]

[ 2015-04-15T16:48:58+08:00 ] ::1 /banar/Api/favorite/deleteFavoriteById
INFO: [ app_init ] --START--
INFO: Run Behavior\BuildLiteBehavior [ RunTime:0.000059s ]
INFO: [ app_init ] --END-- [ RunTime:0.000737s ]
INFO: [ app_begin ] --START--
INFO: Run Behavior\ReadHtmlCacheBehavior [ RunTime:0.000775s ]
INFO: [ app_begin ] --END-- [ RunTime:0.001019s ]
SQL: SHOW COLUMNS FROM `lb_tokens` [ RunTime:0.0011s ]
SQL: SELECT `userType`,`user_id` FROM `lb_tokens` WHERE `token` = 'o6rIp8M4E3g5PHWUk3bb9EaV9YCkE6Zi'  [ RunTime:0.0004s ]
SQL: SHOW COLUMNS FROM `lb_merchant_favorites` [ RunTime:0.0009s ]
SQL: DELETE FROM `lb_merchant_favorites` WHERE `merchant_id` = 1 AND `driver_id` = 0 [ RunTime:0.0002s ]
INFO: [ app_end ] --START--
INFO: Run Behavior\ShowPageTraceBehavior [ RunTime:0.000733s ]
INFO: [ app_end ] --END-- [ RunTime:0.000878s ]

[ 2015-04-15T16:49:48+08:00 ] ::1 /banar/Api/favorite/deleteFavoriteById
INFO: [ app_init ] --START--
INFO: Run Behavior\BuildLiteBehavior [ RunTime:0.000046s ]
INFO: [ app_init ] --END-- [ RunTime:0.000573s ]
INFO: [ app_begin ] --START--
INFO: Run Behavior\ReadHtmlCacheBehavior [ RunTime:0.000538s ]
INFO: [ app_begin ] --END-- [ RunTime:0.000672s ]
SQL: SHOW COLUMNS FROM `lb_tokens` [ RunTime:0.0014s ]
SQL: SELECT `userType`,`user_id` FROM `lb_tokens` WHERE `token` = 'o6rIp8M4E3g5PHWUk3bb9EaV9YCkE6Zi'  [ RunTime:0.0003s ]
SQL: SHOW COLUMNS FROM `lb_merchant_favorites` [ RunTime:0.0009s ]
SQL: DELETE FROM `lb_merchant_favorites` WHERE `merchant_id` = 1 AND `driver_id` = 0 [ RunTime:0.0002s ]
INFO: [ app_end ] --START--
INFO: Run Behavior\ShowPageTraceBehavior [ RunTime:0.000696s ]
INFO: [ app_end ] --END-- [ RunTime:0.000831s ]

[ 2015-04-15T16:49:50+08:00 ] ::1 /banar/Api/favorite/deleteFavoriteById
INFO: [ app_init ] --START--
INFO: Run Behavior\BuildLiteBehavior [ RunTime:0.000037s ]
INFO: [ app_init ] --END-- [ RunTime:0.000535s ]
INFO: [ app_begin ] --START--
INFO: Run Behavior\ReadHtmlCacheBehavior [ RunTime:0.000712s ]
INFO: [ app_begin ] --END-- [ RunTime:0.000892s ]
SQL: SHOW COLUMNS FROM `lb_tokens` [ RunTime:0.0010s ]
SQL: SELECT `userType`,`user_id` FROM `lb_tokens` WHERE `token` = 'o6rIp8M4E3g5PHWUk3bb9EaV9YCkE6Zi'  [ RunTime:0.0005s ]
SQL: SHOW COLUMNS FROM `lb_merchant_favorites` [ RunTime:0.0011s ]
SQL: DELETE FROM `lb_merchant_favorites` WHERE `merchant_id` = 1 AND `driver_id` = 0 [ RunTime:0.0002s ]
INFO: [ app_end ] --START--
INFO: Run Behavior\ShowPageTraceBehavior [ RunTime:0.000736s ]
INFO: [ app_end ] --END-- [ RunTime:0.000884s ]

[ 2015-04-15T16:50:04+08:00 ] ::1 /banar/Api/favorite/deleteFavoriteById
INFO: [ app_init ] --START--
INFO: Run Behavior\BuildLiteBehavior [ RunTime:0.000039s ]
INFO: [ app_init ] --END-- [ RunTime:0.000598s ]
INFO: [ app_begin ] --START--
INFO: Run Behavior\ReadHtmlCacheBehavior [ RunTime:0.000645s ]
INFO: [ app_begin ] --END-- [ RunTime:0.000815s ]
SQL: SHOW COLUMNS FROM `lb_tokens` [ RunTime:0.0014s ]
SQL: SELECT `userType`,`user_id` FROM `lb_tokens` WHERE `token` = 'o6rIp8M4E3g5PHWUk3bb9EaV9YCkE6Zi'  [ RunTime:0.0004s ]
SQL: SHOW COLUMNS FROM `lb_merchant_favorites` [ RunTime:0.0015s ]
SQL: DELETE FROM `lb_merchant_favorites` WHERE `merchant_id` = 1 AND `driver_id` = 0 [ RunTime:0.0002s ]
INFO: [ app_end ] --START--
INFO: Run Behavior\ShowPageTraceBehavior [ RunTime:0.000860s ]
INFO: [ app_end ] --END-- [ RunTime:0.001012s ]

[ 2015-04-15T16:50:05+08:00 ] ::1 /banar/Api/favorite/deleteFavoriteById
INFO: [ app_init ] --START--
INFO: Run Behavior\BuildLiteBehavior [ RunTime:0.000040s ]
INFO: [ app_init ] --END-- [ RunTime:0.000890s ]
INFO: [ app_begin ] --START--
INFO: Run Behavior\ReadHtmlCacheBehavior [ RunTime:0.000659s ]
INFO: [ app_begin ] --END-- [ RunTime:0.000830s ]
SQL: SHOW COLUMNS FROM `lb_tokens` [ RunTime:0.0014s ]
SQL: SELECT `userType`,`user_id` FROM `lb_tokens` WHERE `token` = 'o6rIp8M4E3g5PHWUk3bb9EaV9YCkE6Zi'  [ RunTime:0.0003s ]
SQL: SHOW COLUMNS FROM `lb_merchant_favorites` [ RunTime:0.0010s ]
SQL: DELETE FROM `lb_merchant_favorites` WHERE `merchant_id` = 1 AND `driver_id` = 0 [ RunTime:0.0002s ]
INFO: [ app_end ] --START--
INFO: Run Behavior\ShowPageTraceBehavior [ RunTime:0.000714s ]
INFO: [ app_end ] --END-- [ RunTime:0.000850s ]

[ 2015-04-15T16:50:47+08:00 ] ::1 /banar/Api/favorite/deleteFavoriteById
INFO: [ app_init ] --START--
INFO: Run Behavior\BuildLiteBehavior [ RunTime:0.000038s ]
INFO: [ app_init ] --END-- [ RunTime:0.000670s ]
INFO: [ app_begin ] --START--
INFO: Run Behavior\ReadHtmlCacheBehavior [ RunTime:0.000674s ]
INFO: [ app_begin ] --END-- [ RunTime:0.000851s ]
SQL: SHOW COLUMNS FROM `lb_tokens` [ RunTime:0.0014s ]
SQL: SELECT `userType`,`user_id` FROM `lb_tokens` WHERE `token` = 'o6rIp8M4E3g5PHWUk3bb9EaV9YCkE6Zi'  [ RunTime:0.0006s ]
SQL: SHOW COLUMNS FROM `lb_merchant_favorites` [ RunTime:0.0010s ]
SQL: DELETE FROM `lb_merchant_favorites` WHERE `merchant_id` = 1 AND `driver_id` = 0 [ RunTime:0.0002s ]
INFO: [ app_end ] --START--
INFO: Run Behavior\ShowPageTraceBehavior [ RunTime:0.000725s ]
INFO: [ app_end ] --END-- [ RunTime:0.000868s ]

[ 2015-04-15T16:51:25+08:00 ] ::1 /banar/Api/favorite/deleteFavoriteById
INFO: [ app_init ] --START--
INFO: Run Behavior\BuildLiteBehavior [ RunTime:0.000041s ]
INFO: [ app_init ] --END-- [ RunTime:0.000720s ]
INFO: [ app_begin ] --START--
INFO: Run Behavior\ReadHtmlCacheBehavior [ RunTime:0.000570s ]
INFO: [ app_begin ] --END-- [ RunTime:0.000716s ]
SQL: SHOW COLUMNS FROM `lb_tokens` [ RunTime:0.0012s ]
SQL: SELECT `userType`,`user_id` FROM `lb_tokens` WHERE `token` = 'o6rIp8M4E3g5PHWUk3bb9EaV9YCkE6Zi'  [ RunTime:0.0003s ]
SQL: SHOW COLUMNS FROM `lb_merchant_favorites` [ RunTime:0.0009s ]
SQL: DELETE FROM `lb_merchant_favorites` WHERE `merchant_id` = 1 AND `driver_id` = 0 [ RunTime:0.0002s ]
INFO: [ app_end ] --START--
INFO: Run Behavior\ShowPageTraceBehavior [ RunTime:0.000772s ]
INFO: [ app_end ] --END-- [ RunTime:0.000960s ]

[ 2015-04-15T16:52:53+08:00 ] ::1 /banar/Api/favorite/deleteFavoriteById
INFO: [ app_init ] --START--
INFO: Run Behavior\BuildLiteBehavior [ RunTime:0.000038s ]
INFO: [ app_init ] --END-- [ RunTime:0.000657s ]
INFO: [ app_begin ] --START--
INFO: Run Behavior\ReadHtmlCacheBehavior [ RunTime:0.000997s ]
INFO: [ app_begin ] --END-- [ RunTime:0.001234s ]
SQL: SHOW COLUMNS FROM `lb_tokens` [ RunTime:0.0015s ]
SQL: SELECT `userType`,`user_id` FROM `lb_tokens` WHERE `token` = 'o6rIp8M4E3g5PHWUk3bb9EaV9YCkE6Zi'  [ RunTime:0.0005s ]
SQL: SHOW COLUMNS FROM `lb_merchant_favorites` [ RunTime:0.0014s ]
SQL: DELETE FROM `lb_merchant_favorites` WHERE `merchant_id` = 1 AND `id` = 1 [ RunTime:0.0005s ]
INFO: [ app_end ] --START--
INFO: Run Behavior\ShowPageTraceBehavior [ RunTime:0.000806s ]
INFO: [ app_end ] --END-- [ RunTime:0.000996s ]

