<<<<<<< HEAD
[ 2015-04-20T22:02:31+08:00 ] ::1 /banar/Api/transportOrder/takeoverByTransportDemandId
INFO: [ app_init ] --START--
INFO: Run Behavior\BuildLiteBehavior [ RunTime:0.000062s ]
INFO: [ app_init ] --END-- [ RunTime:0.026769s ]
INFO: [ app_begin ] --START--
INFO: Run Behavior\ReadHtmlCacheBehavior [ RunTime:0.002619s ]
INFO: [ app_begin ] --END-- [ RunTime:0.002862s ]
NOTIC: [8] Use of undefined constant ERROR - assumed 'ERROR' X:\wamp\www\banar\Application\Api\Controller\UserController.class.php 第 246 行.
NOTIC: [8] Undefined index: content X:\wamp\www\banar\Application\Api\Controller\UserController.class.php 第 247 行.
SQL: SHOW COLUMNS FROM `lb_tokens` [ RunTime:0.1946s ]
SQL: SELECT `userType`,`user_id`,`updated_at` FROM `lb_tokens` WHERE `token` = ''  [ RunTime:0.0130s ]
NOTIC: [8] Undefined offset: 0 X:\wamp\www\banar\Application\Api\Controller\UserController.class.php 第 603 行.

[ 2015-04-20T22:04:00+08:00 ] ::1 /banar/Api/transportOrder/takeoverByTransportDemandId
INFO: [ app_init ] --START--
INFO: Run Behavior\BuildLiteBehavior [ RunTime:0.000028s ]
INFO: [ app_init ] --END-- [ RunTime:0.000818s ]
INFO: [ app_begin ] --START--
INFO: Run Behavior\ReadHtmlCacheBehavior [ RunTime:0.001665s ]
INFO: [ app_begin ] --END-- [ RunTime:0.001859s ]
NOTIC: [8] Use of undefined constant ERROR - assumed 'ERROR' X:\wamp\www\banar\Application\Api\Controller\UserController.class.php 第 246 行.
NOTIC: [8] Undefined index: content X:\wamp\www\banar\Application\Api\Controller\UserController.class.php 第 247 行.
SQL: SHOW COLUMNS FROM `lb_tokens` [ RunTime:0.0064s ]
SQL: SELECT `userType`,`user_id`,`updated_at` FROM `lb_tokens` WHERE `token` = '7IaJoaTUnDtNsjIW7AgDkYypZ3UYuN9I'  [ RunTime:0.0008s ]
SQL: DELETE FROM `lb_tokens` WHERE `token` = '7IaJoaTUnDtNsjIW7AgDkYypZ3UYuN9I' [ RunTime:0.0994s ]

[ 2015-04-20T22:04:15+08:00 ] ::1 /banar/Api/transportOrder/takeoverByTransportDemandId
INFO: [ app_init ] --START--
INFO: Run Behavior\BuildLiteBehavior [ RunTime:0.000051s ]
INFO: [ app_init ] --END-- [ RunTime:0.000879s ]
INFO: [ app_begin ] --START--
INFO: Run Behavior\ReadHtmlCacheBehavior [ RunTime:0.001689s ]
INFO: [ app_begin ] --END-- [ RunTime:0.001879s ]
NOTIC: [8] Use of undefined constant ERROR - assumed 'ERROR' X:\wamp\www\banar\Application\Api\Controller\UserController.class.php 第 246 行.
NOTIC: [8] Undefined index: content X:\wamp\www\banar\Application\Api\Controller\UserController.class.php 第 247 行.
SQL: SHOW COLUMNS FROM `lb_tokens` [ RunTime:0.0036s ]
SQL: SELECT `userType`,`user_id`,`updated_at` FROM `lb_tokens` WHERE `token` = '7IaJoaTUnDtNsjIW7AgDkYypZ3UYuN9I'  [ RunTime:0.0004s ]
NOTIC: [8] Undefined offset: 0 X:\wamp\www\banar\Application\Api\Controller\UserController.class.php 第 603 行.

[ 2015-04-20T22:04:33+08:00 ] ::1 /banar/Api/transportOrder/takeoverByTransportDemandId
INFO: [ app_init ] --START--
INFO: Run Behavior\BuildLiteBehavior [ RunTime:0.000036s ]
INFO: [ app_init ] --END-- [ RunTime:0.000829s ]
INFO: [ app_begin ] --START--
INFO: Run Behavior\ReadHtmlCacheBehavior [ RunTime:0.002641s ]
INFO: [ app_begin ] --END-- [ RunTime:0.002918s ]
NOTIC: [8] Use of undefined constant ERROR - assumed 'ERROR' X:\wamp\www\banar\Application\Api\Controller\UserController.class.php 第 246 行.
NOTIC: [8] Undefined index: content X:\wamp\www\banar\Application\Api\Controller\UserController.class.php 第 247 行.
SQL: SHOW COLUMNS FROM `lb_tokens` [ RunTime:0.0028s ]
SQL: SELECT `userType`,`user_id`,`updated_at` FROM `lb_tokens` WHERE `token` = '7IaJoaTUnDtNsjIW7AgDkYypZ3UYuN9I'  [ RunTime:0.0004s ]
NOTIC: [8] Undefined offset: 0 X:\wamp\www\banar\Application\Api\Controller\UserController.class.php 第 603 行.

[ 2015-04-20T22:05:39+08:00 ] ::1 /banar/Api/transportOrder/takeoverByTransportDemandId
INFO: [ app_init ] --START--
INFO: Run Behavior\BuildLiteBehavior [ RunTime:0.000043s ]
INFO: [ app_init ] --END-- [ RunTime:0.001182s ]
INFO: [ app_begin ] --START--
INFO: Run Behavior\ReadHtmlCacheBehavior [ RunTime:0.001828s ]
INFO: [ app_begin ] --END-- [ RunTime:0.002157s ]
NOTIC: [8] Use of undefined constant ERROR - assumed 'ERROR' X:\wamp\www\banar\Application\Api\Controller\UserController.class.php 第 246 行.
NOTIC: [8] Undefined index: content X:\wamp\www\banar\Application\Api\Controller\UserController.class.php 第 247 行.
SQL: SHOW COLUMNS FROM `lb_tokens` [ RunTime:0.0067s ]
SQL: SELECT `userType`,`user_id`,`updated_at` FROM `lb_tokens` WHERE `token` = '9cC2gsgXDcAnHjAsLChCvXzPFtUzO7hF'  [ RunTime:0.0010s ]
SQL: DELETE FROM `lb_tokens` WHERE `token` = '9cC2gsgXDcAnHjAsLChCvXzPFtUzO7hF' [ RunTime:0.0604s ]

[ 2015-04-20T22:05:51+08:00 ] ::1 /banar/Api/transportOrder/takeoverByTransportDemandId
INFO: [ app_init ] --START--
INFO: Run Behavior\BuildLiteBehavior [ RunTime:0.000053s ]
INFO: [ app_init ] --END-- [ RunTime:0.000866s ]
INFO: [ app_begin ] --START--
INFO: Run Behavior\ReadHtmlCacheBehavior [ RunTime:0.001342s ]
INFO: [ app_begin ] --END-- [ RunTime:0.001587s ]
NOTIC: [8] Use of undefined constant ERROR - assumed 'ERROR' X:\wamp\www\banar\Application\Api\Controller\UserController.class.php 第 246 行.
NOTIC: [8] Undefined index: content X:\wamp\www\banar\Application\Api\Controller\UserController.class.php 第 247 行.
SQL: SHOW COLUMNS FROM `lb_tokens` [ RunTime:0.0035s ]
SQL: SELECT `userType`,`user_id`,`updated_at` FROM `lb_tokens` WHERE `token` = '9cC2gsgXDcAnHjAsLChCvXzPFtUzO7hF'  [ RunTime:0.0009s ]
NOTIC: [8] Undefined offset: 0 X:\wamp\www\banar\Application\Api\Controller\UserController.class.php 第 603 行.

[ 2015-04-20T22:06:17+08:00 ] ::1 /banar/Api/transportOrder/takeoverByTransportDemandId
INFO: [ app_init ] --START--
INFO: Run Behavior\BuildLiteBehavior [ RunTime:0.000032s ]
INFO: [ app_init ] --END-- [ RunTime:0.000570s ]
INFO: [ app_begin ] --START--
INFO: Run Behavior\ReadHtmlCacheBehavior [ RunTime:0.000897s ]
INFO: [ app_begin ] --END-- [ RunTime:0.001041s ]
NOTIC: [8] Use of undefined constant ERROR - assumed 'ERROR' X:\wamp\www\banar\Application\Api\Controller\UserController.class.php 第 246 行.
NOTIC: [8] Undefined index: content X:\wamp\www\banar\Application\Api\Controller\UserController.class.php 第 247 行.
SQL: SHOW COLUMNS FROM `lb_tokens` [ RunTime:0.0083s ]
SQL: SELECT `userType`,`user_id`,`updated_at` FROM `lb_tokens` WHERE `token` = '9cC2gsgXDcAnHjAsLChCvXzPFtUzO7hF'  [ RunTime:0.0010s ]
NOTIC: [8] Undefined offset: 0 X:\wamp\www\banar\Application\Api\Controller\UserController.class.php 第 603 行.

[ 2015-04-20T22:06:46+08:00 ] ::1 /banar/Api/transportOrder/takeoverByTransportDemandId
INFO: [ app_init ] --START--
INFO: Run Behavior\BuildLiteBehavior [ RunTime:0.000026s ]
INFO: [ app_init ] --END-- [ RunTime:0.000520s ]
INFO: [ app_begin ] --START--
INFO: Run Behavior\ReadHtmlCacheBehavior [ RunTime:0.000922s ]
INFO: [ app_begin ] --END-- [ RunTime:0.001077s ]
NOTIC: [8] Use of undefined constant ERROR - assumed 'ERROR' X:\wamp\www\banar\Application\Api\Controller\UserController.class.php 第 246 行.
NOTIC: [8] Undefined index: content X:\wamp\www\banar\Application\Api\Controller\UserController.class.php 第 247 行.
SQL: SHOW COLUMNS FROM `lb_tokens` [ RunTime:0.0028s ]
SQL: SELECT `user_id`,`usertype` FROM `lb_tokens` WHERE `token` = '9cC2gsgXDcAnHjAsLChCvXzPFtUzO7hF'  [ RunTime:0.0004s ]
NOTIC: [8] Undefined offset: 0 X:\wamp\www\banar\Application\Api\Controller\UserController.class.php 第 257 行.
NOTIC: [8] Use of undefined constant NOT_LOGGED_IN - assumed 'NOT_LOGGED_IN' X:\wamp\www\banar\Application\Api\Controller\UserController.class.php 第 379 行.

[ 2015-04-20T22:13:35+08:00 ] ::1 /banar/Api/transportOrder/takeoverByTransportDemandId
INFO: [ app_init ] --START--
INFO: Run Behavior\BuildLiteBehavior [ RunTime:0.000038s ]
INFO: [ app_init ] --END-- [ RunTime:0.000752s ]
INFO: [ app_begin ] --START--
INFO: Run Behavior\ReadHtmlCacheBehavior [ RunTime:0.001219s ]
INFO: [ app_begin ] --END-- [ RunTime:0.001445s ]
NOTIC: [8] Use of undefined constant ERROR - assumed 'ERROR' X:\wamp\www\banar\Application\Api\Controller\UserController.class.php 第 246 行.
NOTIC: [8] Undefined index: content X:\wamp\www\banar\Application\Api\Controller\UserController.class.php 第 247 行.
SQL: SHOW COLUMNS FROM `lb_tokens` [ RunTime:0.0063s ]
SQL: SELECT `userType`,`user_id`,`updated_at` FROM `lb_tokens` WHERE `token` = '9cC2gsgXDcAnHjAsLChCvXzPFtUzO7hF'  [ RunTime:0.0008s ]
NOTIC: [8] Undefined offset: 0 X:\wamp\www\banar\Application\Api\Controller\UserController.class.php 第 603 行.

[ 2015-04-20T22:15:44+08:00 ] ::1 /banar/Api/transportOrder/takeoverByTransportDemandId
INFO: [ app_init ] --START--
INFO: Run Behavior\BuildLiteBehavior [ RunTime:0.000048s ]
INFO: [ app_init ] --END-- [ RunTime:0.000912s ]
INFO: [ app_begin ] --START--
INFO: Run Behavior\ReadHtmlCacheBehavior [ RunTime:0.001315s ]
INFO: [ app_begin ] --END-- [ RunTime:0.001535s ]
NOTIC: [8] Use of undefined constant ERROR - assumed 'ERROR' X:\wamp\www\banar\Application\Api\Controller\UserController.class.php 第 246 行.
NOTIC: [8] Undefined index: content X:\wamp\www\banar\Application\Api\Controller\UserController.class.php 第 247 行.
SQL: SHOW COLUMNS FROM `lb_tokens` [ RunTime:0.0062s ]
SQL: SELECT `userType`,`user_id`,`updated_at` FROM `lb_tokens` WHERE `token` = 'CvIZxgg2B6dnrCHhsfQNGQTg82SLLbgO'  [ RunTime:0.0008s ]
SQL: SELECT `user_id`,`usertype` FROM `lb_tokens` WHERE `token` = 'CvIZxgg2B6dnrCHhsfQNGQTg82SLLbgO'  [ RunTime:0.0008s ]
SQL: SHOW COLUMNS FROM `lb_drivers` [ RunTime:0.0071s ]
SQL: SELECT `id` FROM `lb_drivers` WHERE ( user_id=2 )  [ RunTime:0.0008s ]
SQL: SELECT `isFree` FROM `lb_drivers` WHERE ( user_id=2 )  [ RunTime:0.0006s ]
NOTIC: [8] Use of undefined constant ERROR - assumed 'ERROR' X:\wamp\www\banar\Application\Api\Controller\UserController.class.php 第 315 行.

[ 2015-04-20T22:17:25+08:00 ] ::1 /banar/Api/transportOrder/takeoverByTransportDemandId
INFO: [ app_init ] --START--
INFO: Run Behavior\BuildLiteBehavior [ RunTime:0.000101s ]
INFO: [ app_init ] --END-- [ RunTime:0.000927s ]
INFO: [ app_begin ] --START--
INFO: Run Behavior\ReadHtmlCacheBehavior [ RunTime:0.001343s ]
INFO: [ app_begin ] --END-- [ RunTime:0.001548s ]
NOTIC: [8] Use of undefined constant ERROR - assumed 'ERROR' X:\wamp\www\banar\Application\Api\Controller\UserController.class.php 第 246 行.
NOTIC: [8] Undefined index: content X:\wamp\www\banar\Application\Api\Controller\UserController.class.php 第 247 行.
SQL: SHOW COLUMNS FROM `lb_tokens` [ RunTime:0.0061s ]
SQL: SELECT `userType`,`user_id`,`updated_at` FROM `lb_tokens` WHERE `token` = 'CvIZxgg2B6dnrCHhsfQNGQTg82SLLbgO'  [ RunTime:0.0007s ]
SQL: SELECT `user_id`,`usertype` FROM `lb_tokens` WHERE `token` = 'CvIZxgg2B6dnrCHhsfQNGQTg82SLLbgO'  [ RunTime:0.0006s ]
SQL: SHOW COLUMNS FROM `lb_drivers` [ RunTime:0.0260s ]
SQL: SELECT `id` FROM `lb_drivers` WHERE ( user_id=2 )  [ RunTime:0.0007s ]
SQL: SELECT `isFree` FROM `lb_drivers` WHERE ( user_id=2 )  [ RunTime:0.0006s ]
SQL: SHOW COLUMNS FROM `lb_transport_demands` [ RunTime:0.0061s ]
SQL: SELECT `status` FROM `lb_transport_demands` WHERE `id` = 194  [ RunTime:0.0006s ]
SQL: SHOW COLUMNS FROM `lb_transport_orders` [ RunTime:0.0060s ]

[ 2015-04-20T22:17:51+08:00 ] ::1 /banar/Api/transportOrder/takeoverByTransportDemandId
INFO: [ app_init ] --START--
INFO: Run Behavior\BuildLiteBehavior [ RunTime:0.000050s ]
INFO: [ app_init ] --END-- [ RunTime:0.000990s ]
INFO: [ app_begin ] --START--
INFO: Run Behavior\ReadHtmlCacheBehavior [ RunTime:0.001368s ]
INFO: [ app_begin ] --END-- [ RunTime:0.001580s ]
NOTIC: [8] Use of undefined constant ERROR - assumed 'ERROR' X:\wamp\www\banar\Application\Api\Controller\UserController.class.php 第 246 行.
NOTIC: [8] Undefined index: content X:\wamp\www\banar\Application\Api\Controller\UserController.class.php 第 247 行.
SQL: SHOW COLUMNS FROM `lb_tokens` [ RunTime:0.0061s ]
SQL: SELECT `userType`,`user_id`,`updated_at` FROM `lb_tokens` WHERE `token` = 'CvIZxgg2B6dnrCHhsfQNGQTg82SLLbgO'  [ RunTime:0.0008s ]
SQL: SELECT `user_id`,`usertype` FROM `lb_tokens` WHERE `token` = 'CvIZxgg2B6dnrCHhsfQNGQTg82SLLbgO'  [ RunTime:0.0007s ]
SQL: SHOW COLUMNS FROM `lb_drivers` [ RunTime:0.0264s ]
SQL: SELECT `id` FROM `lb_drivers` WHERE ( user_id=2 )  [ RunTime:0.0007s ]
SQL: SELECT `isFree` FROM `lb_drivers` WHERE ( user_id=2 )  [ RunTime:0.0007s ]
SQL: SHOW COLUMNS FROM `lb_transport_demands` [ RunTime:0.0062s ]
SQL: SELECT `status` FROM `lb_transport_demands` WHERE `id` = 194  [ RunTime:0.0006s ]
SQL: SHOW COLUMNS FROM `lb_transport_orders` [ RunTime:0.0074s ]
SQL: UPDATE `lb_transport_demands` SET `status`='已确认' WHERE `id` = 194 [ RunTime:0.0514s ]
SQL: UPDATE `lb_drivers` SET `isFree`='0' WHERE `user_id` = 2 [ RunTime:0.0436s ]
SQL: INSERT INTO `lb_transport_orders` (`transportDemand_id`,`driver_id`,`status`,`created_at`,`updated_at`) VALUES ('194','1','未完成','2015-04-20 22:17:51','2015-04-20 22:17:51') [ RunTime:0.0868s ]
NOTIC: [8] Use of undefined constant OK - assumed 'OK' X:\wamp\www\banar\Application\Api\Controller\UserController.class.php 第 295 行.
SQL: SHOW COLUMNS FROM `lb_j_push_users` [ RunTime:0.0027s ]
SQL: SELECT `registrationID` FROM `lb_j_push_users` WHERE `user_id` = 2  [ RunTime:0.0004s ]
NOTIC: [8] Undefined index: registrationID X:\wamp\www\banar\Application\Api\Controller\UserController.class.php 第 300 行.

=======
[ 2015-04-20T13:39:19+08:00 ] ::1 /banar/api/user/getMyProfile
INFO: [ app_init ] --START--
INFO: Run Behavior\BuildLiteBehavior [ RunTime:0.000080s ]
INFO: [ app_init ] --END-- [ RunTime:0.002802s ]
INFO: [ app_begin ] --START--
INFO: Run Behavior\ReadHtmlCacheBehavior [ RunTime:0.001610s ]
INFO: [ app_begin ] --END-- [ RunTime:0.002019s ]
SQL: SHOW COLUMNS FROM `lb_tokens` [ RunTime:0.0037s ]
SQL: SELECT `userType`,`user_id`,`updated_at` FROM `lb_tokens` WHERE `token` = 'a3d713626f4381e2837f98bd2ef62279'  [ RunTime:0.0008s ]
SQL: SELECT `userType`,`user_id` FROM `lb_tokens` WHERE `token` = 'a3d713626f4381e2837f98bd2ef62279'  [ RunTime:0.0004s ]
SQL: SHOW COLUMNS FROM `lb_users` [ RunTime:0.0020s ]
SQL: SELECT `id`,`name`,`avatar` FROM `lb_users` WHERE `id` = 22  [ RunTime:0.0008s ]

>>>>>>> 8c45dc17702390543a4613ea753b0fa8c243b367
